{"C:\\ERP_SISTEMAS\\COMPRAR BEM\\src\\composables\\usePerfilUsuario.js": {"path":"C:\\ERP_SISTEMAS\\COMPRAR BEM\\src\\composables\\usePerfilUsuario.js","statementMap":{"0":{"start":{"line":13,"column":24},"end":{"line":13,"column":33}},"1":{"start":{"line":14,"column":28},"end":{"line":14,"column":35}},"2":{"start":{"line":15,"column":27},"end":{"line":15,"column":37}},"3":{"start":{"line":16,"column":21},"end":{"line":16,"column":30}},"4":{"start":{"line":25,"column":16},"end":{"line":27,"column":4}},"5":{"start":{"line":26,"column":4},"end":{"line":26,"column":82}},"6":{"start":{"line":32,"column":16},"end":{"line":34,"column":4}},"7":{"start":{"line":33,"column":4},"end":{"line":33,"column":82}},"8":{"start":{"line":39,"column":32},"end":{"line":41,"column":4}},"9":{"start":{"line":40,"column":4},"end":{"line":40,"column":99}},"10":{"start":{"line":46,"column":31},"end":{"line":48,"column":4}},"11":{"start":{"line":47,"column":4},"end":{"line":47,"column":98}},"12":{"start":{"line":53,"column":21},"end":{"line":56,"column":4}},"13":{"start":{"line":54,"column":4},"end":{"line":54,"column":57}},"14":{"start":{"line":54,"column":46},"end":{"line":54,"column":57}},"15":{"start":{"line":55,"column":4},"end":{"line":55,"column":83}},"16":{"start":{"line":61,"column":28},"end":{"line":63,"column":4}},"17":{"start":{"line":62,"column":4},"end":{"line":62,"column":22}},"18":{"start":{"line":68,"column":27},"end":{"line":71,"column":4}},"19":{"start":{"line":69,"column":4},"end":{"line":69,"column":58}},"20":{"start":{"line":69,"column":46},"end":{"line":69,"column":58}},"21":{"start":{"line":70,"column":4},"end":{"line":70,"column":84}},"22":{"start":{"line":76,"column":30},"end":{"line":79,"column":4}},"23":{"start":{"line":77,"column":4},"end":{"line":77,"column":55}},"24":{"start":{"line":77,"column":46},"end":{"line":77,"column":55}},"25":{"start":{"line":78,"column":4},"end":{"line":78,"column":82}},"26":{"start":{"line":88,"column":25},"end":{"line":107,"column":3}},"27":{"start":{"line":89,"column":4},"end":{"line":106,"column":5}},"28":{"start":{"line":90,"column":6},"end":{"line":90,"column":35}},"29":{"start":{"line":91,"column":6},"end":{"line":91,"column":29}},"30":{"start":{"line":93,"column":32},"end":{"line":96,"column":8}},"31":{"start":{"line":98,"column":6},"end":{"line":98,"column":34}},"32":{"start":{"line":99,"column":6},"end":{"line":99,"column":39}},"33":{"start":{"line":102,"column":6},"end":{"line":102,"column":54}},"34":{"start":{"line":103,"column":6},"end":{"line":103,"column":38}},"35":{"start":{"line":105,"column":6},"end":{"line":105,"column":36}},"36":{"start":{"line":112,"column":26},"end":{"line":119,"column":3}},"37":{"start":{"line":113,"column":4},"end":{"line":118,"column":5}},"38":{"start":{"line":114,"column":6},"end":{"line":114,"column":75}},"39":{"start":{"line":116,"column":6},"end":{"line":116,"column":55}},"40":{"start":{"line":117,"column":6},"end":{"line":117,"column":18}},"41":{"start":{"line":124,"column":26},"end":{"line":150,"column":3}},"42":{"start":{"line":126,"column":26},"end":{"line":126,"column":63}},"43":{"start":{"line":127,"column":4},"end":{"line":127,"column":49}},"44":{"start":{"line":127,"column":38},"end":{"line":127,"column":49}},"45":{"start":{"line":130,"column":4},"end":{"line":132,"column":5}},"46":{"start":{"line":131,"column":6},"end":{"line":131,"column":35}},"47":{"start":{"line":135,"column":4},"end":{"line":137,"column":5}},"48":{"start":{"line":136,"column":6},"end":{"line":136,"column":34}},"49":{"start":{"line":140,"column":4},"end":{"line":142,"column":5}},"50":{"start":{"line":141,"column":6},"end":{"line":141,"column":76}},"51":{"start":{"line":145,"column":4},"end":{"line":147,"column":5}},"52":{"start":{"line":146,"column":6},"end":{"line":146,"column":70}},"53":{"start":{"line":149,"column":4},"end":{"line":149,"column":16}},"54":{"start":{"line":155,"column":31},"end":{"line":157,"column":3}},"55":{"start":{"line":156,"column":4},"end":{"line":156,"column":46}},"56":{"start":{"line":159,"column":29},"end":{"line":161,"column":3}},"57":{"start":{"line":160,"column":4},"end":{"line":160,"column":54}},"58":{"start":{"line":163,"column":34},"end":{"line":166,"column":3}},"59":{"start":{"line":164,"column":4},"end":{"line":165,"column":56}},"60":{"start":{"line":168,"column":30},"end":{"line":170,"column":3}},"61":{"start":{"line":169,"column":4},"end":{"line":169,"column":55}},"62":{"start":{"line":172,"column":24},"end":{"line":174,"column":3}},"63":{"start":{"line":173,"column":4},"end":{"line":173,"column":58}},"64":{"start":{"line":176,"column":36},"end":{"line":178,"column":3}},"65":{"start":{"line":177,"column":4},"end":{"line":177,"column":63}},"66":{"start":{"line":183,"column":25},"end":{"line":221,"column":3}},"67":{"start":{"line":184,"column":22},"end":{"line":184,"column":24}},"68":{"start":{"line":187,"column":4},"end":{"line":197,"column":5}},"69":{"start":{"line":188,"column":6},"end":{"line":196,"column":7}},"70":{"start":{"line":200,"column":4},"end":{"line":204,"column":5}},"71":{"start":{"line":201,"column":6},"end":{"line":203,"column":7}},"72":{"start":{"line":207,"column":4},"end":{"line":211,"column":5}},"73":{"start":{"line":208,"column":6},"end":{"line":210,"column":7}},"74":{"start":{"line":214,"column":4},"end":{"line":218,"column":5}},"75":{"start":{"line":215,"column":6},"end":{"line":217,"column":7}},"76":{"start":{"line":220,"column":4},"end":{"line":220,"column":20}},"77":{"start":{"line":226,"column":34},"end":{"line":233,"column":3}},"78":{"start":{"line":227,"column":4},"end":{"line":227,"column":49}},"79":{"start":{"line":227,"column":30},"end":{"line":227,"column":49}},"80":{"start":{"line":229,"column":17},"end":{"line":229,"column":69}},"81":{"start":{"line":230,"column":19},"end":{"line":230,"column":54}},"82":{"start":{"line":232,"column":4},"end":{"line":232,"column":62}},"83":{"start":{"line":239,"column":2},"end":{"line":241,"column":4}},"84":{"start":{"line":240,"column":4},"end":{"line":240,"column":20}},"85":{"start":{"line":247,"column":2},"end":{"line":280,"column":3}}},"fnMap":{"0":{"name":"usePerfilUsuario","decl":{"start":{"line":8,"column":16},"end":{"line":8,"column":32}},"loc":{"start":{"line":8,"column":35},"end":{"line":281,"column":1}},"line":8},"1":{"name":"(anonymous_1)","decl":{"start":{"line":25,"column":25},"end":{"line":25,"column":26}},"loc":{"start":{"line":25,"column":31},"end":{"line":27,"column":3}},"line":25},"2":{"name":"(anonymous_2)","decl":{"start":{"line":32,"column":25},"end":{"line":32,"column":26}},"loc":{"start":{"line":32,"column":31},"end":{"line":34,"column":3}},"line":32},"3":{"name":"(anonymous_3)","decl":{"start":{"line":39,"column":41},"end":{"line":39,"column":42}},"loc":{"start":{"line":39,"column":47},"end":{"line":41,"column":3}},"line":39},"4":{"name":"(anonymous_4)","decl":{"start":{"line":46,"column":40},"end":{"line":46,"column":41}},"loc":{"start":{"line":46,"column":46},"end":{"line":48,"column":3}},"line":46},"5":{"name":"(anonymous_5)","decl":{"start":{"line":53,"column":30},"end":{"line":53,"column":31}},"loc":{"start":{"line":53,"column":36},"end":{"line":56,"column":3}},"line":53},"6":{"name":"(anonymous_6)","decl":{"start":{"line":61,"column":37},"end":{"line":61,"column":38}},"loc":{"start":{"line":61,"column":43},"end":{"line":63,"column":3}},"line":61},"7":{"name":"(anonymous_7)","decl":{"start":{"line":68,"column":36},"end":{"line":68,"column":37}},"loc":{"start":{"line":68,"column":42},"end":{"line":71,"column":3}},"line":68},"8":{"name":"(anonymous_8)","decl":{"start":{"line":76,"column":39},"end":{"line":76,"column":40}},"loc":{"start":{"line":76,"column":45},"end":{"line":79,"column":3}},"line":76},"9":{"name":"(anonymous_9)","decl":{"start":{"line":88,"column":25},"end":{"line":88,"column":26}},"loc":{"start":{"line":88,"column":37},"end":{"line":107,"column":3}},"line":88},"10":{"name":"(anonymous_10)","decl":{"start":{"line":112,"column":26},"end":{"line":112,"column":27}},"loc":{"start":{"line":112,"column":57},"end":{"line":119,"column":3}},"line":112},"11":{"name":"(anonymous_11)","decl":{"start":{"line":124,"column":26},"end":{"line":124,"column":27}},"loc":{"start":{"line":124,"column":36},"end":{"line":150,"column":3}},"line":124},"12":{"name":"(anonymous_12)","decl":{"start":{"line":155,"column":31},"end":{"line":155,"column":32}},"loc":{"start":{"line":155,"column":43},"end":{"line":157,"column":3}},"line":155},"13":{"name":"(anonymous_13)","decl":{"start":{"line":159,"column":29},"end":{"line":159,"column":30}},"loc":{"start":{"line":159,"column":41},"end":{"line":161,"column":3}},"line":159},"14":{"name":"(anonymous_14)","decl":{"start":{"line":163,"column":34},"end":{"line":163,"column":35}},"loc":{"start":{"line":163,"column":46},"end":{"line":166,"column":3}},"line":163},"15":{"name":"(anonymous_15)","decl":{"start":{"line":168,"column":30},"end":{"line":168,"column":31}},"loc":{"start":{"line":168,"column":42},"end":{"line":170,"column":3}},"line":168},"16":{"name":"(anonymous_16)","decl":{"start":{"line":172,"column":24},"end":{"line":172,"column":25}},"loc":{"start":{"line":172,"column":36},"end":{"line":174,"column":3}},"line":172},"17":{"name":"(anonymous_17)","decl":{"start":{"line":176,"column":36},"end":{"line":176,"column":37}},"loc":{"start":{"line":176,"column":48},"end":{"line":178,"column":3}},"line":176},"18":{"name":"(anonymous_18)","decl":{"start":{"line":183,"column":25},"end":{"line":183,"column":26}},"loc":{"start":{"line":183,"column":31},"end":{"line":221,"column":3}},"line":183},"19":{"name":"(anonymous_19)","decl":{"start":{"line":226,"column":34},"end":{"line":226,"column":35}},"loc":{"start":{"line":226,"column":40},"end":{"line":233,"column":3}},"line":226},"20":{"name":"(anonymous_20)","decl":{"start":{"line":239,"column":12},"end":{"line":239,"column":13}},"loc":{"start":{"line":239,"column":18},"end":{"line":241,"column":3}},"line":239}},"branchMap":{"0":{"loc":{"start":{"line":54,"column":4},"end":{"line":54,"column":57}},"type":"if","locations":[{"start":{"line":54,"column":4},"end":{"line":54,"column":57}},{"start":{},"end":{}}],"line":54},"1":{"loc":{"start":{"line":69,"column":4},"end":{"line":69,"column":58}},"type":"if","locations":[{"start":{"line":69,"column":4},"end":{"line":69,"column":58}},{"start":{},"end":{}}],"line":69},"2":{"loc":{"start":{"line":77,"column":4},"end":{"line":77,"column":55}},"type":"if","locations":[{"start":{"line":77,"column":4},"end":{"line":77,"column":55}},{"start":{},"end":{}}],"line":77},"3":{"loc":{"start":{"line":112,"column":41},"end":{"line":112,"column":52}},"type":"default-arg","locations":[{"start":{"line":112,"column":48},"end":{"line":112,"column":52}}],"line":112},"4":{"loc":{"start":{"line":127,"column":4},"end":{"line":127,"column":49}},"type":"if","locations":[{"start":{"line":127,"column":4},"end":{"line":127,"column":49}},{"start":{},"end":{}}],"line":127},"5":{"loc":{"start":{"line":130,"column":4},"end":{"line":132,"column":5}},"type":"if","locations":[{"start":{"line":130,"column":4},"end":{"line":132,"column":5}},{"start":{},"end":{}}],"line":130},"6":{"loc":{"start":{"line":135,"column":4},"end":{"line":137,"column":5}},"type":"if","locations":[{"start":{"line":135,"column":4},"end":{"line":137,"column":5}},{"start":{},"end":{}}],"line":135},"7":{"loc":{"start":{"line":140,"column":4},"end":{"line":142,"column":5}},"type":"if","locations":[{"start":{"line":140,"column":4},"end":{"line":142,"column":5}},{"start":{},"end":{}}],"line":140},"8":{"loc":{"start":{"line":141,"column":13},"end":{"line":141,"column":76}},"type":"binary-expr","locations":[{"start":{"line":141,"column":13},"end":{"line":141,"column":40}},{"start":{"line":141,"column":44},"end":{"line":141,"column":76}}],"line":141},"9":{"loc":{"start":{"line":145,"column":4},"end":{"line":147,"column":5}},"type":"if","locations":[{"start":{"line":145,"column":4},"end":{"line":147,"column":5}},{"start":{},"end":{}}],"line":145},"10":{"loc":{"start":{"line":146,"column":13},"end":{"line":146,"column":70}},"type":"binary-expr","locations":[{"start":{"line":146,"column":13},"end":{"line":146,"column":40}},{"start":{"line":146,"column":44},"end":{"line":146,"column":70}}],"line":146},"11":{"loc":{"start":{"line":164,"column":11},"end":{"line":165,"column":56}},"type":"binary-expr","locations":[{"start":{"line":164,"column":11},"end":{"line":164,"column":64}},{"start":{"line":165,"column":11},"end":{"line":165,"column":56}}],"line":164},"12":{"loc":{"start":{"line":187,"column":4},"end":{"line":197,"column":5}},"type":"if","locations":[{"start":{"line":187,"column":4},"end":{"line":197,"column":5}},{"start":{},"end":{}}],"line":187},"13":{"loc":{"start":{"line":200,"column":4},"end":{"line":204,"column":5}},"type":"if","locations":[{"start":{"line":200,"column":4},"end":{"line":204,"column":5}},{"start":{},"end":{}}],"line":200},"14":{"loc":{"start":{"line":207,"column":4},"end":{"line":211,"column":5}},"type":"if","locations":[{"start":{"line":207,"column":4},"end":{"line":211,"column":5}},{"start":{},"end":{}}],"line":207},"15":{"loc":{"start":{"line":214,"column":4},"end":{"line":218,"column":5}},"type":"if","locations":[{"start":{"line":214,"column":4},"end":{"line":218,"column":5}},{"start":{},"end":{}}],"line":214},"16":{"loc":{"start":{"line":227,"column":4},"end":{"line":227,"column":49}},"type":"if","locations":[{"start":{"line":227,"column":4},"end":{"line":227,"column":49}},{"start":{},"end":{}}],"line":227},"17":{"loc":{"start":{"line":229,"column":17},"end":{"line":229,"column":69}},"type":"binary-expr","locations":[{"start":{"line":229,"column":17},"end":{"line":229,"column":56}},{"start":{"line":229,"column":60},"end":{"line":229,"column":69}}],"line":229},"18":{"loc":{"start":{"line":230,"column":19},"end":{"line":230,"column":54}},"type":"binary-expr","locations":[{"start":{"line":230,"column":19},"end":{"line":230,"column":41}},{"start":{"line":230,"column":45},"end":{"line":230,"column":54}}],"line":230}},"s":{"0":0,"1":0,"2":0,"3":0,"4":0,"5":0,"6":0,"7":0,"8":0,"9":0,"10":0,"11":0,"12":0,"13":0,"14":0,"15":0,"16":0,"17":0,"18":0,"19":0,"20":0,"21":0,"22":0,"23":0,"24":0,"25":0,"26":0,"27":0,"28":0,"29":0,"30":0,"31":0,"32":0,"33":0,"34":0,"35":0,"36":0,"37":0,"38":0,"39":0,"40":0,"41":0,"42":0,"43":0,"44":0,"45":0,"46":0,"47":0,"48":0,"49":0,"50":0,"51":0,"52":0,"53":0,"54":0,"55":0,"56":0,"57":0,"58":0,"59":0,"60":0,"61":0,"62":0,"63":0,"64":0,"65":0,"66":0,"67":0,"68":0,"69":0,"70":0,"71":0,"72":0,"73":0,"74":0,"75":0,"76":0,"77":0,"78":0,"79":0,"80":0,"81":0,"82":0,"83":0,"84":0,"85":0},"f":{"0":0,"1":0,"2":0,"3":0,"4":0,"5":0,"6":0,"7":0,"8":0,"9":0,"10":0,"11":0,"12":0,"13":0,"14":0,"15":0,"16":0,"17":0,"18":0,"19":0,"20":0},"b":{"0":[0,0],"1":[0,0],"2":[0,0],"3":[0],"4":[0,0],"5":[0,0],"6":[0,0],"7":[0,0],"8":[0,0],"9":[0,0],"10":[0,0],"11":[0,0],"12":[0,0],"13":[0,0],"14":[0,0],"15":[0,0],"16":[0,0],"17":[0,0],"18":[0,0]}}
,"C:\\ERP_SISTEMAS\\COMPRAR BEM\\src\\config\\emailConfig.js": {"path":"C:\\ERP_SISTEMAS\\COMPRAR BEM\\src\\config\\emailConfig.js","statementMap":{"0":{"start":{"line":4,"column":33},"end":{"line":42,"column":1}},"1":{"start":{"line":45,"column":32},"end":{"line":57,"column":1}},"2":{"start":{"line":60,"column":28},"end":{"line":120,"column":1}},"3":{"start":{"line":124,"column":2},"end":{"line":124,"column":48}}},"fnMap":{"0":{"name":"atualizarConfigEmail","decl":{"start":{"line":123,"column":16},"end":{"line":123,"column":36}},"loc":{"start":{"line":123,"column":51},"end":{"line":125,"column":1}},"line":123}},"branchMap":{},"s":{"0":0,"1":0,"2":0,"3":0},"f":{"0":0},"b":{}}
,"C:\\ERP_SISTEMAS\\COMPRAR BEM\\src\\router\\index.js": {"path":"C:\\ERP_SISTEMAS\\COMPRAR BEM\\src\\router\\index.js","statementMap":{"0":{"start":{"line":20,"column":0},"end":{"line":20,"column":18}},"1":{"start":{"line":22,"column":15},"end":{"line":196,"column":1}},"2":{"start":{"line":103,"column":21},"end":{"line":103,"column":72}},"3":{"start":{"line":147,"column":21},"end":{"line":147,"column":62}},"4":{"start":{"line":153,"column":21},"end":{"line":153,"column":59}},"5":{"start":{"line":172,"column":21},"end":{"line":172,"column":73}},"6":{"start":{"line":179,"column":21},"end":{"line":179,"column":61}},"7":{"start":{"line":186,"column":21},"end":{"line":186,"column":62}},"8":{"start":{"line":193,"column":21},"end":{"line":193,"column":57}},"9":{"start":{"line":198,"column":15},"end":{"line":202,"column":2}},"10":{"start":{"line":205,"column":0},"end":{"line":297,"column":2}},"11":{"start":{"line":206,"column":23},"end":{"line":206,"column":74}},"12":{"start":{"line":206,"column":49},"end":{"line":206,"column":73}},"13":{"start":{"line":209,"column":2},"end":{"line":212,"column":3}},"14":{"start":{"line":210,"column":4},"end":{"line":210,"column":10}},"15":{"start":{"line":211,"column":4},"end":{"line":211,"column":10}},"16":{"start":{"line":214,"column":2},"end":{"line":296,"column":3}},"17":{"start":{"line":215,"column":21},"end":{"line":215,"column":53}},"18":{"start":{"line":216,"column":17},"end":{"line":216,"column":36}},"19":{"start":{"line":219,"column":4},"end":{"line":222,"column":5}},"20":{"start":{"line":220,"column":6},"end":{"line":220,"column":15}},"21":{"start":{"line":221,"column":6},"end":{"line":221,"column":12}},"22":{"start":{"line":225,"column":29},"end":{"line":225,"column":53}},"23":{"start":{"line":226,"column":27},"end":{"line":226,"column":49}},"24":{"start":{"line":228,"column":4},"end":{"line":286,"column":5}},"25":{"start":{"line":229,"column":6},"end":{"line":282,"column":7}},"26":{"start":{"line":231,"column":30},"end":{"line":231,"column":82}},"27":{"start":{"line":233,"column":8},"end":{"line":237,"column":9}},"28":{"start":{"line":234,"column":10},"end":{"line":234,"column":53}},"29":{"start":{"line":235,"column":10},"end":{"line":235,"column":32}},"30":{"start":{"line":236,"column":10},"end":{"line":236,"column":16}},"31":{"start":{"line":242,"column":8},"end":{"line":246,"column":9}},"32":{"start":{"line":243,"column":10},"end":{"line":243,"column":72}},"33":{"start":{"line":244,"column":10},"end":{"line":244,"column":22}},"34":{"start":{"line":245,"column":10},"end":{"line":245,"column":16}},"35":{"start":{"line":249,"column":8},"end":{"line":255,"column":9}},"36":{"start":{"line":252,"column":10},"end":{"line":252,"column":109}},"37":{"start":{"line":253,"column":10},"end":{"line":253,"column":44}},"38":{"start":{"line":254,"column":10},"end":{"line":254,"column":16}},"39":{"start":{"line":258,"column":8},"end":{"line":262,"column":9}},"40":{"start":{"line":259,"column":10},"end":{"line":259,"column":114}},"41":{"start":{"line":260,"column":10},"end":{"line":260,"column":32}},"42":{"start":{"line":261,"column":10},"end":{"line":261,"column":16}},"43":{"start":{"line":265,"column":8},"end":{"line":273,"column":9}},"44":{"start":{"line":266,"column":28},"end":{"line":266,"column":92}},"45":{"start":{"line":268,"column":10},"end":{"line":272,"column":11}},"46":{"start":{"line":269,"column":12},"end":{"line":269,"column":93}},"47":{"start":{"line":270,"column":12},"end":{"line":270,"column":34}},"48":{"start":{"line":271,"column":12},"end":{"line":271,"column":18}},"49":{"start":{"line":276,"column":8},"end":{"line":276,"column":14}},"50":{"start":{"line":279,"column":8},"end":{"line":279,"column":61}},"51":{"start":{"line":280,"column":8},"end":{"line":280,"column":30}},"52":{"start":{"line":281,"column":8},"end":{"line":281,"column":14}},"53":{"start":{"line":285,"column":6},"end":{"line":285,"column":12}},"54":{"start":{"line":289,"column":4},"end":{"line":289,"column":64}},"55":{"start":{"line":291,"column":4},"end":{"line":295,"column":5}},"56":{"start":{"line":292,"column":6},"end":{"line":292,"column":12}},"57":{"start":{"line":294,"column":6},"end":{"line":294,"column":15}}},"fnMap":{"0":{"name":"(anonymous_0)","decl":{"start":{"line":103,"column":15},"end":{"line":103,"column":16}},"loc":{"start":{"line":103,"column":21},"end":{"line":103,"column":72}},"line":103},"1":{"name":"(anonymous_1)","decl":{"start":{"line":147,"column":15},"end":{"line":147,"column":16}},"loc":{"start":{"line":147,"column":21},"end":{"line":147,"column":62}},"line":147},"2":{"name":"(anonymous_2)","decl":{"start":{"line":153,"column":15},"end":{"line":153,"column":16}},"loc":{"start":{"line":153,"column":21},"end":{"line":153,"column":59}},"line":153},"3":{"name":"(anonymous_3)","decl":{"start":{"line":172,"column":15},"end":{"line":172,"column":16}},"loc":{"start":{"line":172,"column":21},"end":{"line":172,"column":73}},"line":172},"4":{"name":"(anonymous_4)","decl":{"start":{"line":179,"column":15},"end":{"line":179,"column":16}},"loc":{"start":{"line":179,"column":21},"end":{"line":179,"column":61}},"line":179},"5":{"name":"(anonymous_5)","decl":{"start":{"line":186,"column":15},"end":{"line":186,"column":16}},"loc":{"start":{"line":186,"column":21},"end":{"line":186,"column":62}},"line":186},"6":{"name":"(anonymous_6)","decl":{"start":{"line":193,"column":15},"end":{"line":193,"column":16}},"loc":{"start":{"line":193,"column":21},"end":{"line":193,"column":57}},"line":193},"7":{"name":"(anonymous_7)","decl":{"start":{"line":205,"column":18},"end":{"line":205,"column":19}},"loc":{"start":{"line":205,"column":44},"end":{"line":297,"column":1}},"line":205},"8":{"name":"(anonymous_8)","decl":{"start":{"line":206,"column":39},"end":{"line":206,"column":40}},"loc":{"start":{"line":206,"column":49},"end":{"line":206,"column":73}},"line":206}},"branchMap":{"0":{"loc":{"start":{"line":199,"column":8},"end":{"line":199,"column":66}},"type":"cond-expr","locations":[{"start":{"line":199,"column":48},"end":{"line":199,"column":54}},{"start":{"line":199,"column":57},"end":{"line":199,"column":66}}],"line":199},"1":{"loc":{"start":{"line":209,"column":2},"end":{"line":212,"column":3}},"type":"if","locations":[{"start":{"line":209,"column":2},"end":{"line":212,"column":3}},{"start":{},"end":{}}],"line":209},"2":{"loc":{"start":{"line":219,"column":4},"end":{"line":222,"column":5}},"type":"if","locations":[{"start":{"line":219,"column":4},"end":{"line":222,"column":5}},{"start":{},"end":{}}],"line":219},"3":{"loc":{"start":{"line":219,"column":8},"end":{"line":219,"column":29}},"type":"binary-expr","locations":[{"start":{"line":219,"column":8},"end":{"line":219,"column":20}},{"start":{"line":219,"column":24},"end":{"line":219,"column":29}}],"line":219},"4":{"loc":{"start":{"line":228,"column":4},"end":{"line":286,"column":5}},"type":"if","locations":[{"start":{"line":228,"column":4},"end":{"line":286,"column":5}},{"start":{"line":283,"column":11},"end":{"line":286,"column":5}}],"line":228},"5":{"loc":{"start":{"line":228,"column":8},"end":{"line":228,"column":42}},"type":"binary-expr","locations":[{"start":{"line":228,"column":8},"end":{"line":228,"column":24}},{"start":{"line":228,"column":28},"end":{"line":228,"column":42}}],"line":228},"6":{"loc":{"start":{"line":233,"column":8},"end":{"line":237,"column":9}},"type":"if","locations":[{"start":{"line":233,"column":8},"end":{"line":237,"column":9}},{"start":{},"end":{}}],"line":233},"7":{"loc":{"start":{"line":242,"column":8},"end":{"line":246,"column":9}},"type":"if","locations":[{"start":{"line":242,"column":8},"end":{"line":246,"column":9}},{"start":{},"end":{}}],"line":242},"8":{"loc":{"start":{"line":242,"column":12},"end":{"line":242,"column":72}},"type":"binary-expr","locations":[{"start":{"line":242,"column":12},"end":{"line":242,"column":50}},{"start":{"line":242,"column":54},"end":{"line":242,"column":72}}],"line":242},"9":{"loc":{"start":{"line":249,"column":8},"end":{"line":255,"column":9}},"type":"if","locations":[{"start":{"line":249,"column":8},"end":{"line":255,"column":9}},{"start":{},"end":{}}],"line":249},"10":{"loc":{"start":{"line":249,"column":12},"end":{"line":251,"column":37}},"type":"binary-expr","locations":[{"start":{"line":249,"column":13},"end":{"line":249,"column":68}},{"start":{"line":250,"column":13},"end":{"line":250,"column":67}},{"start":{"line":251,"column":13},"end":{"line":251,"column":37}}],"line":249},"11":{"loc":{"start":{"line":258,"column":8},"end":{"line":262,"column":9}},"type":"if","locations":[{"start":{"line":258,"column":8},"end":{"line":262,"column":9}},{"start":{},"end":{}}],"line":258},"12":{"loc":{"start":{"line":258,"column":12},"end":{"line":258,"column":88}},"type":"binary-expr","locations":[{"start":{"line":258,"column":12},"end":{"line":258,"column":28}},{"start":{"line":258,"column":32},"end":{"line":258,"column":88}}],"line":258},"13":{"loc":{"start":{"line":265,"column":8},"end":{"line":273,"column":9}},"type":"if","locations":[{"start":{"line":265,"column":8},"end":{"line":273,"column":9}},{"start":{},"end":{}}],"line":265},"14":{"loc":{"start":{"line":268,"column":10},"end":{"line":272,"column":11}},"type":"if","locations":[{"start":{"line":268,"column":10},"end":{"line":272,"column":11}},{"start":{},"end":{}}],"line":268},"15":{"loc":{"start":{"line":291,"column":4},"end":{"line":295,"column":5}},"type":"if","locations":[{"start":{"line":291,"column":4},"end":{"line":295,"column":5}},{"start":{"line":293,"column":11},"end":{"line":295,"column":5}}],"line":291}},"s":{"0":0,"1":0,"2":0,"3":0,"4":0,"5":0,"6":0,"7":0,"8":0,"9":0,"10":0,"11":0,"12":0,"13":0,"14":0,"15":0,"16":0,"17":0,"18":0,"19":0,"20":0,"21":0,"22":0,"23":0,"24":0,"25":0,"26":0,"27":0,"28":0,"29":0,"30":0,"31":0,"32":0,"33":0,"34":0,"35":0,"36":0,"37":0,"38":0,"39":0,"40":0,"41":0,"42":0,"43":0,"44":0,"45":0,"46":0,"47":0,"48":0,"49":0,"50":0,"51":0,"52":0,"53":0,"54":0,"55":0,"56":0,"57":0},"f":{"0":0,"1":0,"2":0,"3":0,"4":0,"5":0,"6":0,"7":0,"8":0},"b":{"0":[0,0],"1":[0,0],"2":[0,0],"3":[0,0],"4":[0,0],"5":[0,0],"6":[0,0],"7":[0,0],"8":[0,0],"9":[0,0],"10":[0,0,0],"11":[0,0],"12":[0,0],"13":[0,0],"14":[0,0],"15":[0,0]}}
,"C:\\ERP_SISTEMAS\\COMPRAR BEM\\src\\services\\assinaturaDigital.js": {"path":"C:\\ERP_SISTEMAS\\COMPRAR BEM\\src\\services\\assinaturaDigital.js","statementMap":{"0":{"start":{"line":12,"column":4},"end":{"line":12,"column":32}},"1":{"start":{"line":13,"column":4},"end":{"line":13,"column":36}},"2":{"start":{"line":21,"column":4},"end":{"line":29,"column":5}},"3":{"start":{"line":23,"column":6},"end":{"line":23,"column":40}},"4":{"start":{"line":24,"column":6},"end":{"line":24,"column":37}},"5":{"start":{"line":25,"column":6},"end":{"line":25,"column":65}},"6":{"start":{"line":27,"column":6},"end":{"line":27,"column":71}},"7":{"start":{"line":28,"column":6},"end":{"line":28,"column":85}},"8":{"start":{"line":37,"column":4},"end":{"line":58,"column":6}},"9":{"start":{"line":48,"column":6},"end":{"line":57,"column":14}},"10":{"start":{"line":49,"column":8},"end":{"line":55,"column":9}},"11":{"start":{"line":56,"column":8},"end":{"line":56,"column":21}},"12":{"start":{"line":65,"column":4},"end":{"line":91,"column":5}},"13":{"start":{"line":66,"column":6},"end":{"line":68,"column":7}},"14":{"start":{"line":67,"column":8},"end":{"line":67,"column":32}},"15":{"start":{"line":71,"column":28},"end":{"line":71,"column":67}},"16":{"start":{"line":74,"column":25},"end":{"line":74,"column":62}},"17":{"start":{"line":77,"column":30},"end":{"line":83,"column":7}},"18":{"start":{"line":85,"column":6},"end":{"line":85,"column":60}},"19":{"start":{"line":86,"column":6},"end":{"line":86,"column":28}},"20":{"start":{"line":89,"column":6},"end":{"line":89,"column":52}},"21":{"start":{"line":90,"column":6},"end":{"line":90,"column":70}},"22":{"start":{"line":98,"column":24},"end":{"line":98,"column":72}},"23":{"start":{"line":99,"column":20},"end":{"line":99,"column":37}},"24":{"start":{"line":100,"column":17},"end":{"line":100,"column":44}},"25":{"start":{"line":101,"column":23},"end":{"line":101,"column":66}},"26":{"start":{"line":102,"column":22},"end":{"line":102,"column":60}},"27":{"start":{"line":103,"column":4},"end":{"line":103,"column":71}},"28":{"start":{"line":103,"column":30},"end":{"line":103,"column":61}},"29":{"start":{"line":113,"column":4},"end":{"line":119,"column":6}},"30":{"start":{"line":114,"column":6},"end":{"line":118,"column":14}},"31":{"start":{"line":116,"column":35},"end":{"line":116,"column":90}},"32":{"start":{"line":117,"column":8},"end":{"line":117,"column":35}},"33":{"start":{"line":126,"column":4},"end":{"line":159,"column":5}},"34":{"start":{"line":128,"column":30},"end":{"line":128,"column":75}},"35":{"start":{"line":131,"column":6},"end":{"line":136,"column":7}},"36":{"start":{"line":132,"column":8},"end":{"line":135,"column":9}},"37":{"start":{"line":139,"column":32},"end":{"line":139,"column":92}},"38":{"start":{"line":141,"column":6},"end":{"line":146,"column":7}},"39":{"start":{"line":142,"column":8},"end":{"line":145,"column":9}},"40":{"start":{"line":148,"column":6},"end":{"line":152,"column":7}},"41":{"start":{"line":155,"column":6},"end":{"line":158,"column":7}},"42":{"start":{"line":166,"column":17},"end":{"line":166,"column":27}},"43":{"start":{"line":167,"column":21},"end":{"line":167,"column":51}},"44":{"start":{"line":169,"column":4},"end":{"line":169,"column":26}},"45":{"start":{"line":176,"column":4},"end":{"line":176,"column":32}},"46":{"start":{"line":185,"column":4},"end":{"line":189,"column":5}},"47":{"start":{"line":194,"column":26},"end":{"line":194,"column":56}}},"fnMap":{"0":{"name":"(anonymous_0)","decl":{"start":{"line":11,"column":2},"end":{"line":11,"column":3}},"loc":{"start":{"line":11,"column":16},"end":{"line":14,"column":3}},"line":11},"1":{"name":"(anonymous_1)","decl":{"start":{"line":20,"column":2},"end":{"line":20,"column":3}},"loc":{"start":{"line":20,"column":22},"end":{"line":30,"column":3}},"line":20},"2":{"name":"(anonymous_2)","decl":{"start":{"line":35,"column":2},"end":{"line":35,"column":3}},"loc":{"start":{"line":35,"column":32},"end":{"line":59,"column":3}},"line":35},"3":{"name":"(anonymous_3)","decl":{"start":{"line":37,"column":23},"end":{"line":37,"column":24}},"loc":{"start":{"line":37,"column":44},"end":{"line":58,"column":5}},"line":37},"4":{"name":"(anonymous_4)","decl":{"start":{"line":48,"column":17},"end":{"line":48,"column":18}},"loc":{"start":{"line":48,"column":23},"end":{"line":57,"column":7}},"line":48},"5":{"name":"(anonymous_5)","decl":{"start":{"line":64,"column":2},"end":{"line":64,"column":3}},"loc":{"start":{"line":64,"column":29},"end":{"line":92,"column":3}},"line":64},"6":{"name":"(anonymous_6)","decl":{"start":{"line":97,"column":2},"end":{"line":97,"column":3}},"loc":{"start":{"line":97,"column":34},"end":{"line":104,"column":3}},"line":97},"7":{"name":"(anonymous_7)","decl":{"start":{"line":103,"column":25},"end":{"line":103,"column":26}},"loc":{"start":{"line":103,"column":30},"end":{"line":103,"column":61}},"line":103},"8":{"name":"(anonymous_8)","decl":{"start":{"line":109,"column":2},"end":{"line":109,"column":3}},"loc":{"start":{"line":109,"column":26},"end":{"line":120,"column":3}},"line":109},"9":{"name":"(anonymous_9)","decl":{"start":{"line":113,"column":23},"end":{"line":113,"column":24}},"loc":{"start":{"line":113,"column":36},"end":{"line":119,"column":5}},"line":113},"10":{"name":"(anonymous_10)","decl":{"start":{"line":114,"column":17},"end":{"line":114,"column":18}},"loc":{"start":{"line":114,"column":23},"end":{"line":118,"column":7}},"line":114},"11":{"name":"(anonymous_11)","decl":{"start":{"line":125,"column":2},"end":{"line":125,"column":3}},"loc":{"start":{"line":125,"column":61},"end":{"line":160,"column":3}},"line":125},"12":{"name":"(anonymous_12)","decl":{"start":{"line":165,"column":2},"end":{"line":165,"column":3}},"loc":{"start":{"line":165,"column":42},"end":{"line":170,"column":3}},"line":165},"13":{"name":"(anonymous_13)","decl":{"start":{"line":175,"column":2},"end":{"line":175,"column":3}},"loc":{"start":{"line":175,"column":23},"end":{"line":177,"column":3}},"line":175},"14":{"name":"(anonymous_14)","decl":{"start":{"line":182,"column":2},"end":{"line":182,"column":3}},"loc":{"start":{"line":182,"column":25},"end":{"line":190,"column":3}},"line":182}},"branchMap":{"0":{"loc":{"start":{"line":66,"column":6},"end":{"line":68,"column":7}},"type":"if","locations":[{"start":{"line":66,"column":6},"end":{"line":68,"column":7}},{"start":{},"end":{}}],"line":66},"1":{"loc":{"start":{"line":131,"column":6},"end":{"line":136,"column":7}},"type":"if","locations":[{"start":{"line":131,"column":6},"end":{"line":136,"column":7}},{"start":{},"end":{}}],"line":131},"2":{"loc":{"start":{"line":141,"column":6},"end":{"line":146,"column":7}},"type":"if","locations":[{"start":{"line":141,"column":6},"end":{"line":146,"column":7}},{"start":{},"end":{}}],"line":141}},"s":{"0":0,"1":0,"2":0,"3":0,"4":0,"5":0,"6":0,"7":0,"8":0,"9":0,"10":0,"11":0,"12":0,"13":0,"14":0,"15":0,"16":0,"17":0,"18":0,"19":0,"20":0,"21":0,"22":0,"23":0,"24":0,"25":0,"26":0,"27":0,"28":0,"29":0,"30":0,"31":0,"32":0,"33":0,"34":0,"35":0,"36":0,"37":0,"38":0,"39":0,"40":0,"41":0,"42":0,"43":0,"44":0,"45":0,"46":0,"47":0},"f":{"0":0,"1":0,"2":0,"3":0,"4":0,"5":0,"6":0,"7":0,"8":0,"9":0,"10":0,"11":0,"12":0,"13":0,"14":0},"b":{"0":[0,0],"1":[0,0],"2":[0,0]}}
,"C:\\ERP_SISTEMAS\\COMPRAR BEM\\src\\services\\cnpjService.js": {"path":"C:\\ERP_SISTEMAS\\COMPRAR BEM\\src\\services\\cnpjService.js","statementMap":{"0":{"start":{"line":2,"column":21},"end":{"line":2,"column":51}},"1":{"start":{"line":5,"column":2},"end":{"line":46,"column":3}},"2":{"start":{"line":7,"column":22},"end":{"line":7,"column":48}},"3":{"start":{"line":9,"column":4},"end":{"line":14,"column":5}},"4":{"start":{"line":10,"column":6},"end":{"line":13,"column":7}},"5":{"start":{"line":17,"column":21},"end":{"line":17,"column":64}},"6":{"start":{"line":19,"column":4},"end":{"line":27,"column":5}},"7":{"start":{"line":20,"column":6},"end":{"line":25,"column":7}},"8":{"start":{"line":21,"column":8},"end":{"line":24,"column":9}},"9":{"start":{"line":26,"column":6},"end":{"line":26,"column":47}},"10":{"start":{"line":29,"column":17},"end":{"line":29,"column":38}},"11":{"start":{"line":31,"column":4},"end":{"line":39,"column":5}},"12":{"start":{"line":41,"column":4},"end":{"line":41,"column":49}},"13":{"start":{"line":42,"column":4},"end":{"line":45,"column":5}}},"fnMap":{"0":{"name":"validarCNPJ","decl":{"start":{"line":4,"column":22},"end":{"line":4,"column":33}},"loc":{"start":{"line":4,"column":40},"end":{"line":47,"column":1}},"line":4}},"branchMap":{"0":{"loc":{"start":{"line":9,"column":4},"end":{"line":14,"column":5}},"type":"if","locations":[{"start":{"line":9,"column":4},"end":{"line":14,"column":5}},{"start":{},"end":{}}],"line":9},"1":{"loc":{"start":{"line":19,"column":4},"end":{"line":27,"column":5}},"type":"if","locations":[{"start":{"line":19,"column":4},"end":{"line":27,"column":5}},{"start":{},"end":{}}],"line":19},"2":{"loc":{"start":{"line":20,"column":6},"end":{"line":25,"column":7}},"type":"if","locations":[{"start":{"line":20,"column":6},"end":{"line":25,"column":7}},{"start":{},"end":{}}],"line":20},"3":{"loc":{"start":{"line":36,"column":22},"end":{"line":36,"column":63}},"type":"binary-expr","locations":[{"start":{"line":36,"column":22},"end":{"line":36,"column":57}},{"start":{"line":36,"column":61},"end":{"line":36,"column":63}}],"line":36},"4":{"loc":{"start":{"line":37,"column":18},"end":{"line":37,"column":64}},"type":"binary-expr","locations":[{"start":{"line":37,"column":18},"end":{"line":37,"column":58}},{"start":{"line":37,"column":62},"end":{"line":37,"column":64}}],"line":37}},"s":{"0":0,"1":0,"2":0,"3":0,"4":0,"5":0,"6":0,"7":0,"8":0,"9":0,"10":0,"11":0,"12":0,"13":0},"f":{"0":0},"b":{"0":[0,0],"1":[0,0],"2":[0,0],"3":[0,0],"4":[0,0]}}
,"C:\\ERP_SISTEMAS\\COMPRAR BEM\\src\\services\\documentosAdministrativos.js": {"path":"C:\\ERP_SISTEMAS\\COMPRAR BEM\\src\\services\\documentosAdministrativos.js","statementMap":{"0":{"start":{"line":5,"column":4},"end":{"line":57,"column":5}},"1":{"start":{"line":6,"column":23},"end":{"line":6,"column":42}},"2":{"start":{"line":7,"column":6},"end":{"line":9,"column":7}},"3":{"start":{"line":8,"column":8},"end":{"line":8,"column":64}},"4":{"start":{"line":11,"column":18},"end":{"line":31,"column":49}},"5":{"start":{"line":34,"column":6},"end":{"line":36,"column":7}},"6":{"start":{"line":35,"column":8},"end":{"line":35,"column":56}},"7":{"start":{"line":38,"column":6},"end":{"line":40,"column":7}},"8":{"start":{"line":39,"column":8},"end":{"line":39,"column":94}},"9":{"start":{"line":42,"column":6},"end":{"line":44,"column":7}},"10":{"start":{"line":43,"column":8},"end":{"line":43,"column":52}},"11":{"start":{"line":46,"column":30},"end":{"line":46,"column":41}},"12":{"start":{"line":48,"column":6},"end":{"line":51,"column":7}},"13":{"start":{"line":49,"column":8},"end":{"line":49,"column":58}},"14":{"start":{"line":50,"column":8},"end":{"line":50,"column":19}},"15":{"start":{"line":53,"column":6},"end":{"line":53,"column":23}},"16":{"start":{"line":55,"column":6},"end":{"line":55,"column":60}},"17":{"start":{"line":56,"column":6},"end":{"line":56,"column":17}},"18":{"start":{"line":61,"column":4},"end":{"line":83,"column":5}},"19":{"start":{"line":62,"column":23},"end":{"line":62,"column":42}},"20":{"start":{"line":63,"column":6},"end":{"line":65,"column":7}},"21":{"start":{"line":64,"column":8},"end":{"line":64,"column":64}},"22":{"start":{"line":67,"column":30},"end":{"line":72,"column":17}},"23":{"start":{"line":74,"column":6},"end":{"line":77,"column":7}},"24":{"start":{"line":75,"column":8},"end":{"line":75,"column":56}},"25":{"start":{"line":76,"column":8},"end":{"line":76,"column":19}},"26":{"start":{"line":79,"column":6},"end":{"line":79,"column":17}},"27":{"start":{"line":81,"column":6},"end":{"line":81,"column":60}},"28":{"start":{"line":82,"column":6},"end":{"line":82,"column":17}},"29":{"start":{"line":87,"column":4},"end":{"line":118,"column":5}},"30":{"start":{"line":88,"column":23},"end":{"line":88,"column":42}},"31":{"start":{"line":89,"column":36},"end":{"line":89,"column":68}},"32":{"start":{"line":90,"column":19},"end":{"line":90,"column":45}},"33":{"start":{"line":92,"column":6},"end":{"line":94,"column":7}},"34":{"start":{"line":93,"column":8},"end":{"line":93,"column":64}},"35":{"start":{"line":96,"column":24},"end":{"line":101,"column":7}},"36":{"start":{"line":103,"column":30},"end":{"line":107,"column":17}},"37":{"start":{"line":109,"column":6},"end":{"line":112,"column":7}},"38":{"start":{"line":110,"column":8},"end":{"line":110,"column":56}},"39":{"start":{"line":111,"column":8},"end":{"line":111,"column":19}},"40":{"start":{"line":114,"column":6},"end":{"line":114,"column":17}},"41":{"start":{"line":116,"column":6},"end":{"line":116,"column":60}},"42":{"start":{"line":117,"column":6},"end":{"line":117,"column":17}},"43":{"start":{"line":122,"column":4},"end":{"line":145,"column":5}},"44":{"start":{"line":123,"column":23},"end":{"line":123,"column":42}},"45":{"start":{"line":124,"column":6},"end":{"line":126,"column":7}},"46":{"start":{"line":125,"column":8},"end":{"line":125,"column":64}},"47":{"start":{"line":128,"column":30},"end":{"line":134,"column":17}},"48":{"start":{"line":136,"column":6},"end":{"line":139,"column":7}},"49":{"start":{"line":137,"column":8},"end":{"line":137,"column":60}},"50":{"start":{"line":138,"column":8},"end":{"line":138,"column":19}},"51":{"start":{"line":141,"column":6},"end":{"line":141,"column":17}},"52":{"start":{"line":143,"column":6},"end":{"line":143,"column":60}},"53":{"start":{"line":144,"column":6},"end":{"line":144,"column":17}},"54":{"start":{"line":149,"column":4},"end":{"line":173,"column":5}},"55":{"start":{"line":150,"column":23},"end":{"line":150,"column":42}},"56":{"start":{"line":151,"column":6},"end":{"line":153,"column":7}},"57":{"start":{"line":152,"column":8},"end":{"line":152,"column":64}},"58":{"start":{"line":156,"column":30},"end":{"line":162,"column":17}},"59":{"start":{"line":164,"column":6},"end":{"line":167,"column":7}},"60":{"start":{"line":165,"column":8},"end":{"line":165,"column":58}},"61":{"start":{"line":166,"column":8},"end":{"line":166,"column":19}},"62":{"start":{"line":169,"column":6},"end":{"line":169,"column":17}},"63":{"start":{"line":171,"column":6},"end":{"line":171,"column":60}},"64":{"start":{"line":172,"column":6},"end":{"line":172,"column":17}},"65":{"start":{"line":177,"column":4},"end":{"line":215,"column":5}},"66":{"start":{"line":178,"column":23},"end":{"line":178,"column":42}},"67":{"start":{"line":179,"column":6},"end":{"line":181,"column":7}},"68":{"start":{"line":180,"column":8},"end":{"line":180,"column":64}},"69":{"start":{"line":184,"column":24},"end":{"line":184,"column":34}},"70":{"start":{"line":185,"column":26},"end":{"line":185,"column":56}},"71":{"start":{"line":186,"column":29},"end":{"line":186,"column":66}},"72":{"start":{"line":188,"column":30},"end":{"line":193,"column":10}},"73":{"start":{"line":195,"column":6},"end":{"line":198,"column":7}},"74":{"start":{"line":196,"column":8},"end":{"line":196,"column":47}},"75":{"start":{"line":197,"column":8},"end":{"line":197,"column":19}},"76":{"start":{"line":201,"column":32},"end":{"line":203,"column":37}},"77":{"start":{"line":205,"column":6},"end":{"line":211,"column":7}},"78":{"start":{"line":213,"column":6},"end":{"line":213,"column":56}},"79":{"start":{"line":214,"column":6},"end":{"line":214,"column":17}},"80":{"start":{"line":219,"column":4},"end":{"line":242,"column":5}},"81":{"start":{"line":220,"column":6},"end":{"line":222,"column":7}},"82":{"start":{"line":221,"column":8},"end":{"line":221,"column":55}},"83":{"start":{"line":225,"column":6},"end":{"line":231,"column":7}},"84":{"start":{"line":226,"column":25},"end":{"line":226,"column":41}},"85":{"start":{"line":227,"column":8},"end":{"line":229,"column":9}},"86":{"start":{"line":228,"column":10},"end":{"line":228,"column":51}},"87":{"start":{"line":230,"column":8},"end":{"line":230,"column":30}},"88":{"start":{"line":234,"column":23},"end":{"line":234,"column":39}},"89":{"start":{"line":235,"column":6},"end":{"line":237,"column":7}},"90":{"start":{"line":236,"column":8},"end":{"line":236,"column":49}},"91":{"start":{"line":238,"column":6},"end":{"line":238,"column":28}},"92":{"start":{"line":240,"column":6},"end":{"line":240,"column":53}},"93":{"start":{"line":241,"column":6},"end":{"line":241,"column":17}},"94":{"start":{"line":246,"column":4},"end":{"line":293,"column":5}},"95":{"start":{"line":247,"column":23},"end":{"line":247,"column":42}},"96":{"start":{"line":248,"column":6},"end":{"line":250,"column":7}},"97":{"start":{"line":249,"column":8},"end":{"line":249,"column":64}},"98":{"start":{"line":252,"column":18},"end":{"line":256,"column":30}},"99":{"start":{"line":259,"column":6},"end":{"line":261,"column":7}},"100":{"start":{"line":260,"column":8},"end":{"line":260,"column":78}},"101":{"start":{"line":264,"column":6},"end":{"line":266,"column":7}},"102":{"start":{"line":265,"column":8},"end":{"line":265,"column":56}},"103":{"start":{"line":268,"column":6},"end":{"line":270,"column":7}},"104":{"start":{"line":269,"column":8},"end":{"line":269,"column":62}},"105":{"start":{"line":272,"column":6},"end":{"line":274,"column":7}},"106":{"start":{"line":273,"column":8},"end":{"line":273,"column":58}},"107":{"start":{"line":276,"column":6},"end":{"line":278,"column":7}},"108":{"start":{"line":277,"column":8},"end":{"line":277,"column":55}},"109":{"start":{"line":280,"column":6},"end":{"line":280,"column":60}},"110":{"start":{"line":282,"column":30},"end":{"line":282,"column":41}},"111":{"start":{"line":284,"column":6},"end":{"line":287,"column":7}},"112":{"start":{"line":285,"column":8},"end":{"line":285,"column":46}},"113":{"start":{"line":286,"column":8},"end":{"line":286,"column":19}},"114":{"start":{"line":289,"column":6},"end":{"line":289,"column":23}},"115":{"start":{"line":291,"column":6},"end":{"line":291,"column":55}},"116":{"start":{"line":292,"column":6},"end":{"line":292,"column":17}},"117":{"start":{"line":297,"column":4},"end":{"line":346,"column":5}},"118":{"start":{"line":298,"column":23},"end":{"line":298,"column":42}},"119":{"start":{"line":299,"column":6},"end":{"line":301,"column":7}},"120":{"start":{"line":300,"column":8},"end":{"line":300,"column":64}},"121":{"start":{"line":304,"column":65},"end":{"line":308,"column":30}},"122":{"start":{"line":310,"column":6},"end":{"line":312,"column":7}},"123":{"start":{"line":311,"column":8},"end":{"line":311,"column":28}},"124":{"start":{"line":315,"column":20},"end":{"line":315,"column":44}},"125":{"start":{"line":318,"column":37},"end":{"line":321,"column":12}},"126":{"start":{"line":319,"column":8},"end":{"line":319,"column":58}},"127":{"start":{"line":320,"column":8},"end":{"line":320,"column":18}},"128":{"start":{"line":324,"column":28},"end":{"line":324,"column":38}},"129":{"start":{"line":325,"column":6},"end":{"line":325,"column":56}},"130":{"start":{"line":327,"column":55},"end":{"line":332,"column":54}},"131":{"start":{"line":334,"column":6},"end":{"line":336,"column":7}},"132":{"start":{"line":335,"column":8},"end":{"line":335,"column":27}},"133":{"start":{"line":338,"column":6},"end":{"line":342,"column":7}},"134":{"start":{"line":344,"column":6},"end":{"line":344,"column":57}},"135":{"start":{"line":345,"column":6},"end":{"line":345,"column":17}},"136":{"start":{"line":351,"column":4},"end":{"line":351,"column":37}},"137":{"start":{"line":351,"column":21},"end":{"line":351,"column":37}},"138":{"start":{"line":353,"column":14},"end":{"line":353,"column":18}},"139":{"start":{"line":354,"column":18},"end":{"line":354,"column":45}},"140":{"start":{"line":355,"column":14},"end":{"line":355,"column":55}},"141":{"start":{"line":357,"column":4},"end":{"line":357,"column":75}},"142":{"start":{"line":361,"column":19},"end":{"line":367,"column":5}},"143":{"start":{"line":368,"column":4},"end":{"line":368,"column":36}},"144":{"start":{"line":372,"column":18},"end":{"line":378,"column":5}},"145":{"start":{"line":379,"column":4},"end":{"line":379,"column":40}},"146":{"start":{"line":383,"column":28},"end":{"line":390,"column":5}},"147":{"start":{"line":392,"column":26},"end":{"line":392,"column":42}},"148":{"start":{"line":394,"column":4},"end":{"line":396,"column":5}},"149":{"start":{"line":395,"column":6},"end":{"line":395,"column":93}},"150":{"start":{"line":398,"column":4},"end":{"line":400,"column":5}},"151":{"start":{"line":399,"column":6},"end":{"line":399,"column":68}},"152":{"start":{"line":402,"column":4},"end":{"line":402,"column":15}}},"fnMap":{"0":{"name":"(anonymous_0)","decl":{"start":{"line":4,"column":2},"end":{"line":4,"column":3}},"loc":{"start":{"line":4,"column":46},"end":{"line":58,"column":3}},"line":4},"1":{"name":"(anonymous_1)","decl":{"start":{"line":60,"column":2},"end":{"line":60,"column":3}},"loc":{"start":{"line":60,"column":34},"end":{"line":84,"column":3}},"line":60},"2":{"name":"(anonymous_2)","decl":{"start":{"line":86,"column":2},"end":{"line":86,"column":3}},"loc":{"start":{"line":86,"column":45},"end":{"line":119,"column":3}},"line":86},"3":{"name":"(anonymous_3)","decl":{"start":{"line":121,"column":2},"end":{"line":121,"column":3}},"loc":{"start":{"line":121,"column":47},"end":{"line":146,"column":3}},"line":121},"4":{"name":"(anonymous_4)","decl":{"start":{"line":148,"column":2},"end":{"line":148,"column":3}},"loc":{"start":{"line":148,"column":36},"end":{"line":174,"column":3}},"line":148},"5":{"name":"(anonymous_5)","decl":{"start":{"line":176,"column":2},"end":{"line":176,"column":3}},"loc":{"start":{"line":176,"column":60},"end":{"line":216,"column":3}},"line":176},"6":{"name":"(anonymous_6)","decl":{"start":{"line":218,"column":2},"end":{"line":218,"column":3}},"loc":{"start":{"line":218,"column":34},"end":{"line":243,"column":3}},"line":218},"7":{"name":"(anonymous_7)","decl":{"start":{"line":245,"column":2},"end":{"line":245,"column":3}},"loc":{"start":{"line":245,"column":53},"end":{"line":294,"column":3}},"line":245},"8":{"name":"(anonymous_8)","decl":{"start":{"line":296,"column":2},"end":{"line":296,"column":3}},"loc":{"start":{"line":296,"column":35},"end":{"line":347,"column":3}},"line":296},"9":{"name":"(anonymous_9)","decl":{"start":{"line":318,"column":62},"end":{"line":318,"column":63}},"loc":{"start":{"line":318,"column":76},"end":{"line":321,"column":7}},"line":318},"10":{"name":"(anonymous_10)","decl":{"start":{"line":350,"column":2},"end":{"line":350,"column":3}},"loc":{"start":{"line":350,"column":39},"end":{"line":358,"column":3}},"line":350},"11":{"name":"(anonymous_11)","decl":{"start":{"line":360,"column":2},"end":{"line":360,"column":3}},"loc":{"start":{"line":360,"column":40},"end":{"line":369,"column":3}},"line":360},"12":{"name":"(anonymous_12)","decl":{"start":{"line":371,"column":2},"end":{"line":371,"column":3}},"loc":{"start":{"line":371,"column":39},"end":{"line":380,"column":3}},"line":371},"13":{"name":"(anonymous_13)","decl":{"start":{"line":382,"column":2},"end":{"line":382,"column":3}},"loc":{"start":{"line":382,"column":33},"end":{"line":403,"column":3}},"line":382}},"branchMap":{"0":{"loc":{"start":{"line":4,"column":32},"end":{"line":4,"column":44}},"type":"default-arg","locations":[{"start":{"line":4,"column":42},"end":{"line":4,"column":44}}],"line":4},"1":{"loc":{"start":{"line":7,"column":6},"end":{"line":9,"column":7}},"type":"if","locations":[{"start":{"line":7,"column":6},"end":{"line":9,"column":7}},{"start":{},"end":{}}],"line":7},"2":{"loc":{"start":{"line":34,"column":6},"end":{"line":36,"column":7}},"type":"if","locations":[{"start":{"line":34,"column":6},"end":{"line":36,"column":7}},{"start":{},"end":{}}],"line":34},"3":{"loc":{"start":{"line":38,"column":6},"end":{"line":40,"column":7}},"type":"if","locations":[{"start":{"line":38,"column":6},"end":{"line":40,"column":7}},{"start":{},"end":{}}],"line":38},"4":{"loc":{"start":{"line":42,"column":6},"end":{"line":44,"column":7}},"type":"if","locations":[{"start":{"line":42,"column":6},"end":{"line":44,"column":7}},{"start":{},"end":{}}],"line":42},"5":{"loc":{"start":{"line":42,"column":10},"end":{"line":42,"column":49}},"type":"binary-expr","locations":[{"start":{"line":42,"column":10},"end":{"line":42,"column":22}},{"start":{"line":42,"column":26},"end":{"line":42,"column":49}}],"line":42},"6":{"loc":{"start":{"line":48,"column":6},"end":{"line":51,"column":7}},"type":"if","locations":[{"start":{"line":48,"column":6},"end":{"line":51,"column":7}},{"start":{},"end":{}}],"line":48},"7":{"loc":{"start":{"line":53,"column":13},"end":{"line":53,"column":23}},"type":"binary-expr","locations":[{"start":{"line":53,"column":13},"end":{"line":53,"column":17}},{"start":{"line":53,"column":21},"end":{"line":53,"column":23}}],"line":53},"8":{"loc":{"start":{"line":63,"column":6},"end":{"line":65,"column":7}},"type":"if","locations":[{"start":{"line":63,"column":6},"end":{"line":65,"column":7}},{"start":{},"end":{}}],"line":63},"9":{"loc":{"start":{"line":74,"column":6},"end":{"line":77,"column":7}},"type":"if","locations":[{"start":{"line":74,"column":6},"end":{"line":77,"column":7}},{"start":{},"end":{}}],"line":74},"10":{"loc":{"start":{"line":92,"column":6},"end":{"line":94,"column":7}},"type":"if","locations":[{"start":{"line":92,"column":6},"end":{"line":94,"column":7}},{"start":{},"end":{}}],"line":92},"11":{"loc":{"start":{"line":92,"column":10},"end":{"line":92,"column":28}},"type":"binary-expr","locations":[{"start":{"line":92,"column":10},"end":{"line":92,"column":19}},{"start":{"line":92,"column":23},"end":{"line":92,"column":28}}],"line":92},"12":{"loc":{"start":{"line":109,"column":6},"end":{"line":112,"column":7}},"type":"if","locations":[{"start":{"line":109,"column":6},"end":{"line":112,"column":7}},{"start":{},"end":{}}],"line":109},"13":{"loc":{"start":{"line":124,"column":6},"end":{"line":126,"column":7}},"type":"if","locations":[{"start":{"line":124,"column":6},"end":{"line":126,"column":7}},{"start":{},"end":{}}],"line":124},"14":{"loc":{"start":{"line":136,"column":6},"end":{"line":139,"column":7}},"type":"if","locations":[{"start":{"line":136,"column":6},"end":{"line":139,"column":7}},{"start":{},"end":{}}],"line":136},"15":{"loc":{"start":{"line":151,"column":6},"end":{"line":153,"column":7}},"type":"if","locations":[{"start":{"line":151,"column":6},"end":{"line":153,"column":7}},{"start":{},"end":{}}],"line":151},"16":{"loc":{"start":{"line":164,"column":6},"end":{"line":167,"column":7}},"type":"if","locations":[{"start":{"line":164,"column":6},"end":{"line":167,"column":7}},{"start":{},"end":{}}],"line":164},"17":{"loc":{"start":{"line":176,"column":38},"end":{"line":176,"column":58}},"type":"default-arg","locations":[{"start":{"line":176,"column":46},"end":{"line":176,"column":58}}],"line":176},"18":{"loc":{"start":{"line":179,"column":6},"end":{"line":181,"column":7}},"type":"if","locations":[{"start":{"line":179,"column":6},"end":{"line":181,"column":7}},{"start":{},"end":{}}],"line":179},"19":{"loc":{"start":{"line":195,"column":6},"end":{"line":198,"column":7}},"type":"if","locations":[{"start":{"line":195,"column":6},"end":{"line":198,"column":7}},{"start":{},"end":{}}],"line":195},"20":{"loc":{"start":{"line":220,"column":6},"end":{"line":222,"column":7}},"type":"if","locations":[{"start":{"line":220,"column":6},"end":{"line":222,"column":7}},{"start":{},"end":{}}],"line":220},"21":{"loc":{"start":{"line":225,"column":6},"end":{"line":231,"column":7}},"type":"if","locations":[{"start":{"line":225,"column":6},"end":{"line":231,"column":7}},{"start":{},"end":{}}],"line":225},"22":{"loc":{"start":{"line":227,"column":8},"end":{"line":229,"column":9}},"type":"if","locations":[{"start":{"line":227,"column":8},"end":{"line":229,"column":9}},{"start":{},"end":{}}],"line":227},"23":{"loc":{"start":{"line":235,"column":6},"end":{"line":237,"column":7}},"type":"if","locations":[{"start":{"line":235,"column":6},"end":{"line":237,"column":7}},{"start":{},"end":{}}],"line":235},"24":{"loc":{"start":{"line":245,"column":39},"end":{"line":245,"column":51}},"type":"default-arg","locations":[{"start":{"line":245,"column":49},"end":{"line":245,"column":51}}],"line":245},"25":{"loc":{"start":{"line":248,"column":6},"end":{"line":250,"column":7}},"type":"if","locations":[{"start":{"line":248,"column":6},"end":{"line":250,"column":7}},{"start":{},"end":{}}],"line":248},"26":{"loc":{"start":{"line":259,"column":6},"end":{"line":261,"column":7}},"type":"if","locations":[{"start":{"line":259,"column":6},"end":{"line":261,"column":7}},{"start":{},"end":{}}],"line":259},"27":{"loc":{"start":{"line":264,"column":6},"end":{"line":266,"column":7}},"type":"if","locations":[{"start":{"line":264,"column":6},"end":{"line":266,"column":7}},{"start":{},"end":{}}],"line":264},"28":{"loc":{"start":{"line":268,"column":6},"end":{"line":270,"column":7}},"type":"if","locations":[{"start":{"line":268,"column":6},"end":{"line":270,"column":7}},{"start":{},"end":{}}],"line":268},"29":{"loc":{"start":{"line":272,"column":6},"end":{"line":274,"column":7}},"type":"if","locations":[{"start":{"line":272,"column":6},"end":{"line":274,"column":7}},{"start":{},"end":{}}],"line":272},"30":{"loc":{"start":{"line":276,"column":6},"end":{"line":278,"column":7}},"type":"if","locations":[{"start":{"line":276,"column":6},"end":{"line":278,"column":7}},{"start":{},"end":{}}],"line":276},"31":{"loc":{"start":{"line":284,"column":6},"end":{"line":287,"column":7}},"type":"if","locations":[{"start":{"line":284,"column":6},"end":{"line":287,"column":7}},{"start":{},"end":{}}],"line":284},"32":{"loc":{"start":{"line":289,"column":13},"end":{"line":289,"column":23}},"type":"binary-expr","locations":[{"start":{"line":289,"column":13},"end":{"line":289,"column":17}},{"start":{"line":289,"column":21},"end":{"line":289,"column":23}}],"line":289},"33":{"loc":{"start":{"line":299,"column":6},"end":{"line":301,"column":7}},"type":"if","locations":[{"start":{"line":299,"column":6},"end":{"line":301,"column":7}},{"start":{},"end":{}}],"line":299},"34":{"loc":{"start":{"line":310,"column":6},"end":{"line":312,"column":7}},"type":"if","locations":[{"start":{"line":310,"column":6},"end":{"line":312,"column":7}},{"start":{},"end":{}}],"line":310},"35":{"loc":{"start":{"line":319,"column":30},"end":{"line":319,"column":53}},"type":"binary-expr","locations":[{"start":{"line":319,"column":30},"end":{"line":319,"column":48}},{"start":{"line":319,"column":52},"end":{"line":319,"column":53}}],"line":319},"36":{"loc":{"start":{"line":334,"column":6},"end":{"line":336,"column":7}},"type":"if","locations":[{"start":{"line":334,"column":6},"end":{"line":336,"column":7}},{"start":{},"end":{}}],"line":334},"37":{"loc":{"start":{"line":351,"column":4},"end":{"line":351,"column":37}},"type":"if","locations":[{"start":{"line":351,"column":4},"end":{"line":351,"column":37}},{"start":{},"end":{}}],"line":351},"38":{"loc":{"start":{"line":368,"column":11},"end":{"line":368,"column":36}},"type":"binary-expr","locations":[{"start":{"line":368,"column":11},"end":{"line":368,"column":28}},{"start":{"line":368,"column":32},"end":{"line":368,"column":36}}],"line":368},"39":{"loc":{"start":{"line":379,"column":11},"end":{"line":379,"column":40}},"type":"binary-expr","locations":[{"start":{"line":379,"column":11},"end":{"line":379,"column":27}},{"start":{"line":379,"column":31},"end":{"line":379,"column":40}}],"line":379},"40":{"loc":{"start":{"line":394,"column":4},"end":{"line":396,"column":5}},"type":"if","locations":[{"start":{"line":394,"column":4},"end":{"line":396,"column":5}},{"start":{},"end":{}}],"line":394},"41":{"loc":{"start":{"line":398,"column":4},"end":{"line":400,"column":5}},"type":"if","locations":[{"start":{"line":398,"column":4},"end":{"line":400,"column":5}},{"start":{},"end":{}}],"line":398}},"s":{"0":0,"1":0,"2":0,"3":0,"4":0,"5":0,"6":0,"7":0,"8":0,"9":0,"10":0,"11":0,"12":0,"13":0,"14":0,"15":0,"16":0,"17":0,"18":0,"19":0,"20":0,"21":0,"22":0,"23":0,"24":0,"25":0,"26":0,"27":0,"28":0,"29":0,"30":0,"31":0,"32":0,"33":0,"34":0,"35":0,"36":0,"37":0,"38":0,"39":0,"40":0,"41":0,"42":0,"43":0,"44":0,"45":0,"46":0,"47":0,"48":0,"49":0,"50":0,"51":0,"52":0,"53":0,"54":0,"55":0,"56":0,"57":0,"58":0,"59":0,"60":0,"61":0,"62":0,"63":0,"64":0,"65":0,"66":0,"67":0,"68":0,"69":0,"70":0,"71":0,"72":0,"73":0,"74":0,"75":0,"76":0,"77":0,"78":0,"79":0,"80":0,"81":0,"82":0,"83":0,"84":0,"85":0,"86":0,"87":0,"88":0,"89":0,"90":0,"91":0,"92":0,"93":0,"94":0,"95":0,"96":0,"97":0,"98":0,"99":0,"100":0,"101":0,"102":0,"103":0,"104":0,"105":0,"106":0,"107":0,"108":0,"109":0,"110":0,"111":0,"112":0,"113":0,"114":0,"115":0,"116":0,"117":0,"118":0,"119":0,"120":0,"121":0,"122":0,"123":0,"124":0,"125":0,"126":0,"127":0,"128":0,"129":0,"130":0,"131":0,"132":0,"133":0,"134":0,"135":0,"136":0,"137":0,"138":0,"139":0,"140":0,"141":0,"142":0,"143":0,"144":0,"145":0,"146":0,"147":0,"148":0,"149":0,"150":0,"151":0,"152":0},"f":{"0":0,"1":0,"2":0,"3":0,"4":0,"5":0,"6":0,"7":0,"8":0,"9":0,"10":0,"11":0,"12":0,"13":0},"b":{"0":[0],"1":[0,0],"2":[0,0],"3":[0,0],"4":[0,0],"5":[0,0],"6":[0,0],"7":[0,0],"8":[0,0],"9":[0,0],"10":[0,0],"11":[0,0],"12":[0,0],"13":[0,0],"14":[0,0],"15":[0,0],"16":[0,0],"17":[0],"18":[0,0],"19":[0,0],"20":[0,0],"21":[0,0],"22":[0,0],"23":[0,0],"24":[0],"25":[0,0],"26":[0,0],"27":[0,0],"28":[0,0],"29":[0,0],"30":[0,0],"31":[0,0],"32":[0,0],"33":[0,0],"34":[0,0],"35":[0,0],"36":[0,0],"37":[0,0],"38":[0,0],"39":[0,0],"40":[0,0],"41":[0,0]}}
,"C:\\ERP_SISTEMAS\\COMPRAR BEM\\src\\services\\editaisService.js": {"path":"C:\\ERP_SISTEMAS\\COMPRAR BEM\\src\\services\\editaisService.js","statementMap":{"0":{"start":{"line":11,"column":4},"end":{"line":34,"column":5}},"1":{"start":{"line":12,"column":23},"end":{"line":12,"column":42}},"2":{"start":{"line":13,"column":6},"end":{"line":15,"column":7}},"3":{"start":{"line":14,"column":8},"end":{"line":14,"column":64}},"4":{"start":{"line":17,"column":23},"end":{"line":17,"column":54}},"5":{"start":{"line":19,"column":30},"end":{"line":23,"column":10}},"6":{"start":{"line":25,"column":6},"end":{"line":28,"column":7}},"7":{"start":{"line":26,"column":8},"end":{"line":26,"column":65}},"8":{"start":{"line":27,"column":8},"end":{"line":27,"column":19}},"9":{"start":{"line":30,"column":6},"end":{"line":30,"column":38}},"10":{"start":{"line":32,"column":6},"end":{"line":32,"column":57}},"11":{"start":{"line":33,"column":6},"end":{"line":33,"column":17}},"12":{"start":{"line":45,"column":4},"end":{"line":68,"column":5}},"13":{"start":{"line":46,"column":23},"end":{"line":46,"column":42}},"14":{"start":{"line":47,"column":6},"end":{"line":49,"column":7}},"15":{"start":{"line":48,"column":8},"end":{"line":48,"column":64}},"16":{"start":{"line":51,"column":30},"end":{"line":57,"column":10}},"17":{"start":{"line":59,"column":6},"end":{"line":62,"column":7}},"18":{"start":{"line":60,"column":8},"end":{"line":60,"column":67}},"19":{"start":{"line":61,"column":8},"end":{"line":61,"column":19}},"20":{"start":{"line":64,"column":6},"end":{"line":64,"column":26}},"21":{"start":{"line":66,"column":6},"end":{"line":66,"column":57}},"22":{"start":{"line":67,"column":6},"end":{"line":67,"column":17}},"23":{"start":{"line":79,"column":4},"end":{"line":112,"column":5}},"24":{"start":{"line":80,"column":23},"end":{"line":80,"column":42}},"25":{"start":{"line":81,"column":6},"end":{"line":83,"column":7}},"26":{"start":{"line":82,"column":8},"end":{"line":82,"column":64}},"27":{"start":{"line":86,"column":23},"end":{"line":86,"column":94}},"28":{"start":{"line":87,"column":6},"end":{"line":89,"column":7}},"29":{"start":{"line":88,"column":8},"end":{"line":88,"column":91}},"30":{"start":{"line":91,"column":30},"end":{"line":101,"column":17}},"31":{"start":{"line":103,"column":6},"end":{"line":106,"column":7}},"32":{"start":{"line":104,"column":8},"end":{"line":104,"column":56}},"33":{"start":{"line":105,"column":8},"end":{"line":105,"column":19}},"34":{"start":{"line":108,"column":6},"end":{"line":108,"column":17}},"35":{"start":{"line":110,"column":6},"end":{"line":110,"column":57}},"36":{"start":{"line":111,"column":6},"end":{"line":111,"column":17}},"37":{"start":{"line":121,"column":4},"end":{"line":148,"column":5}},"38":{"start":{"line":122,"column":23},"end":{"line":122,"column":42}},"39":{"start":{"line":123,"column":6},"end":{"line":125,"column":7}},"40":{"start":{"line":124,"column":8},"end":{"line":124,"column":64}},"41":{"start":{"line":127,"column":30},"end":{"line":137,"column":17}},"42":{"start":{"line":139,"column":6},"end":{"line":142,"column":7}},"43":{"start":{"line":140,"column":8},"end":{"line":140,"column":59}},"44":{"start":{"line":141,"column":8},"end":{"line":141,"column":19}},"45":{"start":{"line":144,"column":6},"end":{"line":144,"column":17}},"46":{"start":{"line":146,"column":6},"end":{"line":146,"column":57}},"47":{"start":{"line":147,"column":6},"end":{"line":147,"column":17}},"48":{"start":{"line":157,"column":4},"end":{"line":191,"column":5}},"49":{"start":{"line":158,"column":23},"end":{"line":158,"column":42}},"50":{"start":{"line":159,"column":6},"end":{"line":161,"column":7}},"51":{"start":{"line":160,"column":8},"end":{"line":160,"column":64}},"52":{"start":{"line":163,"column":18},"end":{"line":169,"column":53}},"53":{"start":{"line":172,"column":6},"end":{"line":174,"column":7}},"54":{"start":{"line":173,"column":8},"end":{"line":173,"column":51}},"55":{"start":{"line":176,"column":6},"end":{"line":178,"column":7}},"56":{"start":{"line":177,"column":8},"end":{"line":177,"column":63}},"57":{"start":{"line":180,"column":30},"end":{"line":180,"column":41}},"58":{"start":{"line":182,"column":6},"end":{"line":185,"column":7}},"59":{"start":{"line":183,"column":8},"end":{"line":183,"column":68}},"60":{"start":{"line":184,"column":8},"end":{"line":184,"column":19}},"61":{"start":{"line":187,"column":6},"end":{"line":187,"column":23}},"62":{"start":{"line":189,"column":6},"end":{"line":189,"column":57}},"63":{"start":{"line":190,"column":6},"end":{"line":190,"column":17}},"64":{"start":{"line":199,"column":4},"end":{"line":243,"column":5}},"65":{"start":{"line":200,"column":23},"end":{"line":200,"column":42}},"66":{"start":{"line":201,"column":6},"end":{"line":203,"column":7}},"67":{"start":{"line":202,"column":8},"end":{"line":202,"column":64}},"68":{"start":{"line":205,"column":30},"end":{"line":209,"column":31}},"69":{"start":{"line":211,"column":6},"end":{"line":214,"column":7}},"70":{"start":{"line":212,"column":8},"end":{"line":212,"column":59}},"71":{"start":{"line":213,"column":8},"end":{"line":213,"column":19}},"72":{"start":{"line":216,"column":23},"end":{"line":216,"column":33}},"73":{"start":{"line":217,"column":27},"end":{"line":217,"column":42}},"74":{"start":{"line":220,"column":21},"end":{"line":224,"column":12}},"75":{"start":{"line":221,"column":20},"end":{"line":221,"column":38}},"76":{"start":{"line":222,"column":8},"end":{"line":222,"column":38}},"77":{"start":{"line":223,"column":8},"end":{"line":223,"column":18}},"78":{"start":{"line":227,"column":26},"end":{"line":233,"column":20}},"79":{"start":{"line":229,"column":10},"end":{"line":231,"column":11}},"80":{"start":{"line":230,"column":12},"end":{"line":230,"column":46}},"81":{"start":{"line":232,"column":10},"end":{"line":232,"column":63}},"82":{"start":{"line":235,"column":6},"end":{"line":239,"column":7}},"83":{"start":{"line":241,"column":6},"end":{"line":241,"column":57}},"84":{"start":{"line":242,"column":6},"end":{"line":242,"column":17}},"85":{"start":{"line":253,"column":4},"end":{"line":255,"column":5}},"86":{"start":{"line":254,"column":6},"end":{"line":254,"column":35}},"87":{"start":{"line":256,"column":4},"end":{"line":256,"column":66}},"88":{"start":{"line":265,"column":4},"end":{"line":265,"column":35}},"89":{"start":{"line":265,"column":23},"end":{"line":265,"column":35}},"90":{"start":{"line":268,"column":18},"end":{"line":268,"column":36}},"91":{"start":{"line":269,"column":4},"end":{"line":269,"column":35}},"92":{"start":{"line":278,"column":4},"end":{"line":280,"column":5}},"93":{"start":{"line":279,"column":6},"end":{"line":279,"column":44}},"94":{"start":{"line":282,"column":19},"end":{"line":282,"column":42}},"95":{"start":{"line":283,"column":4},"end":{"line":286,"column":5}},"96":{"start":{"line":296,"column":28},"end":{"line":296,"column":62}},"97":{"start":{"line":297,"column":4},"end":{"line":297,"column":38}}},"fnMap":{"0":{"name":"(anonymous_0)","decl":{"start":{"line":10,"column":2},"end":{"line":10,"column":3}},"loc":{"start":{"line":10,"column":47},"end":{"line":35,"column":3}},"line":10},"1":{"name":"(anonymous_1)","decl":{"start":{"line":44,"column":2},"end":{"line":44,"column":3}},"loc":{"start":{"line":44,"column":90},"end":{"line":69,"column":3}},"line":44},"2":{"name":"(anonymous_2)","decl":{"start":{"line":78,"column":2},"end":{"line":78,"column":3}},"loc":{"start":{"line":78,"column":66},"end":{"line":113,"column":3}},"line":78},"3":{"name":"(anonymous_3)","decl":{"start":{"line":120,"column":2},"end":{"line":120,"column":3}},"loc":{"start":{"line":120,"column":44},"end":{"line":149,"column":3}},"line":120},"4":{"name":"(anonymous_4)","decl":{"start":{"line":156,"column":2},"end":{"line":156,"column":3}},"loc":{"start":{"line":156,"column":54},"end":{"line":192,"column":3}},"line":156},"5":{"name":"(anonymous_5)","decl":{"start":{"line":198,"column":2},"end":{"line":198,"column":3}},"loc":{"start":{"line":198,"column":35},"end":{"line":244,"column":3}},"line":198},"6":{"name":"(anonymous_6)","decl":{"start":{"line":220,"column":37},"end":{"line":220,"column":38}},"loc":{"start":{"line":220,"column":55},"end":{"line":224,"column":7}},"line":220},"7":{"name":"(anonymous_7)","decl":{"start":{"line":228,"column":22},"end":{"line":228,"column":23}},"loc":{"start":{"line":228,"column":32},"end":{"line":233,"column":9}},"line":228},"8":{"name":"(anonymous_8)","decl":{"start":{"line":252,"column":2},"end":{"line":252,"column":3}},"loc":{"start":{"line":252,"column":55},"end":{"line":257,"column":3}},"line":252},"9":{"name":"(anonymous_9)","decl":{"start":{"line":264,"column":2},"end":{"line":264,"column":3}},"loc":{"start":{"line":264,"column":44},"end":{"line":270,"column":3}},"line":264},"10":{"name":"(anonymous_10)","decl":{"start":{"line":277,"column":2},"end":{"line":277,"column":3}},"loc":{"start":{"line":277,"column":43},"end":{"line":287,"column":3}},"line":277},"11":{"name":"(anonymous_11)","decl":{"start":{"line":295,"column":2},"end":{"line":295,"column":3}},"loc":{"start":{"line":295,"column":37},"end":{"line":298,"column":3}},"line":295}},"branchMap":{"0":{"loc":{"start":{"line":10,"column":35},"end":{"line":10,"column":45}},"type":"default-arg","locations":[{"start":{"line":10,"column":41},"end":{"line":10,"column":45}}],"line":10},"1":{"loc":{"start":{"line":13,"column":6},"end":{"line":15,"column":7}},"type":"if","locations":[{"start":{"line":13,"column":6},"end":{"line":15,"column":7}},{"start":{},"end":{}}],"line":13},"2":{"loc":{"start":{"line":17,"column":23},"end":{"line":17,"column":54}},"type":"binary-expr","locations":[{"start":{"line":17,"column":23},"end":{"line":17,"column":26}},{"start":{"line":17,"column":30},"end":{"line":17,"column":54}}],"line":17},"3":{"loc":{"start":{"line":25,"column":6},"end":{"line":28,"column":7}},"type":"if","locations":[{"start":{"line":25,"column":6},"end":{"line":28,"column":7}},{"start":{},"end":{}}],"line":25},"4":{"loc":{"start":{"line":30,"column":13},"end":{"line":30,"column":38}},"type":"binary-expr","locations":[{"start":{"line":30,"column":13},"end":{"line":30,"column":17}},{"start":{"line":30,"column":21},"end":{"line":30,"column":38}}],"line":30},"5":{"loc":{"start":{"line":44,"column":65},"end":{"line":44,"column":88}},"type":"default-arg","locations":[{"start":{"line":44,"column":84},"end":{"line":44,"column":88}}],"line":44},"6":{"loc":{"start":{"line":47,"column":6},"end":{"line":49,"column":7}},"type":"if","locations":[{"start":{"line":47,"column":6},"end":{"line":49,"column":7}},{"start":{},"end":{}}],"line":47},"7":{"loc":{"start":{"line":59,"column":6},"end":{"line":62,"column":7}},"type":"if","locations":[{"start":{"line":59,"column":6},"end":{"line":62,"column":7}},{"start":{},"end":{}}],"line":59},"8":{"loc":{"start":{"line":81,"column":6},"end":{"line":83,"column":7}},"type":"if","locations":[{"start":{"line":81,"column":6},"end":{"line":83,"column":7}},{"start":{},"end":{}}],"line":81},"9":{"loc":{"start":{"line":87,"column":6},"end":{"line":89,"column":7}},"type":"if","locations":[{"start":{"line":87,"column":6},"end":{"line":89,"column":7}},{"start":{},"end":{}}],"line":87},"10":{"loc":{"start":{"line":103,"column":6},"end":{"line":106,"column":7}},"type":"if","locations":[{"start":{"line":103,"column":6},"end":{"line":106,"column":7}},{"start":{},"end":{}}],"line":103},"11":{"loc":{"start":{"line":123,"column":6},"end":{"line":125,"column":7}},"type":"if","locations":[{"start":{"line":123,"column":6},"end":{"line":125,"column":7}},{"start":{},"end":{}}],"line":123},"12":{"loc":{"start":{"line":139,"column":6},"end":{"line":142,"column":7}},"type":"if","locations":[{"start":{"line":139,"column":6},"end":{"line":142,"column":7}},{"start":{},"end":{}}],"line":139},"13":{"loc":{"start":{"line":156,"column":40},"end":{"line":156,"column":52}},"type":"default-arg","locations":[{"start":{"line":156,"column":50},"end":{"line":156,"column":52}}],"line":156},"14":{"loc":{"start":{"line":159,"column":6},"end":{"line":161,"column":7}},"type":"if","locations":[{"start":{"line":159,"column":6},"end":{"line":161,"column":7}},{"start":{},"end":{}}],"line":159},"15":{"loc":{"start":{"line":172,"column":6},"end":{"line":174,"column":7}},"type":"if","locations":[{"start":{"line":172,"column":6},"end":{"line":174,"column":7}},{"start":{},"end":{}}],"line":172},"16":{"loc":{"start":{"line":176,"column":6},"end":{"line":178,"column":7}},"type":"if","locations":[{"start":{"line":176,"column":6},"end":{"line":178,"column":7}},{"start":{},"end":{}}],"line":176},"17":{"loc":{"start":{"line":182,"column":6},"end":{"line":185,"column":7}},"type":"if","locations":[{"start":{"line":182,"column":6},"end":{"line":185,"column":7}},{"start":{},"end":{}}],"line":182},"18":{"loc":{"start":{"line":187,"column":13},"end":{"line":187,"column":23}},"type":"binary-expr","locations":[{"start":{"line":187,"column":13},"end":{"line":187,"column":17}},{"start":{"line":187,"column":21},"end":{"line":187,"column":23}}],"line":187},"19":{"loc":{"start":{"line":201,"column":6},"end":{"line":203,"column":7}},"type":"if","locations":[{"start":{"line":201,"column":6},"end":{"line":203,"column":7}},{"start":{},"end":{}}],"line":201},"20":{"loc":{"start":{"line":211,"column":6},"end":{"line":214,"column":7}},"type":"if","locations":[{"start":{"line":211,"column":6},"end":{"line":214,"column":7}},{"start":{},"end":{}}],"line":211},"21":{"loc":{"start":{"line":216,"column":23},"end":{"line":216,"column":33}},"type":"binary-expr","locations":[{"start":{"line":216,"column":23},"end":{"line":216,"column":27}},{"start":{"line":216,"column":31},"end":{"line":216,"column":33}}],"line":216},"22":{"loc":{"start":{"line":222,"column":20},"end":{"line":222,"column":33}},"type":"binary-expr","locations":[{"start":{"line":222,"column":20},"end":{"line":222,"column":28}},{"start":{"line":222,"column":32},"end":{"line":222,"column":33}}],"line":222},"23":{"loc":{"start":{"line":227,"column":26},"end":{"line":233,"column":20}},"type":"cond-expr","locations":[{"start":{"line":228,"column":8},"end":{"line":233,"column":13}},{"start":{"line":233,"column":16},"end":{"line":233,"column":20}}],"line":227},"24":{"loc":{"start":{"line":229,"column":10},"end":{"line":231,"column":11}},"type":"if","locations":[{"start":{"line":229,"column":10},"end":{"line":231,"column":11}},{"start":{},"end":{}}],"line":229},"25":{"loc":{"start":{"line":238,"column":21},"end":{"line":238,"column":72}},"type":"cond-expr","locations":[{"start":{"line":238,"column":35},"end":{"line":238,"column":65}},{"start":{"line":238,"column":68},"end":{"line":238,"column":72}}],"line":238},"26":{"loc":{"start":{"line":253,"column":4},"end":{"line":255,"column":5}},"type":"if","locations":[{"start":{"line":253,"column":4},"end":{"line":255,"column":5}},{"start":{},"end":{}}],"line":253},"27":{"loc":{"start":{"line":253,"column":8},"end":{"line":253,"column":35}},"type":"binary-expr","locations":[{"start":{"line":253,"column":8},"end":{"line":253,"column":21}},{"start":{"line":253,"column":25},"end":{"line":253,"column":35}}],"line":253},"28":{"loc":{"start":{"line":265,"column":4},"end":{"line":265,"column":35}},"type":"if","locations":[{"start":{"line":265,"column":4},"end":{"line":265,"column":35}},{"start":{},"end":{}}],"line":265},"29":{"loc":{"start":{"line":278,"column":4},"end":{"line":280,"column":5}},"type":"if","locations":[{"start":{"line":278,"column":4},"end":{"line":280,"column":5}},{"start":{},"end":{}}],"line":278},"30":{"loc":{"start":{"line":278,"column":8},"end":{"line":278,"column":65}},"type":"binary-expr","locations":[{"start":{"line":278,"column":8},"end":{"line":278,"column":21}},{"start":{"line":278,"column":25},"end":{"line":278,"column":65}}],"line":278}},"s":{"0":0,"1":0,"2":0,"3":0,"4":0,"5":0,"6":0,"7":0,"8":0,"9":0,"10":0,"11":0,"12":0,"13":0,"14":0,"15":0,"16":0,"17":0,"18":0,"19":0,"20":0,"21":0,"22":0,"23":0,"24":0,"25":0,"26":0,"27":0,"28":0,"29":0,"30":0,"31":0,"32":0,"33":0,"34":0,"35":0,"36":0,"37":0,"38":0,"39":0,"40":0,"41":0,"42":0,"43":0,"44":0,"45":0,"46":0,"47":0,"48":0,"49":0,"50":0,"51":0,"52":0,"53":0,"54":0,"55":0,"56":0,"57":0,"58":0,"59":0,"60":0,"61":0,"62":0,"63":0,"64":0,"65":0,"66":0,"67":0,"68":0,"69":0,"70":0,"71":0,"72":0,"73":0,"74":0,"75":0,"76":0,"77":0,"78":0,"79":0,"80":0,"81":0,"82":0,"83":0,"84":0,"85":0,"86":0,"87":0,"88":0,"89":0,"90":0,"91":0,"92":0,"93":0,"94":0,"95":0,"96":0,"97":0},"f":{"0":0,"1":0,"2":0,"3":0,"4":0,"5":0,"6":0,"7":0,"8":0,"9":0,"10":0,"11":0},"b":{"0":[0],"1":[0,0],"2":[0,0],"3":[0,0],"4":[0,0],"5":[0],"6":[0,0],"7":[0,0],"8":[0,0],"9":[0,0],"10":[0,0],"11":[0,0],"12":[0,0],"13":[0],"14":[0,0],"15":[0,0],"16":[0,0],"17":[0,0],"18":[0,0],"19":[0,0],"20":[0,0],"21":[0,0],"22":[0,0],"23":[0,0],"24":[0,0],"25":[0,0],"26":[0,0],"27":[0,0],"28":[0,0],"29":[0,0],"30":[0,0]}}
,"C:\\ERP_SISTEMAS\\COMPRAR BEM\\src\\services\\emailNotificationService.js": {"path":"C:\\ERP_SISTEMAS\\COMPRAR BEM\\src\\services\\emailNotificationService.js","statementMap":{"0":{"start":{"line":5,"column":23},"end":{"line":9,"column":1}},"1":{"start":{"line":12,"column":0},"end":{"line":12,"column":38}},"2":{"start":{"line":17,"column":25},"end":{"line":17,"column":34}},"3":{"start":{"line":24,"column":22},"end":{"line":143,"column":5}},"4":{"start":{"line":145,"column":4},"end":{"line":145,"column":72}},"5":{"start":{"line":153,"column":4},"end":{"line":232,"column":5}},"6":{"start":{"line":155,"column":36},"end":{"line":207,"column":7}},"7":{"start":{"line":209,"column":33},"end":{"line":209,"column":68}},"8":{"start":{"line":211,"column":6},"end":{"line":213,"column":7}},"9":{"start":{"line":212,"column":8},"end":{"line":212,"column":17}},"10":{"start":{"line":216,"column":40},"end":{"line":221,"column":33}},"11":{"start":{"line":223,"column":6},"end":{"line":226,"column":7}},"12":{"start":{"line":224,"column":8},"end":{"line":224,"column":61}},"13":{"start":{"line":225,"column":8},"end":{"line":225,"column":17}},"14":{"start":{"line":228,"column":6},"end":{"line":228,"column":27}},"15":{"start":{"line":230,"column":6},"end":{"line":230,"column":58}},"16":{"start":{"line":231,"column":6},"end":{"line":231,"column":15}},"17":{"start":{"line":240,"column":4},"end":{"line":356,"column":5}},"18":{"start":{"line":241,"column":6},"end":{"line":241,"column":106}},"19":{"start":{"line":244,"column":20},"end":{"line":244,"column":67}},"20":{"start":{"line":245,"column":20},"end":{"line":245,"column":30}},"21":{"start":{"line":246,"column":26},"end":{"line":246,"column":55}},"22":{"start":{"line":248,"column":6},"end":{"line":251,"column":7}},"23":{"start":{"line":249,"column":8},"end":{"line":249,"column":90}},"24":{"start":{"line":250,"column":8},"end":{"line":250,"column":20}},"25":{"start":{"line":254,"column":6},"end":{"line":254,"column":42}},"26":{"start":{"line":257,"column":6},"end":{"line":263,"column":7}},"27":{"start":{"line":258,"column":8},"end":{"line":262,"column":9}},"28":{"start":{"line":259,"column":10},"end":{"line":261,"column":11}},"29":{"start":{"line":260,"column":12},"end":{"line":260,"column":42}},"30":{"start":{"line":265,"column":23},"end":{"line":265,"column":42}},"31":{"start":{"line":266,"column":6},"end":{"line":268,"column":7}},"32":{"start":{"line":267,"column":8},"end":{"line":267,"column":50}},"33":{"start":{"line":271,"column":55},"end":{"line":276,"column":17}},"34":{"start":{"line":278,"column":6},"end":{"line":281,"column":7}},"35":{"start":{"line":279,"column":8},"end":{"line":279,"column":63}},"36":{"start":{"line":280,"column":8},"end":{"line":280,"column":20}},"37":{"start":{"line":284,"column":28},"end":{"line":284,"column":88}},"38":{"start":{"line":286,"column":6},"end":{"line":289,"column":7}},"39":{"start":{"line":287,"column":8},"end":{"line":287,"column":80}},"40":{"start":{"line":288,"column":8},"end":{"line":288,"column":20}},"41":{"start":{"line":292,"column":28},"end":{"line":292,"column":48}},"42":{"start":{"line":293,"column":6},"end":{"line":299,"column":7}},"43":{"start":{"line":294,"column":8},"end":{"line":294,"column":45}},"44":{"start":{"line":295,"column":13},"end":{"line":299,"column":7}},"45":{"start":{"line":296,"column":8},"end":{"line":296,"column":46}},"46":{"start":{"line":297,"column":13},"end":{"line":299,"column":7}},"47":{"start":{"line":298,"column":8},"end":{"line":298,"column":46}},"48":{"start":{"line":302,"column":23},"end":{"line":302,"column":63}},"49":{"start":{"line":305,"column":28},"end":{"line":320,"column":7}},"50":{"start":{"line":323,"column":
[...]
end":{"line":1820,"column":5}},"loc":{"start":{"line":1820,"column":16},"end":{"line":1820,"column":77}},"line":1820}},"branchMap":{"0":{"loc":{"start":{"line":30,"column":34},"end":{"line":30,"column":56}},"type":"default-arg","locations":[{"start":{"line":30,"column":45},"end":{"line":30,"column":56}}],"line":30},"1":{"loc":{"start":{"line":48,"column":8},"end":{"line":51,"column":9}},"type":"if","locations":[{"start":{"line":48,"column":8},"end":{"line":51,"column":9}},{"start":{},"end":{}}],"line":48},"2":{"loc":{"start":{"line":48,"column":12},"end":{"line":48,"column":33}},"type":"binary-expr","locations":[{"start":{"line":48,"column":12},"end":{"line":48,"column":18}},{"start":{"line":48,"column":22},"end":{"line":48,"column":33}}],"line":48},"3":{"loc":{"start":{"line":81,"column":6},"end":{"line":83,"column":7}},"type":"if","locations":[{"start":{"line":81,"column":6},"end":{"line":83,"column":7}},{"start":{},"end":{}}],"line":81},"4":{"loc":{"start":{"line":102,"column":6},"end":{"line":104,"column":7}},"type":"if","locations":[{"start":{"line":102,"column":6},"end":{"line":104,"column":7}},{"start":{},"end":{}}],"line":102},"5":{"loc":{"start":{"line":117,"column":6},"end":{"line":119,"column":7}},"type":"if","locations":[{"start":{"line":117,"column":6},"end":{"line":119,"column":7}},{"start":{},"end":{}}],"line":117},"6":{"loc":{"start":{"line":143,"column":6},"end":{"line":145,"column":7}},"type":"if","locations":[{"start":{"line":143,"column":6},"end":{"line":145,"column":7}},{"start":{},"end":{}}],"line":143},"7":{"loc":{"start":{"line":158,"column":6},"end":{"line":162,"column":7}},"type":"if","locations":[{"start":{"line":158,"column":6},"end":{"line":162,"column":7}},{"start":{},"end":{}}],"line":158},"8":{"loc":{"start":{"line":166,"column":33},"end":{"line":166,"column":62}},"type":"binary-expr","locations":[{"start":{"line":166,"column":33},"end":{"line":166,"column":53}},{"start":{"line":166,"column":57},"end":{"line":166,"column":62}}],"line":166},"9":{"loc":{"start":{"line":167,"column":31},"end":{"line":167,"column":74}},"type":"binary-expr","locations":[{"start":{"line":167,"column":31},"end":{"line":167,"column":64}},{"start":{"line":167,"column":68},"end":{"line":167,"column":74}}],"line":167},"10":{"loc":{"start":{"line":168,"column":52},"end":{"line":168,"column":104}},"type":"binary-expr","locations":[{"start":{"line":168,"column":52},"end":{"line":168,"column":99}},{"start":{"line":168,"column":103},"end":{"line":168,"column":104}}],"line":168},"11":{"loc":{"start":{"line":169,"column":39},"end":{"line":169,"column":93}},"type":"binary-expr","locations":[{"start":{"line":169,"column":39},"end":{"line":169,"column":87}},{"start":{"line":169,"column":91},"end":{"line":169,"column":93}}],"line":169},"12":{"loc":{"start":{"line":210,"column":6},"end":{"line":218,"column":7}},"type":"if","locations":[{"start":{"line":210,"column":6},"end":{"line":218,"column":7}},{"start":{},"end":{}}],"line":210},"13":{"loc":{"start":{"line":239,"column":13},"end":{"line":239,"column":76}},"type":"binary-expr","locations":[{"start":{"line":239,"column":13},"end":{"line":239,"column":44}},{"start":{"line":239,"column":48},"end":{"line":239,"column":76}}],"line":239},"14":{"loc":{"start":{"line":251,"column":6},"end":{"line":253,"column":7}},"type":"if","locations":[{"start":{"line":251,"column":6},"end":{"line":253,"column":7}},{"start":{},"end":{}}],"line":251},"15":{"loc":{"start":{"line":282,"column":6},"end":{"line":284,"column":7}},"type":"if","locations":[{"start":{"line":282,"column":6},"end":{"line":284,"column":7}},{"start":{},"end":{}}],"line":282},"16":{"loc":{"start":{"line":347,"column":6},"end":{"line":349,"column":7}},"type":"if","locations":[{"start":{"line":347,"column":6},"end":{"line":349,"column":7}},{"start":{},"end":{}}],"line":347},"17":{"loc":{"start":{"line":347,"column":10},"end":{"line":347,"column":51}},"type":"binary-expr","locations":[{"start":{"line":347,"column":10},"end":{"line":347,"column":23}},{"start":{"line":347,"column":27},"end":{"line":347,"column":51}}],"line":347},"18":{"loc":{"start":{"line":371,"column":6},"end":{"line":373,"column":7}},"type":"if","locations":[{"start":{"line":371,"column":6},"end":{"line":373,"column":7}},{"start":{},"end":{}}],"line":371},"19":{"loc":{"start":{"line":371,"column":10},"end":{"line":371,"column":56}},"type":"binary-expr","locations":[{"start":{"line":371,"column":10},"end":{"line":371,"column":22}},{"start":{"line":371,"column":26},"end":{"line":371,"column":36}},{"start":{"line":371,"column":40},"end":{"line":371,"column":56}}],"line":371},"20":{"loc":{"start":{"line":384,"column":19},"end":{"line":384,"column":59}},"type":"binary-expr","locations":[{"start":{"line":384,"column":19},"end":{"line":384,"column":36}},{"start":{"line":384,"column":40},"end":{"line":384,"column":59}}],"line":384},"21":{"loc":{"start":{"line":400,"column":4},"end":{"line":402,"column":5}},"type":"if","locations":[{"start":{"line":400,"column":4},"end":{"line":402,"column":5}},{"start":{},"end":{}}],"line":400},"22":{"loc":{"start":{"line":400,"column":8},"end":{"line":400,"column":48}},"type":"binary-expr","locations":[{"start":{"line":400,"column":8},"end":{"line":400,"column":26}},{"start":{"line":400,"column":30},"end":{"line":400,"column":48}}],"line":400},"23":{"loc":{"start":{"line":405,"column":4},"end":{"line":407,"column":5}},"type":"if","locations":[{"start":{"line":405,"column":4},"end":{"line":407,"column":5}},{"start":{},"end":{}}],"line":405},"24":{"loc":{"start":{"line":405,"column":8},"end":{"line":405,"column":48}},"type":"binary-expr","locations":[{"start":{"line":405,"column":8},"end":{"line":405,"column":26}},{"start":{"line":405,"column":30},"end":{"line":405,"column":48}}],"line":405},"25":{"loc":{"start":{"line":426,"column":11},"end":{"line":428,"column":15}},"type":"binary-expr","locations":[{"start":{"line":426,"column":11},"end":{"line":426,"column":42}},{"start":{"line":427,"column":11},"end":{"line":427,"column":54}},{"start":{"line":428,"column":11},"end":{"line":428,"column":15}}],"line":426},"26":{"loc":{"start":{"line":435,"column":11},"end":{"line":437,"column":15}},"type":"binary-expr","locations":[{"start":{"line":435,"column":11},"end":{"line":435,"column":40}},{"start":{"line":436,"column":11},"end":{"line":436,"column":52}},{"start":{"line":437,"column":11},"end":{"line":437,"column":15}}],"line":435},"27":{"loc":{"start":{"line":447,"column":11},"end":{"line":450,"column":15}},"type":"binary-expr","locations":[{"start":{"line":447,"column":11},"end":{"line":447,"column":43}},{"start":{"line":448,"column":11},"end":{"line":448,"column":55}},{"start":{"line":449,"column":11},"end":{"line":449,"column":31}},{"start":{"line":450,"column":11},"end":{"line":450,"column":15}}],"line":447},"28":{"loc":{"start":{"line":766,"column":8},"end":{"line":768,"column":9}},"type":"if","locations":[{"start":{"line":766,"column":8},"end":{"line":768,"column":9}},{"start":{},"end":{}}],"line":766},"29":{"loc":{"start":{"line":766,"column":12},"end":{"line":766,"column":39}},"type":"binary-expr","locations":[{"start":{"line":766,"column":12},"end":{"line":766,"column":18}},{"start":{"line":766,"column":22},"end":{"line":766,"column":39}}],"line":766},"30":{"loc":{"start":{"line":806,"column":8},"end":{"line":808,"column":9}},"type":"if","locations":[{"start":{"line":806,"column":8},"end":{"line":808,"column":9}},{"start":{},"end":{}}],"line":806},"31":{"loc":{"start":{"line":845,"column":6},"end":{"line":847,"column":7}},"type":"if","locations":[{"start":{"line":845,"column":6},"end":{"line":847,"column":7}},{"start":{},"end":{}}],"line":845},"32":{"loc":{"start":{"line":881,"column":6},"end":{"line":883,"column":7}},"type":"if","locations":[{"start":{"line":881,"column":6},"end":{"line":883,"column":7}},{"start":{},"end":{}}],"line":881},"33":{"loc":{"start":{"line":881,"column":10},"end":{"line":881,"column":51}},"type":"binary-expr","locations":[{"start":{"line":881,"column":10},"end":{"line":881,"column":23}},{"start":{"line":881,"column":27},"end":{"line":881,"column":51}}],"line":881},"34":{"loc":{"start":{"line":886,"column":6},"end":{"line":888,"column":7}},"type":"if","locations":[{"start":{"line":886,"column":6},"end":{"line":888,"column":7}},{"start":{},"end":{}}],"line":886},"35":{"loc":{"start":{"line":1343,"column":8},"end":{"line":1345,"column":9}},"type":"if","locations":[{"start":{"line":1343,"column":8},"end":{"line":1345,"column":9}},{"start":{},"end":{}}],"line":1343},"36":{"loc":{"start":{"line":1343,"column":12},"end":{"line":1343,"column":39}},"type":"binary-expr","locations":[{"start":{"line":1343,"column":12},"end":{"line":1343,"column":18}},{"start":{"line":1343,"column":22},"end":{"line":1343,"column":39}}],"line":1343},"37":{"loc":{"start":{"line":1473,"column":8},"end":{"line":1475,"column":9}},"type":"if","locations":[{"start":{"line":1473,"column":8},"end":{"line":1475,"column":9}},{"start":{},"end":{}}],"line":1473},"38":{"loc":{"start":{"line":1473,"column":12},"end":{"line":1473,"column":45}},"type":"binary-expr","locations":[{"start":{"line":1473,"column":12},"end":{"line":1473,"column":21}},{"start":{"line":1473,"column":25},"end":{"line":1473,"column":45}}],"line":1473},"39":{"loc":{"start":{"line":1497,"column":6},"end":{"line":1499,"column":7}},"type":"if","locations":[{"start":{"line":1497,"column":6},"end":{"line":1499,"column":7}},{"start":{},"end":{}}],"line":1497},"40":{"loc":{"start":{"line":1497,"column":10},"end":{"line":1497,"column":62}},"type":"binary-expr","locations":[{"start":{"line":1497,"column":10},"end":{"line":1497,"column":28}},{"start":{"line":1497,"column":32},"end":{"line":1497,"column":62}}],"line":1497},"41":{"loc":{"start":{"line":1541,"column":8},"end":{"line":1543,"column":9}},"type":"if","locations":[{"start":{"line":1541,"column":8},"end":{"line":1543,"column":9}},{"start":{},"end":{}}],"line":1541},"42":{"loc":{"start":{"line":1550,"column":8},"end":{"line":1567,"column":9}},"type":"if","locations":[{"start":{"line":1550,"column":8},"end":{"line":1567,"column":9}},{"start":{},"end":{}}],"line":1550},"43":{"loc":{"start":{"line":1604,"column":6},"end":{"line":1608,"column":7}},"type":"if","locations":[{"start":{"line":1604,"column":6},"end":{"line":1608,"column":7}},{"start":{},"end":{}}],"line":1604},"44":{"loc":{"start":{"line":1614,"column":6},"end":{"line":1617,"column":7}},"type":"if","locations":[{"start":{"line":1614,"column":6},"end":{"line":1617,"column":7}},{"start":{},"end":{}}],"line":1614},"45":{"loc":{"start":{"line":1621,"column":6},"end":{"line":1624,"column":7}},"type":"if","locations":[{"start":{"line":1621,"column":6},"end":{"line":1624,"column":7}},{"start":{},"end":{}}],"line":1621},"46":{"loc":{"start":{"line":1621,"column":10},"end":{"line":1621,"column":88}},"type":"binary-expr","locations":[{"start":{"line":1621,"column":10},"end":{"line":1621,"column":48}},{"start":{"line":1621,"column":52},"end":{"line":1621,"column":88}}],"line":1621},"47":{"loc":{"start":{"line":1637,"column":6},"end":{"line":1640,"column":7}},"type":"if","locations":[{"start":{"line":1637,"column":6},"end":{"line":1640,"column":7}},{"start":{},"end":{}}],"line":1637},"48":{"loc":{"start":{"line":1665,"column":6},"end":{"line":1678,"column":7}},"type":"if","locations":[{"start":{"line":1665,"column":6},"end":{"line":1678,"column":7}},{"start":{},"end":{}}],"line":1665},"49":{"loc":{"start":{"line":1669,"column":8},"end":{"line":1677,"column":9}},"type":"if","locations":[{"start":{"line":1669,"column":8},"end":{"line":1677,"column":9}},{"start":{},"end":{}}],"line":1669},"50":{"loc":{"start":{"line":1826,"column":6},"end":{"line":1828,"column":7}},"type":"if","locations":[{"start":{"line":1826,"column":6},"end":{"line":1828,"column":7}},{"start":{},"end":{}}],"line":1826},"51":{"loc":{"start":{"line":1826,"column":10},"end":{"line":1826,"column":58}},"type":"binary-expr","locations":[{"start":{"line":1826,"column":10},"end":{"line":1826,"column":16}},{"start":{"line":1826,"column":20},"end":{"line":1826,"column":31}},{"start":{"line":1826,"column":35},"end":{"line":1826,"column":58}}],"line":1826}},"s":{"0":0,"1":0,"2":0,"3":0,"4":0,"5":0,"6":0,"7":0,"8":0,"9":0,"10":0,"11":0,"12":0,"13":0,"14":0,"15":0,"16":0,"17":0,"18":0,"19":0,"20":0,"21":0,"22":0,"23":0,"24":0,"25":0,"26":0,"27":0,"28":0,"29":0,"30":0,"31":0,"32":0,"33":0,"34":0,"35":0,"36":0,"37":0,"38":0,"39":0,"40":0,"41":0,"42":0,"43":0,"44":0,"45":0,"46":0,"47":0,"48":0,"49":0,"50":0,"51":0,"52":0,"53":0,"54":0,"55":0,"56":0,"57":0,"58":0,"59":0,"60":0,"61":0,"62":0,"63":0,"64":0,"65":0,"66":0,"67":0,"68":0,"69":0,"70":0,"71":0,"72":0,"73":0,"74":0,"75":0,"76":0,"77":0,"78":0,"79":0,"80":0,"81":0,"82":0,"83":0,"84":0,"85":0,"86":0,"87":0,"88":0,"89":0,"90":0,"91":0,"92":0,"93":0,"94":0,"95":0,"96":0,"97":0,"98":0,"99":0,"100":0,"101":0,"102":0,"103":0,"104":0,"105":0,"106":0,"107":0,"108":0,"109":0,"110":0,"111":0,"112":0,"113":0,"114":0,"115":0,"116":0,"117":0,"118":0,"119":0,"120":0,"121":0,"122":0,"123":0,"124":0,"125":0,"126":0,"127":0,"128":0,"129":0,"130":0,"131":0,"132":0,"133":0,"134":0,"135":0,"136":0,"137":0,"138":0,"139":0,"140":0,"141":0,"142":0,"143":0,"144":0,"145":0,"146":0,"147":0,"148":0,"149":0,"150":0,"151":0,"152":0,"153":0,"154":0,"155":0,"156":0,"157":0,"158":0,"159":0,"160":0,"161":0,"162":0,"163":0,"164":0,"165":0,"166":0,"167":0,"168":0,"169":0,"170":0,"171":0,"172":0,"173":0,"174":0,"175":0,"176":0,"177":0,"178":0,"179":0,"180":0,"181":0,"182":0,"183":0,"184":0,"185":0,"186":0,"187":0,"188":0,"189":0,"190":0,"191":0,"192":0,"193":0,"194":0,"195":0,"196":0,"197":0,"198":0,"199":0,"200":0,"201":0,"202":0,"203":0,"204":0,"205":0,"206":0,"207":0,"208":0,"209":0,"210":0,"211":0,"212":0,"213":0,"214":0,"215":0,"216":0,"217":0,"218":0,"219":0,"220":0,"221":0,"222":0,"223":0,"224":0,"225":0,"226":0,"227":0,"228":0,"229":0,"230":0,"231":0,"232":0,"233":0,"234":0,"235":0,"236":0,"237":0,"238":0,"239":0,"240":0,"241":0,"242":0,"243":0,"244":0,"245":0,"246":0,"247":0,"248":0,"249":0,"250":0,"251":0,"252":0,"253":0,"254":0,"255":0,"256":0,"257":0,"258":0,"259":0,"260":0,"261":0,"262":0,"263":0,"264":0,"265":0,"266":0,"267":0,"268":0,"269":0,"270":0,"271":0,"272":0,"273":0,"274":0,"275":0,"276":0,"277":0,"278":0,"279":0,"280":0,"281":0,"282":0,"283":0,"284":0,"285":0,"286":0,"287":0,"288":0,"289":0,"290":0,"291":0,"292":0,"293":0,"294":0,"295":0,"296":0,"297":0,"298":0,"299":0,"300":0,"301":0,"302":0,"303":0,"304":0,"305":0,"306":0,"307":0,"308":0,"309":0,"310":0,"311":0,"312":0,"313":0,"314":0,"315":0,"316":0,"317":0,"318":0,"319":0,"320":0,"321":0,"322":0,"323":0,"324":0,"325":0,"326":0,"327":0,"328":0,"329":0,"330":0,"331":0,"332":0,"333":0,"334":0,"335":0,"336":0,"337":0,"338":0,"339":0,"340":0,"341":0,"342":0,"343":0,"344":0,"345":0,"346":0,"347":0,"348":0,"349":0,"350":0,"351":0,"352":0,"353":0,"354":0,"355":0,"356":0,"357":0,"358":0,"359":0,"360":0,"361":0,"362":0,"363":0,"364":0,"365":0,"366":0,"367":0,"368":0,"369":0,"370":0,"371":0,"372":0,"373":0,"374":0,"375":0,"376":0,"377":0,"378":0,"379":0,"380":0,"381":0,"382":0,"383":0,"384":0,"385":0,"386":0,"387":0,"388":0,"389":0,"390":0,"391":0,"392":0,"393":0,"394":0,"395":0,"396":0,"397":0,"398":0,"399":0,"400":0,"401":0,"402":0,"403":0,"404":0,"405":0,"406":0,"407":0,"408":0,"409":0},"f":{"0":0,"1":0,"2":0,"3":0,"4":0,"5":0,"6":0,"7":0,"8":0,"9":0,"10":0,"11":0,"12":0,"13":0,"14":0,"15":0,"16":0,"17":0,"18":0,"19":0,"20":0,"21":0,"22":0,"23":0,"24":0,"25":0,"26":0,"27":0,"28":0,"29":0,"30":0,"31":0,"32":0,"33":0,"34":0,"35":0,"36":0,"37":0,"38":0,"39":0,"40":0,"41":0,"42":0,"43":0,"44":0,"45":0,"46":0,"47":0,"48":0,"49":0,"50":0,"51":0,"52":0,"53":0},"b":{"0":[0],"1":[0,0],"2":[0,0],"3":[0,0],"4":[0,0],"5":[0,0],"6":[0,0],"7":[0,0],"8":[0,0],"9":[0,0],"10":[0,0],"11":[0,0],"12":[0,0],"13":[0,0],"14":[0,0],"15":[0,0],"16":[0,0],"17":[0,0],"18":[0,0],"19":[0,0,0],"20":[0,0],"21":[0,0],"22":[0,0],"23":[0,0],"24":[0,0],"25":[0,0,0],"26":[0,0,0],"27":[0,0,0,0],"28":[0,0],"29":[0,0],"30":[0,0],"31":[0,0],"32":[0,0],"33":[0,0],"34":[0,0],"35":[0,0],"36":[0,0],"37":[0,0],"38":[0,0],"39":[0,0],"40":[0,0],"41":[0,0],"42":[0,0],"43":[0,0],"44":[0,0],"45":[0,0],"46":[0,0],"47":[0,0],"48":[0,0],"49":[0,0],"50":[0,0],"51":[0,0,0]}}
,"C:\\ERP_SISTEMAS\\COMPRAR BEM\\src\\store\\index.js": {"path":"C:\\ERP_SISTEMAS\\COMPRAR BEM\\src\\store\\index.js","statementMap":{"0":{"start":{"line":5,"column":0},"end":{"line":5,"column":13}},"1":{"start":{"line":15,"column":6},"end":{"line":15,"column":23}},"2":{"start":{"line":18,"column":6},"end":{"line":18,"column":27}},"3":{"start":{"line":21,"column":6},"end":{"line":21,"column":33}},"4":{"start":{"line":26,"column":23},"end":{"line":26,"column":55}},"5":{"start":{"line":27,"column":19},"end":{"line":27,"column":38}},"6":{"start":{"line":28,"column":6},"end":{"line":28,"column":30}},"7":{"start":{"line":30,"column":6},"end":{"line":41,"column":7}},"8":{"start":{"line":32,"column":44},"end":{"line":36,"column":19}},"9":{"start":{"line":38,"column":8},"end":{"line":40,"column":9}},"10":{"start":{"line":39,"column":10},"end":{"line":39,"column":42}},"11":{"start":{"line":44,"column":6},"end":{"line":44,"column":38}},"12":{"start":{"line":48,"column":30},"end":{"line":48,"column":42}},"13":{"start":{"line":49,"column":26},"end":{"line":49,"column":36}},"14":{"start":{"line":50,"column":28},"end":{"line":50,"column":40}},"15":{"start":{"line":51,"column":24},"end":{"line":51,"column":39}}},"fnMap":{"0":{"name":"(anonymous_0)","decl":{"start":{"line":14,"column":4},"end":{"line":14,"column":5}},"loc":{"start":{"line":14,"column":26},"end":{"line":16,"column":5}},"line":14},"1":{"name":"(anonymous_1)","decl":{"start":{"line":17,"column":4},"end":{"line":17,"column":5}},"loc":{"start":{"line":17,"column":30},"end":{"line":19,"column":5}},"line":17},"2":{"name":"(anonymous_2)","decl":{"start":{"line":20,"column":4},"end":{"line":20,"column":5}},"loc":{"start":{"line":20,"column":34},"end":{"line":22,"column":5}},"line":20},"3":{"name":"(anonymous_3)","decl":{"start":{"line":25,"column":4},"end":{"line":25,"column":5}},"loc":{"start":{"line":25,"column":32},"end":{"line":42,"column":5}},"line":25},"4":{"name":"(anonymous_4)","decl":{"start":{"line":43,"column":4},"end":{"line":43,"column":5}},"loc":{"start":{"line":43,"column":38},"end":{"line":45,"column":5}},"line":43},"5":{"name":"(anonymous_5)","decl":{"start":{"line":48,"column":21},"end":{"line":48,"column":22}},"loc":{"start":{"line":48,"column":30},"end":{"line":48,"column":42}},"line":48},"6":{"name":"(anonymous_6)","decl":{"start":{"line":49,"column":17},"end":{"line":49,"column":18}},"loc":{"start":{"line":49,"column":26},"end":{"line":49,"column":36}},"line":49},"7":{"name":"(anonymous_7)","decl":{"start":{"line":50,"column":19},"end":{"line":50,"column":20}},"loc":{"start":{"line":50,"column":28},"end":{"line":50,"column":40}},"line":50},"8":{"name":"(anonymous_8)","decl":{"start":{"line":51,"column":15},"end":{"line":51,"column":16}},"loc":{"start":{"line":51,"column":24},"end":{"line":51,"column":39}},"line":51}},"branchMap":{"0":{"loc":{"start":{"line":30,"column":6},"end":{"line":41,"column":7}},"type":"if","locations":[{"start":{"line":30,"column":6},"end":{"line":41,"column":7}},{"start":{},"end":{}}],"line":30},"1":{"loc":{"start":{"line":38,"column":8},"end":{"line":40,"column":9}},"type":"if","locations":[{"start":{"line":38,"column":8},"end":{"line":40,"column":9}},{"start":{},"end":{}}],"line":38},"2":{"loc":{"start":{"line":38,"column":12},"end":{"line":38,"column":32}},"type":"binary-expr","locations":[{"start":{"line":38,"column":12},"end":{"line":38,"column":18}},{"start":{"line":38,"column":22},"end":{"line":38,"column":32}}],"line":38}},"s":{"0":0,"1":0,"2":0,"3":0,"4":0,"5":0,"6":0,"7":0,"8":0,"9":0,"10":0,"11":0,"12":0,"13":0,"14":0,"15":0},"f":{"0":0,"1":0,"2":0,"3":0,"4":0,"5":0,"6":0,"7":0,"8":0},"b":{"0":[0,0],"1":[0,0],"2":[0,0]}}
}
