TN:
SF:src\composables\usePerfilUsuario.js
FN:8,usePerfilUsuario
FN:25,(anonymous_1)
FN:32,(anonymous_2)
FN:39,(anonymous_3)
FN:46,(anonymous_4)
FN:53,(anonymous_5)
FN:61,(anonymous_6)
FN:68,(anonymous_7)
FN:76,(anonymous_8)
FN:88,(anonymous_9)
FN:112,(anonymous_10)
FN:124,(anonymous_11)
FN:155,(anonymous_12)
FN:159,(anonymous_13)
FN:163,(anonymous_14)
FN:168,(anonymous_15)
FN:172,(anonymous_16)
FN:176,(anonymous_17)
FN:183,(anonymous_18)
FN:226,(anonymous_19)
FN:239,(anonymous_20)
FNF:21
FNH:0
FNDA:0,usePerfilUsuario
FNDA:0,(anonymous_1)
FNDA:0,(anonymous_2)
FNDA:0,(anonymous_3)
FNDA:0,(anonymous_4)
FNDA:0,(anonymous_5)
FNDA:0,(anonymous_6)
FNDA:0,(anonymous_7)
FNDA:0,(anonymous_8)
FNDA:0,(anonymous_9)
FNDA:0,(anonymous_10)
FNDA:0,(anonymous_11)
FNDA:0,(anonymous_12)
FNDA:0,(anonymous_13)
FNDA:0,(anonymous_14)
FNDA:0,(anonymous_15)
FNDA:0,(anonymous_16)
FNDA:0,(anonymous_17)
FNDA:0,(anonymous_18)
FNDA:0,(anonymous_19)
FNDA:0,(anonymous_20)
DA:13,0
DA:14,0
DA:15,0
DA:16,0
DA:25,0
DA:26,0
DA:32,0
DA:33,0
DA:39,0
DA:40,0
DA:46,0
DA:47,0
DA:53,0
DA:54,0
DA:55,0
DA:61,0
DA:62,0
DA:68,0
DA:69,0
DA:70,0
DA:76,0
DA:77,0
DA:78,0
DA:88,0
DA:89,0
DA:90,0
DA:91,0
DA:93,0
DA:98,0
DA:99,0
DA:102,0
DA:103,0
DA:105,0
DA:112,0
DA:113,0
DA:114,0
DA:116,0
DA:117,0
DA:124,0
DA:126,0
DA:127,0
DA:130,0
DA:131,0
DA:135,0
DA:136,0
DA:140,0
DA:141,0
DA:145,0
DA:146,0
DA:149,0
DA:155,0
DA:156,0
DA:159,0
DA:160,0
DA:163,0
DA:164,0
DA:168,0
DA:169,0
DA:172,0
DA:173,0
DA:176,0
DA:177,0
DA:183,0
DA:184,0
DA:187,0
DA:188,0
DA:200,0
DA:201,0
DA:207,0
DA:208,0
DA:214,0
DA:215,0
DA:220,0
DA:226,0
DA:227,0
DA:229,0
DA:230,0
DA:232,0
DA:239,0
DA:240,0
DA:247,0
LF:81
LH:0
BRDA:54,0,0,0
BRDA:54,0,1,0
BRDA:69,1,0,0
BRDA:69,1,1,0
BRDA:77,2,0,0
BRDA:77,2,1,0
BRDA:112,3,0,0
BRDA:127,4,0,0
BRDA:127,4,1,0
BRDA:130,5,0,0
BRDA:130,5,1,0
BRDA:135,6,0,0
BRDA:135,6,1,0
BRDA:140,7,0,0
BRDA:140,7,1,0
BRDA:141,8,0,0
BRDA:141,8,1,0
BRDA:145,9,0,0
BRDA:145,9,1,0
BRDA:146,10,0,0
BRDA:146,10,1,0
BRDA:164,11,0,0
BRDA:164,11,1,0
BRDA:187,12,0,0
BRDA:187,12,1,0
BRDA:200,13,0,0
BRDA:200,13,1,0
BRDA:207,14,0,0
BRDA:207,14,1,0
BRDA:214,15,0,0
BRDA:214,15,1,0
BRDA:227,16,0,0
BRDA:227,16,1,0
BRDA:229,17,0,0
BRDA:229,17,1,0
BRDA:230,18,0,0
BRDA:230,18,1,0
BRF:37
BRH:0
end_of_record
TN:
SF:src\config\emailConfig.js
FN:123,atualizarConfigEmail
FNF:1
FNH:0
FNDA:0,atualizarConfigEmail
DA:4,0
DA:45,0
DA:60,0
DA:124,0
LF:4
LH:0
BRF:0
BRH:0
end_of_record
TN:
SF:src\router\index.js
FN:103,(anonymous_0)
FN:147,(anonymous_1)
FN:153,(anonymous_2)
FN:172,(anonymous_3)
FN:179,(anonymous_4)
FN:186,(anonymous_5)
FN:193,(anonymous_6)
FN:205,(anonymous_7)
FN:206,(anonymous_8)
FNF:9
FNH:0
FNDA:0,(anonymous_0)
FNDA:0,(anonymous_1)
FNDA:0,(anonymous_2)
FNDA:0,(anonymous_3)
FNDA:0,(anonymous_4)
FNDA:0,(anonymous_5)
FNDA:0,(anonymous_6)
FNDA:0,(anonymous_7)
FNDA:0,(anonymous_8)
DA:20,0
DA:22,0
DA:103,0
DA:147,0
DA:153,0
DA:172,0
DA:179,0
DA:186,0
DA:193,0
DA:198,0
DA:205,0
DA:206,0
DA:209,0
DA:210,0
DA:211,0
DA:214,0
DA:215,0
DA:216,0
DA:219,0
DA:220,0
DA:221,0
DA:225,0
DA:226,0
DA:228,0
DA:229,0
DA:231,0
DA:233,0
DA:234,0
DA:235,0
DA:236,0
DA:242,0
DA:243,0
DA:244,0
DA:245,0
DA:249,0
DA:252,0
DA:253,0
DA:254,0
DA:258,0
DA:259,0
DA:260,0
DA:261,0
DA:265,0
DA:266,0
DA:268,0
DA:269,0
DA:270,0
DA:271,0
DA:276,0
DA:279,0
DA:280,0
DA:281,0
DA:285,0
DA:289,0
DA:291,0
DA:292,0
DA:294,0
LF:57
LH:0
BRDA:199,0,0,0
BRDA:199,0,1,0
BRDA:209,1,0,0
BRDA:209,1,1,0
BRDA:219,2,0,0
BRDA:219,2,1,0
BRDA:219,3,0,0
BRDA:219,3,1,0
BRDA:228,4,0,0
BRDA:228,4,1,0
BRDA:228,5,0,0
BRDA:228,5,1,0
BRDA:233,6,0,0
BRDA:233,6,1,0
BRDA:242,7,0,0
BRDA:242,7,1,0
BRDA:242,8,0,0
BRDA:242,8,1,0
BRDA:249,9,0,0
BRDA:249,9,1,0
BRDA:249,10,0,0
BRDA:249,10,1,0
BRDA:249,10,2,0
BRDA:258,11,0,0
BRDA:258,11,1,0
BRDA:258,12,0,0
BRDA:258,12,1,0
BRDA:265,13,0,0
BRDA:265,13,1,0
BRDA:268,14,0,0
BRDA:268,14,1,0
BRDA:291,15,0,0
BRDA:291,15,1,0
BRF:33
BRH:0
end_of_record
TN:
SF:src\services\assinaturaDigital.js
FN:11,(anonymous_0)
FN:20,(anonymous_1)
FN:35,(anonymous_2)
FN:37,(anonymous_3)
FN:48,(anonymous_4)
FN:64,(anonymous_5)
FN:97,(anonymous_6)
FN:103,(anonymous_7)
FN:109,(anonymous_8)
FN:113,(anonymous_9)
FN:114,(anonymous_10)
FN:125,(anonymous_11)
FN:165,(anonymous_12)
FN:175,(anonymous_13)
FN:182,(anonymous_14)
FNF:15
FNH:0
FNDA:0,(anonymous_0)
FNDA:0,(anonymous_1)
FNDA:0,(anonymous_2)
FNDA:0,(anonymous_3)
FNDA:0,(anonymous_4)
FNDA:0,(anonymous_5)
FNDA:0,(anonymous_6)
FNDA:0,(anonymous_7)
FNDA:0,(anonymous_8)
FNDA:0,(anonymous_9)
FNDA:0,(anonymous_10)
FNDA:0,(anonymous_11)
FNDA:0,(anonymous_12)
FNDA:0,(anonymous_13)
FNDA:0,(anonymous_14)
DA:12,0
DA:13,0
DA:21,0
DA:23,0
DA:24,0
DA:25,0
DA:27,0
DA:28,0
DA:37,0
DA:48,0
DA:49,0
DA:56,0
DA:65,0
DA:66,0
DA:67,0
DA:71,0
DA:74,0
DA:77,0
DA:85,0
DA:86,0
DA:89,0
DA:90,0
DA:98,0
DA:99,0
DA:100,0
DA:101,0
DA:102,0
DA:103,0
DA:113,0
DA:114,0
DA:116,0
DA:117,0
DA:126,0
DA:128,0
DA:131,0
DA:132,0
DA:139,0
DA:141,0
DA:142,0
DA:148,0
DA:155,0
DA:166,0
DA:167,0
DA:169,0
DA:176,0
DA:185,0
DA:194,0
LF:47
LH:0
BRDA:66,0,0,0
BRDA:66,0,1,0
BRDA:131,1,0,0
BRDA:131,1,1,0
BRDA:141,2,0,0
BRDA:141,2,1,0
BRF:6
BRH:0
end_of_record
TN:
SF:src\services\cnpjService.js
FN:4,validarCNPJ
FNF:1
FNH:0
FNDA:0,validarCNPJ
DA:2,0
DA:5,0
DA:7,0
DA:9,0
DA:10,0
DA:17,0
DA:19,0
DA:20,0
DA:21,0
DA:26,0
DA:29,0
DA:31,0
DA:41,0
DA:42,0
LF:14
LH:0
BRDA:9,0,0,0
BRDA:9,0,1,0
BRDA:19,1,0,0
BRDA:19,1,1,0
BRDA:20,2,0,0
BRDA:20,2,1,0
BRDA:36,3,0,0
BRDA:36,3,1,0
BRDA:37,4,0,0
BRDA:37,4,1,0
BRF:10
BRH:0
end_of_record
TN:
SF:src\services\documentosAdministrativos.js
FN:4,(anonymous_0)
FN:60,(anonymous_1)
FN:86,(anonymous_2)
FN:121,(anonymous_3)
FN:148,(anonymous_4)
FN:176,(anonymous_5)
FN:218,(anonymous_6)
FN:245,(anonymous_7)
FN:296,(anonymous_8)
FN:318,(anonymous_9)
FN:350,(anonymous_10)
FN:360,(anonymous_11)
FN:371,(anonymous_12)
FN:382,(anonymous_13)
FNF:14
FNH:0
FNDA:0,(anonymous_0)
FNDA:0,(anonymous_1)
FNDA:0,(anonymous_2)
FNDA:0,(anonymous_3)
FNDA:0,(anonymous_4)
FNDA:0,(anonymous_5)
FNDA:0,(anonymous_6)
FNDA:0,(anonymous_7)
FNDA:0,(anonymous_8)
FNDA:0,(anonymous_9)
FNDA:0,(anonymous_10)
FNDA:0,(anonymous_11)
FNDA:0,(anonymous_12)
FNDA:0,(anonymous_13)
DA:5,0
DA:6,0
DA:7,0
DA:8,0
DA:11,0
DA:34,0
DA:35,0
DA:38,0
DA:39,0
DA:42,0
DA:43,0
DA:46,0
DA:48,0
DA:49,0
DA:50,0
DA:53,0
DA:55,0
DA:56,0
DA:61,0
DA:62,0
DA:63,0
DA:64,0
DA:67,0
DA:74,0
DA:75,0
DA:76,0
DA:79,0
DA:81,0
DA:82,0
DA:87,0
DA:88,0
DA:89,0
DA:90,0
DA:92,0
DA:93,0
DA:96,0
DA:103,0
DA:109,0
DA:110,0
DA:111,0
DA:114,0
DA:116,0
DA:117,0
DA:122,0
DA:123,0
DA:124,0
DA:125,0
DA:128,0
DA:136,0
DA:137,0
DA:138,0
DA:141,0
DA:143,0
DA:144,0
DA:149,0
DA:150,0
DA:151,0
DA:152,0
DA:156,0
DA:164,0
DA:165,0
DA:166,0
DA:169,0
DA:171,0
DA:172,0
DA:177,0
DA:178,0
DA:179,0
DA:180,0
DA:184,0
DA:185,0
DA:186,0
DA:188,0
DA:195,0
DA:196,0
DA:197,0
DA:201,0
DA:205,0
DA:213,0
DA:214,0
DA:219,0
DA:220,0
DA:221,0
DA:225,0
DA:226,0
DA:227,0
DA:228,0
DA:230,0
DA:234,0
DA:235,0
DA:236,0
DA:238,0
DA:240,0
DA:241,0
DA:246,0
DA:247,0
DA:248,0
DA:249,0
DA:252,0
DA:259,0
DA:260,0
DA:264,0
DA:265,0
DA:268,0
DA:269,0
DA:272,0
DA:273,0
DA:276,0
DA:277,0
DA:280,0
DA:282,0
DA:284,0
DA:285,0
DA:286,0
DA:289,0
DA:291,0
DA:292,0
DA:297,0
DA:298,0
DA:299,0
DA:300,0
DA:304,0
DA:310,0
DA:311,0
DA:315,0
DA:318,0
DA:319,0
DA:320,0
DA:324,0
DA:325,0
DA:327,0
DA:334,0
DA:335,0
DA:338,0
DA:344,0
DA:345,0
DA:351,0
DA:353,0
DA:354,0
DA:355,0
DA:357,0
DA:361,0
DA:368,0
DA:372,0
DA:379,0
DA:383,0
DA:392,0
DA:394,0
DA:395,0
DA:398,0
DA:399,0
DA:402,0
LF:152
LH:0
BRDA:4,0,0,0
BRDA:7,1,0,0
BRDA:7,1,1,0
BRDA:34,2,0,0
BRDA:34,2,1,0
BRDA:38,3,0,0
BRDA:38,3,1,0
BRDA:42,4,0,0
BRDA:42,4,1,0
BRDA:42,5,0,0
BRDA:42,5,1,0
BRDA:48,6,0,0
BRDA:48,6,1,0
BRDA:53,7,0,0
BRDA:53,7,1,0
BRDA:63,8,0,0
BRDA:63,8,1,0
BRDA:74,9,0,0
BRDA:74,9,1,0
BRDA:92,10,0,0
BRDA:92,10,1,0
BRDA:92,11,0,0
BRDA:92,11,1,0
BRDA:109,12,0,0
BRDA:109,12,1,0
BRDA:124,13,0,0
BRDA:124,13,1,0
BRDA:136,14,0,0
BRDA:136,14,1,0
BRDA:151,15,0,0
BRDA:151,15,1,0
BRDA:164,16,0,0
BRDA:164,16,1,0
BRDA:176,17,0,0
BRDA:179,18,0,0
BRDA:179,18,1,0
BRDA:195,19,0,0
BRDA:195,19,1,0
BRDA:220,20,0,0
BRDA:220,20,1,0
BRDA:225,21,0,0
BRDA:225,21,1,0
BRDA:227,22,0,0
BRDA:227,22,1,0
BRDA:235,23,0,0
BRDA:235,23,1,0
BRDA:245,24,0,0
BRDA:248,25,0,0
BRDA:248,25,1,0
BRDA:259,26,0,0
BRDA:259,26,1,0
BRDA:264,27,0,0
BRDA:264,27,1,0
BRDA:268,28,0,0
BRDA:268,28,1,0
BRDA:272,29,0,0
BRDA:272,29,1,0
BRDA:276,30,0,0
BRDA:276,30,1,0
BRDA:284,31,0,0
BRDA:284,31,1,0
BRDA:289,32,0,0
BRDA:289,32,1,0
BRDA:299,33,0,0
BRDA:299,33,1,0
BRDA:310,34,0,0
BRDA:310,34,1,0
BRDA:319,35,0,0
BRDA:319,35,1,0
BRDA:334,36,0,0
BRDA:334,36,1,0
BRDA:351,37,0,0
BRDA:351,37,1,0
BRDA:368,38,0,0
BRDA:368,38,1,0
BRDA:379,39,0,0
BRDA:379,39,1,0
BRDA:394,40,0,0
BRDA:394,40,1,0
BRDA:398,41,0,0
BRDA:398,41,1,0
BRF:81
BRH:0
end_of_record
TN:
SF:src\services\editaisService.js
FN:10,(anonymous_0)
FN:44,(anonymous_1)
FN:78,(anonymous_2)
FN:120,(anonymous_3)
FN:156,(anonymous_4)
FN:198,(anonymous_5)
FN:220,(anonymous_6)
FN:228,(anonymous_7)
FN:252,(anonymous_8)
FN:264,(anonymous_9)
FN:277,(anonymous_10)
FN:295,(anonymous_11)
FNF:12
FNH:0
FNDA:0,(anonymous_0)
FNDA:0,(anonymous_1)
FNDA:0,(anonymous_2)
FNDA:0,(anonymous_3)
FNDA:0,(anonymous_4)
FNDA:0,(anonymous_5)
FNDA:0,(anonymous_6)
FNDA:0,(anonymous_7)
FNDA:0,(anonymous_8)
FNDA:0,(anonymous_9)
FNDA:0,(anonymous_10)
FNDA:0,(anonymous_11)
DA:11,0
DA:12,0
DA:13,0
DA:14,0
DA:17,0
DA:19,0
DA:25,0
DA:26,0
DA:27,0
DA:30,0
DA:32,0
DA:33,0
DA:45,0
DA:46,0
DA:47,0
DA:48,0
DA:51,0
DA:59,0
DA:60,0
DA:61,0
DA:64,0
DA:66,0
DA:67,0
DA:79,0
DA:80,0
DA:81,0
DA:82,0
DA:86,0
DA:87,0
DA:88,0
DA:91,0
DA:103,0
DA:104,0
DA:105,0
DA:108,0
DA:110,0
DA:111,0
DA:121,0
DA:122,0
DA:123,0
DA:124,0
DA:127,0
DA:139,0
DA:140,0
DA:141,0
DA:144,0
DA:146,0
DA:147,0
DA:157,0
DA:158,0
DA:159,0
DA:160,0
DA:163,0
DA:172,0
DA:173,0
DA:176,0
DA:177,0
DA:180,0
DA:182,0
DA:183,0
DA:184,0
DA:187,0
DA:189,0
DA:190,0
DA:199,0
DA:200,0
DA:201,0
DA:202,0
DA:205,0
DA:211,0
DA:212,0
DA:213,0
DA:216,0
DA:217,0
DA:220,0
DA:221,0
DA:222,0
DA:223,0
DA:227,0
DA:229,0
DA:230,0
DA:232,0
DA:235,0
DA:241,0
DA:242,0
DA:253,0
DA:254,0
DA:256,0
DA:265,0
DA:268,0
DA:269,0
DA:278,0
DA:279,0
DA:282,0
DA:283,0
DA:296,0
DA:297,0
LF:97
LH:0
BRDA:10,0,0,0
BRDA:13,1,0,0
BRDA:13,1,1,0
BRDA:17,2,0,0
BRDA:17,2,1,0
BRDA:25,3,0,0
BRDA:25,3,1,0
BRDA:30,4,0,0
BRDA:30,4,1,0
BRDA:44,5,0,0
BRDA:47,6,0,0
BRDA:47,6,1,0
BRDA:59,7,0,0
BRDA:59,7,1,0
BRDA:81,8,0,0
BRDA:81,8,1,0
BRDA:87,9,0,0
BRDA:87,9,1,0
BRDA:103,10,0,0
BRDA:103,10,1,0
BRDA:123,11,0,0
BRDA:123,11,1,0
BRDA:139,12,0,0
BRDA:139,12,1,0
BRDA:156,13,0,0
BRDA:159,14,0,0
BRDA:159,14,1,0
BRDA:172,15,0,0
BRDA:172,15,1,0
BRDA:176,16,0,0
BRDA:176,16,1,0
BRDA:182,17,0,0
BRDA:182,17,1,0
BRDA:187,18,0,0
BRDA:187,18,1,0
BRDA:201,19,0,0
BRDA:201,19,1,0
BRDA:211,20,0,0
BRDA:211,20,1,0
BRDA:216,21,0,0
BRDA:216,21,1,0
BRDA:222,22,0,0
BRDA:222,22,1,0
BRDA:227,23,0,0
BRDA:227,23,1,0
BRDA:229,24,0,0
BRDA:229,24,1,0
BRDA:238,25,0,0
BRDA:238,25,1,0
BRDA:253,26,0,0
BRDA:253,26,1,0
BRDA:253,27,0,0
BRDA:253,27,1,0
BRDA:265,28,0,0
BRDA:265,28,1,0
BRDA:278,29,0,0
BRDA:278,29,1,0
BRDA:278,30,0,0
BRDA:278,30,1,0
BRF:59
BRH:0
end_of_record
TN:
SF:src\services\emailNotificationService.js
FN:23,(anonymous_0)
FN:152,(anonymous_1)
FN:239,(anonymous_2)
FN:359,(anonymous_3)
FN:380,(anonymous_4)
FN:383,(anonymous_5)
FN:391,(anonymous_6)
FN:446,(anonymous_7)
FN:479,(anonymous_8)
FN:489,(anonymous_9)
FN:508,(anonymous_10)
FN:526,(anonymous_11)
FN:541,(anonymous_12)
FN:608,(anonymous_13)
FN:659,(anonymous_14)
FN:675,(anonymous_15)
FN:704,(anonymous_16)
FNF:17
FNH:0
FNDA:0,(anonymous_0)
FNDA:0,(anonymous_1)
FNDA:0,(anonymous_2)
FNDA:0,(anonymous_3)
FNDA:0,(anonymous_4)
FNDA:0,(anonymous_5)
FNDA:0,(anonymous_6)
FNDA:0,(anonymous_7)
FNDA:0,(anonymous_8)
FNDA:0,(anonymous_9)
FNDA:0,(anonymous_10)
FNDA:0,(anonymous_11)
FNDA:0,(anonymous_12)
FNDA:0,(anonymous_13)
FNDA:0,(anonymous_14)
FNDA:0,(anonymous_15)
FNDA:0,(anonymous_16)
DA:5,0
DA:12,0
DA:17,0
DA:24,0
DA:145,0
DA:153,0
DA:155,0
DA:209,0
DA:211,0
DA:212,0
DA:216,0
DA:223,0
DA:224,0
DA:225,0
DA:228,0
DA:230,0
DA:231,0
DA:240,0
DA:241,0
DA:244,0
DA:245,0
DA:246,0
DA:248,0
DA:249,0
DA:250,0
DA:254,0
DA:257,0
DA:258,0
DA:259,0
DA:260,0
DA:265,0
DA:266,0
DA:267,0
DA:271,0
DA:278,0
DA:279,0
DA:280,0
DA:284,0
DA:286,0
DA:287,0
DA:288,0
DA:292,0
DA:293,0
DA:294,0
DA:295,0
DA:296,0
DA:297,0
DA:298,0
DA:302,0
DA:305,0
DA:323,0
DA:324,0
DA:325,0
DA:326,0
DA:329,0
DA:339,0
DA:348,0
DA:350,0
DA:352,0
DA:354,0
DA:355,0
DA:360,0
DA:361,0
DA:369,0
DA:370,0
DA:373,0
DA:375,0
DA:376,0
DA:381,0
DA:383,0
DA:384,0
DA:385,0
DA:388,0
DA:392,0
DA:443,0
DA:447,0
DA:469,0
DA:480,0
DA:481,0
DA:482,0
DA:483,0
DA:485,0
DA:487,0
DA:488,0
DA:489,0
DA:490,0
DA:493,0
DA:494,0
DA:495,0
DA:498,0
DA:500,0
DA:501,0
DA:509,0
DA:510,0
DA:511,0
DA:513,0
DA:519,0
DA:520,0
DA:521,0
DA:524,0
DA:525,0
DA:526,0
DA:527,0
DA:530,0
DA:532,0
DA:533,0
DA:542,0
DA:543,0
DA:544,0
DA:547,0
DA:548,0
DA:550,0
DA:551,0
DA:552,0
DA:553,0
DA:557,0
DA:558,0
DA:560,0
DA:561,0
DA:562,0
DA:563,0
DA:567,0
DA:568,0
DA:569,0
DA:572,0
DA:573,0
DA:580,0
DA:587,0
DA:588,0
DA:589,0
DA:590,0
DA:592,0
DA:595,0
DA:596,0
DA:599,0
DA:600,0
DA:609,0
DA:610,0
DA:612,0
DA:613,0
DA:615,0
DA:616,0
DA:618,0
DA:619,0
DA:620,0
DA:621,0
DA:624,0
DA:636,0
DA:643,0
DA:644,0
DA:645,0
DA:647,0
DA:648,0
DA:652,0
DA:653,0
DA:657,0
DA:658,0
DA:659,0
DA:663,0
DA:664,0
DA:665,0
DA:666,0
DA:668,0
DA:676,0
DA:677,0
DA:678,0
DA:680,0
DA:681,0
DA:684,0
DA:691,0
DA:692,0
DA:693,0
DA:696,0
DA:697,0
DA:700,0
DA:705,0
DA:706,0
DA:710,0
DA:711,0
DA:713,0
DA:715,0
DA:722,0
DA:723,0
DA:724,0
DA:726,0
DA:737,0
LF:186
LH:0
BRDA:145,0,0,0
BRDA:145,0,1,0
BRDA:209,1,0,0
BRDA:209,1,1,0
BRDA:211,2,0,0
BRDA:211,2,1,0
BRDA:223,3,0,0
BRDA:223,3,1,0
BRDA:228,4,0,0
BRDA:228,4,1,0
BRDA:239,5,0,0
BRDA:248,6,0,0
BRDA:248,6,1,0
BRDA:248,7,0,0
BRDA:248,7,1,0
BRDA:257,8,0,0
BRDA:257,8,1,0
BRDA:259,9,0,0
BRDA:259,9,1,0
BRDA:266,10,0,0
BRDA:266,10,1,0
BRDA:278,11,0,0
BRDA:278,11,1,0
BRDA:278,12,0,0
BRDA:278,12,1,0
BRDA:286,13,0,0
BRDA:286,13,1,0
BRDA:293,14,0,0
BRDA:293,14,1,0
BRDA:295,15,0,0
BRDA:295,15,1,0
BRDA:297,16,0,0
BRDA:297,16,1,0
BRDA:306,17,0,0
BRDA:306,17,1,0
BRDA:307,18,0,0
BRDA:307,18,1,0
BRDA:309,19,0,0
BRDA:309,19,1,0
BRDA:310,20,0,0
BRDA:310,20,1,0
BRDA:310,20,2,0
BRDA:311,21,0,0
BRDA:311,21,1,0
BRDA:369,22,0,0
BRDA:369,22,1,0
BRDA:385,23,0,0
BRDA:385,23,1,0
BRDA:443,24,0,0
BRDA:443,24,1,0
BRDA:469,25,0,0
BRDA:469,25,1,0
BRDA:479,26,0,0
BRDA:493,27,0,0
BRDA:493,27,1,0
BRDA:519,28,0,0
BRDA:519,28,1,0
BRDA:527,29,0,0
BRDA:527,29,1,0
BRDA:530,30,0,0
BRDA:530,30,1,0
BRDA:550,31,0,0
BRDA:550,31,1,0
BRDA:560,32,0,0
BRDA:560,32,1,0
BRDA:587,33,0,0
BRDA:587,33,1,0
BRDA:643,34,0,0
BRDA:643,34,1,0
BRDA:657,35,0,0
BRDA:657,35,1,0
BRDA:678,36,0,0
BRDA:678,36,1,0
BRDA:691,37,0,0
BRDA:691,37,1,0
BRDA:696,38,0,0
BRDA:696,38,1,0
BRDA:713,39,0,0
BRDA:713,39,1,0
BRDA:716,40,0,0
BRDA:716,40,1,0
BRF:81
BRH:0
end_of_record
TN:
SF:src\services\emailService.js
FN:26,(anonymous_0)
FN:87,(anonymous_1)
FN:160,enviarEmailParticipanteStatus
FN:279,enviarEmailDiligencia
FN:449,(anonymous_4)
FN:486,buscarHistoricoEmails
FN:504,configurarEmailOrganizacao
FN:510,registrarEmailEnviado
FN:573,gerarHTMLLembreteFeedback
FN:712,enviarLembreteFeedback
FN:763,registrarLembreteEnviado
FN:788,processarLembretesPendentes
FN:839,(anonymous_12)
FN:862,salvarFeedbackRDM
FN:898,(anonymous_14)
FN:983,enviarEmailNovoProduto
FN:1049,processarNovosProdutosPendentes
FN:1106,(anonymous_17)
FN:1160,gerarHTMLLembreteAvaliacao
FN:1328,enviarLembreteAvaliacao
FN:1379,processarLembretesAvaliacao
FN:1450,(anonymous_21)
FN:1473,iniciarSistemaNotificacoes
FN:1481,(anonymous_23)
FN:1491,iniciarSistemaLembretes
FN:1500,adicionarProdutoParaUsuarioRDM
FN:1526,marcarProdutoComoAvaliado
FN:1550,buscarProdutosPendentesAvaliacao
FN:1571,buscarHistoricoLembretes
FN:1605,obterEstatisticasNotificacoes
FN:1628,(anonymous_30)
FN:1629,(anonymous_31)
FN:1632,(anonymous_32)
FN:1633,(anonymous_33)
FN:1636,(anonymous_34)
FN:1637,(anonymous_35)
FN:1640,(anonymous_36)
FN:1641,(anonymous_37)
FN:1642,(anonymous_38)
FN:1643,(anonymous_39)
FN:1647,(anonymous_40)
FNF:41
FNH:0
FNDA:0,(anonymous_0)
FNDA:0,(anonymous_1)
FNDA:0,enviarEmailParticipanteStatus
FNDA:0,enviarEmailDiligencia
FNDA:0,(anonymous_4)
FNDA:0,buscarHistoricoEmails
FNDA:0,configurarEmailOrganizacao
FNDA:0,registrarEmailEnviado
FNDA:0,gerarHTMLLembreteFeedback
FNDA:0,enviarLembreteFeedback
FNDA:0,registrarLembreteEnviado
FNDA:0,processarLembretesPendentes
FNDA:0,(anonymous_12)
FNDA:0,salvarFeedbackRDM
FNDA:0,(anonymous_14)
FNDA:0,enviarEmailNovoProduto
FNDA:0,processarNovosProdutosPendentes
FNDA:0,(anonymous_17)
FNDA:0,gerarHTMLLembreteAvaliacao
FNDA:0,enviarLembreteAvaliacao
FNDA:0,processarLembretesAvaliacao
FNDA:0,(anonymous_21)
FNDA:0,iniciarSistemaNotificacoes
FNDA:0,(anonymous_23)
FNDA:0,iniciarSistemaLembretes
FNDA:0,adicionarProdutoParaUsuarioRDM
FNDA:0,marcarProdutoComoAvaliado
FNDA:0,buscarProdutosPendentesAvaliacao
FNDA:0,buscarHistoricoLembretes
FNDA:0,obterEstatisticasNotificacoes
FNDA:0,(anonymous_30)
FNDA:0,(anonymous_31)
FNDA:0,(anonymous_32)
FNDA:0,(anonymous_33)
FNDA:0,(anonymous_34)
FNDA:0,(anonymous_35)
FNDA:0,(anonymous_36)
FNDA:0,(anonymous_37)
FNDA:0,(anonymous_38)
FNDA:0,(anonymous_39)
FNDA:0,(anonymous_40)
DA:8,0
DA:23,0
DA:26,0
DA:87,0
DA:161,0
DA:162,0
DA:165,0
DA:200,0
DA:203,0
DA:208,0
DA:215,0
DA:226,0
DA:227,0
DA:228,0
DA:229,0
DA:230,0
DA:231,0
DA:232,0
DA:235,0
DA:242,0
DA:245,0
DA:254,0
DA:261,0
DA:264,0
DA:274,0
DA:280,0
DA:281,0
DA:284,0
DA:285,0
DA:286,0
DA:287,0
DA:288,0
DA:289,0
DA:291,0
DA:292,0
DA:296,0
DA:300,0
DA:301,0
DA:305,0
DA:324,0
DA:338,0
DA:339,0
DA:343,0
DA:344,0
DA:346,0
DA:348,0
DA:367,0
DA:368,0
DA:371,0
DA:378,0
DA:379,0
DA:380,0
DA:381,0
DA:384,0
DA:391,0
DA:394,0
DA:395,0
DA:399,0
DA:400,0
DA:410,0
DA:411,0
DA:412,0
DA:414,0
DA:421,0
DA:424,0
DA:425,0
DA:435,0
DA:445,0
DA:446,0
DA:449,0
DA:452,0
DA:453,0
DA:462,0
DA:468,0
DA:475,0
DA:477,0
DA:487,0
DA:488,0
DA:494,0
DA:496,0
DA:498,0
DA:499,0
DA:505,0
DA:506,0
DA:511,0
DA:512,0
DA:528,0
DA:529,0
DA:531,0
DA:534,0
DA:539,0
DA:546,0
DA:552,0
DA:574,0
DA:575,0
DA:577,0
DA:713,0
DA:714,0
DA:716,0
DA:717,0
DA:719,0
DA:730,0
DA:731,0
DA:738,0
DA:739,0
DA:742,0
DA:744,0
DA:746,0
DA:750,0
DA:753,0
DA:755,0
DA:764,0
DA:765,0
DA:774,0
DA:775,0
DA:777,0
DA:780,0
DA:789,0
DA:790,0
DA:793,0
DA:796,0
DA:797,0
DA:798,0
DA:801,0
DA:802,0
DA:803,0
DA:806,0
DA:808,0
DA:809,0
DA:812,0
DA:813,0
DA:815,0
DA:828,0
DA:830,0
DA:831,0
DA:832,0
DA:834,0
DA:835,0
DA:839,0
DA:842,0
DA:844,0
DA:853,0
DA:854,0
DA:863,0
DA:864,0
DA:866,0
DA:878,0
DA:879,0
DA:880,0
DA:883,0
DA:884,0
DA:887,0
DA:888,0
DA:896,0
DA:898,0
DA:984,0
DA:985,0
DA:987,0
DA:988,0
DA:990,0
DA:1001,0
DA:1002,0
DA:1009,0
DA:1010,0
DA:1013,0
DA:1022,0
DA:1024,0
DA:1028,0
DA:1031,0
DA:1041,0
DA:1050,0
DA:1051,0
DA:1054,0
DA:1057,0
DA:1058,0
DA:1059,0
DA:1062,0
DA:1063,0
DA:1064,0
DA:1067,0
DA:1069,0
DA:1070,0
DA:1073,0
DA:1074,0
DA:1076,0
DA:1089,0
DA:1091,0
DA:1092,0
DA:1093,0
DA:1096,0
DA:1101,0
DA:1102,0
DA:1106,0
DA:1109,0
DA:1111,0
DA:1120,0
DA:1121,0
DA:1129,0
DA:1161,0
DA:1162,0
DA:1164,0
DA:1329,0
DA:1330,0
DA:1332,0
DA:1333,0
DA:1335,0
DA:1346,0
DA:1347,0
DA:1354,0
DA:1355,0
DA:1358,0
DA:1360,0
DA:1362,0
DA:1366,0
DA:1369,0
DA:1371,0
DA:1380,0
DA:1381,0
DA:1384,0
DA:1387,0
DA:1388,0
DA:1389,0
DA:1392,0
DA:1393,0
DA:1394,0
DA:1397,0
DA:1399,0
DA:1400,0
DA:1403,0
DA:1404,0
DA:1406,0
DA:1419,0
DA:1421,0
DA:1422,0
DA:1423,0
DA:1426,0
DA:1435,0
DA:1436,0
DA:1439,0
DA:1450,0
DA:1453,0
DA:1455,0
DA:1464,0
DA:1465,0
DA:1474,0
DA:1477,0
DA:1478,0
DA:1481,0
DA:1482,0
DA:1483,0
DA:1484,0
DA:1487,0
DA:1492,0
DA:1501,0
DA:1502,0
DA:1504,0
DA:1511,0
DA:1512,0
DA:1513,0
DA:1516,0
DA:1517,0
DA:1520,0
DA:1521,0
DA:1527,0
DA:1528,0
DA:1530,0
DA:1535,0
DA:1536,0
DA:1537,0
DA:1540,0
DA:1541,0
DA:1544,0
DA:1545,0
DA:1551,0
DA:1552,0
DA:1554,0
DA:1556,0
DA:1557,0
DA:1558,0
DA:1561,0
DA:1562,0
DA:1565,0
DA:1566,0
DA:1572,0
DA:1573,0
DA:1575,0
DA:1580,0
DA:1581,0
DA:1584,0
DA:1585,0
DA:1588,0
DA:1590,0
DA:1591,0
DA:1592,0
DA:1595,0
DA:1596,0
DA:1599,0
DA:1600,0
DA:1606,0
DA:1607,0
DA:1614,0
DA:1620,0
DA:1621,0
DA:1622,0
DA:1626,0
DA:1628,0
DA:1629,0
DA:1632,0
DA:1633,0
DA:1636,0
DA:1637,0
DA:1640,0
DA:1641,0
DA:1642,0
DA:1643,0
DA:1647,0
DA:1650,0
DA:1651,0
DA:1654,0
DA:1655,0
LF:320
LH:0
BRDA:88,0,0,0
BRDA:88,0,1,0
BRDA:88,1,0,0
BRDA:88,1,1,0
BRDA:92,2,0,0
BRDA:92,2,1,0
BRDA:110,3,0,0
BRDA:110,3,1,0
BRDA:130,4,0,0
BRDA:130,4,1,0
BRDA:160,5,0,0
BRDA:160,6,0,0
BRDA:171,7,0,0
BRDA:171,7,1,0
BRDA:178,8,0,0
BRDA:178,8,1,0
BRDA:179,9,0,0
BRDA:179,9,1,0
BRDA:203,10,0,0
BRDA:203,10,1,0
BRDA:223,11,0,0
BRDA:223,11,1,0
BRDA:267,12,0,0
BRDA:267,12,1,0
BRDA:286,13,0,0
BRDA:286,13,1,0
BRDA:288,14,0,0
BRDA:288,14,1,0
BRDA:291,15,0,0
BRDA:291,15,1,0
BRDA:300,16,0,0
BRDA:300,16,1,0
BRDA:300,17,0,0
BRDA:300,17,1,0
BRDA:300,17,2,0
BRDA:338,18,0,0
BRDA:338,18,1,0
BRDA:343,19,0,0
BRDA:343,19,1,0
BRDA:343,20,0,0
BRDA:343,20,1,0
BRDA:354,21,0,0
BRDA:354,21,1,0
BRDA:399,22,0,0
BRDA:399,22,1,0
BRDA:424,23,0,0
BRDA:424,23,1,0
BRDA:452,24,0,0
BRDA:452,24,1,0
BRDA:479,25,0,0
BRDA:479,25,1,0
BRDA:494,26,0,0
BRDA:494,26,1,0
BRDA:496,27,0,0
BRDA:496,27,1,0
BRDA:518,28,0,0
BRDA:518,28,1,0
BRDA:519,29,0,0
BRDA:519,29,1,0
BRDA:520,30,0,0
BRDA:520,30,1,0
BRDA:521,31,0,0
BRDA:521,31,1,0
BRDA:523,32,0,0
BRDA:523,32,1,0
BRDA:528,33,0,0
BRDA:528,33,1,0
BRDA:586,34,0,0
BRDA:586,34,1,0
BRDA:586,35,0,0
BRDA:586,35,1,0
BRDA:589,36,0,0
BRDA:589,36,1,0
BRDA:589,37,0,0
BRDA:589,37,1,0
BRDA:612,38,0,0
BRDA:612,38,1,0
BRDA:614,39,0,0
BRDA:614,39,1,0
BRDA:627,40,0,0
BRDA:627,40,1,0
BRDA:639,41,0,0
BRDA:639,41,1,0
BRDA:639,42,0,0
BRDA:639,42,1,0
BRDA:640,43,0,0
BRDA:640,43,1,0
BRDA:640,44,0,0
BRDA:640,44,1,0
BRDA:680,45,0,0
BRDA:680,45,1,0
BRDA:738,46,0,0
BRDA:738,46,1,0
BRDA:774,47,0,0
BRDA:774,47,1,0
BRDA:796,48,0,0
BRDA:796,48,1,0
BRDA:801,49,0,0
BRDA:801,49,1,0
BRDA:801,50,0,0
BRDA:801,50,1,0
BRDA:830,51,0,0
BRDA:830,51,1,0
BRDA:875,52,0,0
BRDA:875,52,1,0
BRDA:878,53,0,0
BRDA:878,53,1,0
BRDA:1009,54,0,0
BRDA:1009,54,1,0
BRDA:1057,55,0,0
BRDA:1057,55,1,0
BRDA:1062,56,0,0
BRDA:1062,56,1,0
BRDA:1062,57,0,0
BRDA:1062,57,1,0
BRDA:1091,58,0,0
BRDA:1091,58,1,0
BRDA:1200,59,0,0
BRDA:1200,59,1,0
BRDA:1202,60,0,0
BRDA:1202,60,1,0
BRDA:1204,61,0,0
BRDA:1204,61,1,0
BRDA:1217,62,0,0
BRDA:1217,62,1,0
BRDA:1225,63,0,0
BRDA:1225,63,1,0
BRDA:1238,64,0,0
BRDA:1238,64,1,0
BRDA:1238,65,0,0
BRDA:1238,65,1,0
BRDA:1239,66,0,0
BRDA:1239,66,1,0
BRDA:1239,67,0,0
BRDA:1239,67,1,0
BRDA:1270,68,0,0
BRDA:1270,68,1,0
BRDA:1272,69,0,0
BRDA:1272,69,1,0
BRDA:1288,70,0,0
BRDA:1288,70,1,0
BRDA:1296,71,0,0
BRDA:1296,71,1,0
BRDA:1354,72,0,0
BRDA:1354,72,1,0
BRDA:1387,73,0,0
BRDA:1387,73,1,0
BRDA:1392,74,0,0
BRDA:1392,74,1,0
BRDA:1392,75,0,0
BRDA:1392,75,1,0
BRDA:1421,76,0,0
BRDA:1421,76,1,0
BRDA:1500,77,0,0
BRDA:1511,78,0,0
BRDA:1511,78,1,0
BRDA:1535,79,0,0
BRDA:1535,79,1,0
BRDA:1556,80,0,0
BRDA:1556,80,1,0
BRDA:1561,81,0,0
BRDA:1561,81,1,0
BRDA:1562,82,0,0
BRDA:1562,82,1,0
BRDA:1571,83,0,0
BRDA:1571,84,0,0
BRDA:1580,85,0,0
BRDA:1580,85,1,0
BRDA:1584,86,0,0
BRDA:1584,86,1,0
BRDA:1590,87,0,0
BRDA:1590,87,1,0
BRDA:1595,88,0,0
BRDA:1595,88,1,0
BRDA:1596,89,0,0
BRDA:1596,89,1,0
BRDA:1620,90,0,0
BRDA:1620,90,1,0
BRDA:1620,91,0,0
BRDA:1620,91,1,0
BRDA:1620,91,2,0
BRDA:1627,92,0,0
BRDA:1627,92,1,0
BRDA:1628,93,0,0
BRDA:1628,93,1,0
BRDA:1629,94,0,0
BRDA:1629,94,1,0
BRDA:1631,95,0,0
BRDA:1631,95,1,0
BRDA:1632,96,0,0
BRDA:1632,96,1,0
BRDA:1633,97,0,0
BRDA:1633,97,1,0
BRDA:1635,98,0,0
BRDA:1635,98,1,0
BRDA:1636,99,0,0
BRDA:1636,99,1,0
BRDA:1637,100,0,0
BRDA:1637,100,1,0
BRDA:1640,101,0,0
BRDA:1640,101,1,0
BRDA:1641,102,0,0
BRDA:1641,102,1,0
BRDA:1642,103,0,0
BRDA:1642,103,1,0
BRDA:1643,104,0,0
BRDA:1643,104,1,0
BRDA:1646,105,0,0
BRDA:1646,105,1,0
BRF:209
BRH:0
end_of_record
TN:
SF:src\services\exportService.js
FN:6,exportToCSV
FN:18,(anonymous_1)
FN:19,(anonymous_2)
FN:47,exportToExcel
FN:59,(anonymous_4)
FN:60,(anonymous_5)
FN:83,downloadFile
FN:97,(anonymous_7)
FN:103,exportCotacoes
FN:145,(anonymous_9)
FN:179,formatCurrency
FN:187,formatCNPJ
FN:192,formatDate
FN:197,getStatusLabel
FN:210,exportComparativos
FN:216,(anonymous_15)
FN:245,exportAnalises
FN:251,(anonymous_17)
FNF:18
FNH:0
FNDA:0,exportToCSV
FNDA:0,(anonymous_1)
FNDA:0,(anonymous_2)
FNDA:0,exportToExcel
FNDA:0,(anonymous_4)
FNDA:0,(anonymous_5)
FNDA:0,downloadFile
FNDA:0,(anonymous_7)
FNDA:0,exportCotacoes
FNDA:0,(anonymous_9)
FNDA:0,formatCurrency
FNDA:0,formatCNPJ
FNDA:0,formatDate
FNDA:0,getStatusLabel
FNDA:0,exportComparativos
FNDA:0,(anonymous_15)
FNDA:0,exportAnalises
FNDA:0,(anonymous_17)
DA:7,0
DA:8,0
DA:12,0
DA:15,0
DA:18,0
DA:19,0
DA:20,0
DA:23,0
DA:25,0
DA:27,0
DA:28,0
DA:30,0
DA:31,0
DA:32,0
DA:34,0
DA:37,0
DA:39,0
DA:43,0
DA:48,0
DA:49,0
DA:53,0
DA:56,0
DA:57,0
DA:59,0
DA:60,0
DA:61,0
DA:63,0
DA:65,0
DA:66,0
DA:67,0
DA:68,0
DA:70,0
DA:73,0
DA:75,0
DA:79,0
DA:84,0
DA:85,0
DA:87,0
DA:88,0
DA:89,0
DA:90,0
DA:92,0
DA:93,0
DA:94,0
DA:97,0
DA:98,0
DA:104,0
DA:105,0
DA:109,0
DA:127,0
DA:145,0
DA:146,0
DA:165,0
DA:166,0
DA:167,0
DA:169,0
DA:170,0
DA:171,0
DA:173,0
DA:174,0
DA:180,0
DA:181,0
DA:188,0
DA:189,0
DA:193,0
DA:194,0
DA:198,0
DA:206,0
DA:211,0
DA:212,0
DA:216,0
DA:217,0
DA:231,0
DA:232,0
DA:233,0
DA:235,0
DA:236,0
DA:237,0
DA:239,0
DA:240,0
DA:246,0
DA:247,0
DA:251,0
DA:252,0
DA:268,0
DA:269,0
DA:270,0
DA:272,0
DA:273,0
DA:274,0
DA:276,0
DA:277,0
LF:92
LH:0
BRDA:6,0,0,0
BRDA:6,1,0,0
BRDA:7,2,0,0
BRDA:7,2,1,0
BRDA:7,3,0,0
BRDA:7,3,1,0
BRDA:12,4,0,0
BRDA:12,4,1,0
BRDA:20,5,0,0
BRDA:20,5,1,0
BRDA:23,6,0,0
BRDA:23,6,1,0
BRDA:27,7,0,0
BRDA:27,7,1,0
BRDA:27,8,0,0
BRDA:27,8,1,0
BRDA:27,8,2,0
BRDA:27,8,3,0
BRDA:30,9,0,0
BRDA:30,9,1,0
BRDA:32,10,0,0
BRDA:32,10,1,0
BRDA:47,11,0,0
BRDA:47,12,0,0
BRDA:48,13,0,0
BRDA:48,13,1,0
BRDA:48,14,0,0
BRDA:48,14,1,0
BRDA:53,15,0,0
BRDA:53,15,1,0
BRDA:61,16,0,0
BRDA:61,16,1,0
BRDA:63,17,0,0
BRDA:63,17,1,0
BRDA:66,18,0,0
BRDA:66,18,1,0
BRDA:68,19,0,0
BRDA:68,19,1,0
BRDA:103,20,0,0
BRDA:104,21,0,0
BRDA:104,21,1,0
BRDA:104,22,0,0
BRDA:104,22,1,0
BRDA:147,23,0,0
BRDA:147,23,1,0
BRDA:148,24,0,0
BRDA:148,24,1,0
BRDA:149,25,0,0
BRDA:149,25,1,0
BRDA:150,26,0,0
BRDA:150,26,1,0
BRDA:151,27,0,0
BRDA:151,27,1,0
BRDA:152,28,0,0
BRDA:152,28,1,0
BRDA:153,29,0,0
BRDA:153,29,1,0
BRDA:154,30,0,0
BRDA:154,30,1,0
BRDA:155,31,0,0
BRDA:155,31,1,0
BRDA:156,32,0,0
BRDA:156,32,1,0
BRDA:157,33,0,0
BRDA:157,33,1,0
BRDA:158,34,0,0
BRDA:158,34,1,0
BRDA:159,35,0,0
BRDA:159,35,1,0
BRDA:160,36,0,0
BRDA:160,36,1,0
BRDA:169,37,0,0
BRDA:169,37,1,0
BRDA:180,38,0,0
BRDA:180,38,1,0
BRDA:188,39,0,0
BRDA:188,39,1,0
BRDA:193,40,0,0
BRDA:193,40,1,0
BRDA:206,41,0,0
BRDA:206,41,1,0
BRDA:210,42,0,0
BRDA:211,43,0,0
BRDA:211,43,1,0
BRDA:211,44,0,0
BRDA:211,44,1,0
BRDA:218,45,0,0
BRDA:218,45,1,0
BRDA:219,46,0,0
BRDA:219,46,1,0
BRDA:220,47,0,0
BRDA:220,47,1,0
BRDA:221,48,0,0
BRDA:221,48,1,0
BRDA:222,49,0,0
BRDA:222,49,1,0
BRDA:223,50,0,0
BRDA:223,50,1,0
BRDA:224,51,0,0
BRDA:224,51,1,0
BRDA:225,52,0,0
BRDA:225,52,1,0
BRDA:226,53,0,0
BRDA:226,53,1,0
BRDA:227,54,0,0
BRDA:227,54,1,0
BRDA:235,55,0,0
BRDA:235,55,1,0
BRDA:245,56,0,0
BRDA:246,57,0,0
BRDA:246,57,1,0
BRDA:246,58,0,0
BRDA:246,58,1,0
BRDA:253,59,0,0
BRDA:253,59,1,0
BRDA:254,60,0,0
BRDA:254,60,1,0
BRDA:255,61,0,0
BRDA:255,61,1,0
BRDA:256,62,0,0
BRDA:256,62,1,0
BRDA:257,63,0,0
BRDA:257,63,1,0
BRDA:258,64,0,0
BRDA:258,64,1,0
BRDA:259,65,0,0
BRDA:259,65,1,0
BRDA:260,66,0,0
BRDA:260,66,1,0
BRDA:261,67,0,0
BRDA:261,67,1,0
BRDA:262,68,0,0
BRDA:262,68,1,0
BRDA:263,69,0,0
BRDA:263,69,1,0
BRDA:264,70,0,0
BRDA:264,70,1,0
BRDA:272,71,0,0
BRDA:272,71,1,0
BRF:139
BRH:0
end_of_record
TN:
SF:src\services\geminiService.js
FN:36,(anonymous_0)
FN:36,(anonymous_1)
FN:39,(anonymous_2)
FN:45,(anonymous_3)
FN:62,(anonymous_4)
FN:79,(anonymous_5)
FN:90,(anonymous_6)
FN:204,(anonymous_7)
FNF:8
FNH:0
FNDA:0,(anonymous_0)
FNDA:0,(anonymous_1)
FNDA:0,(anonymous_2)
FNDA:0,(anonymous_3)
FNDA:0,(anonymous_4)
FNDA:0,(anonymous_5)
FNDA:0,(anonymous_6)
FNDA:0,(anonymous_7)
DA:1,0
DA:4,0
DA:28,0
DA:36,0
DA:39,0
DA:40,0
DA:41,0
DA:45,0
DA:47,0
DA:48,0
DA:52,0
DA:53,0
DA:55,0
DA:58,0
DA:62,0
DA:64,0
DA:65,0
DA:69,0
DA:70,0
DA:72,0
DA:75,0
DA:79,0
DA:80,0
DA:81,0
DA:83,0
DA:84,0
DA:85,0
DA:90,0
DA:91,0
DA:92,0
DA:94,0
DA:96,0
DA:111,0
DA:117,0
DA:120,0
DA:121,0
DA:123,0
DA:124,0
DA:125,0
DA:126,0
DA:127,0
DA:131,0
DA:132,0
DA:133,0
DA:140,0
DA:143,0
DA:144,0
DA:145,0
DA:147,0
DA:150,0
DA:154,0
DA:155,0
DA:156,0
DA:157,0
DA:158,0
DA:159,0
DA:160,0
DA:163,0
DA:167,0
DA:168,0
DA:170,0
DA:171,0
DA:172,0
DA:173,0
DA:174,0
DA:177,0
DA:181,0
DA:182,0
DA:188,0
DA:191,0
DA:192,0
DA:193,0
DA:194,0
DA:195,0
DA:199,0
DA:203,0
DA:205,0
DA:206,0
DA:209,0
DA:210,0
DA:211,0
DA:213,0
DA:214,0
DA:215,0
DA:218,0
DA:220,0
DA:223,0
DA:224,0
DA:227,0
DA:228,0
DA:229,0
DA:235,0
DA:236,0
DA:239,0
DA:240,0
DA:243,0
DA:244,0
DA:247,0
DA:248,0
DA:251,0
LF:100
LH:0
BRDA:47,0,0,0
BRDA:47,0,1,0
BRDA:47,1,0,0
BRDA:47,1,1,0
BRDA:47,1,2,0
BRDA:52,2,0,0
BRDA:52,2,1,0
BRDA:55,3,0,0
BRDA:55,3,1,0
BRDA:55,3,2,0
BRDA:55,3,3,0
BRDA:64,4,0,0
BRDA:64,4,1,0
BRDA:69,5,0,0
BRDA:69,5,1,0
BRDA:72,6,0,0
BRDA:72,6,1,0
BRDA:72,6,2,0
BRDA:72,6,3,0
BRDA:72,6,4,0
BRDA:90,7,0,0
BRDA:120,8,0,0
BRDA:120,8,1,0
BRDA:123,9,0,0
BRDA:123,9,1,0
BRDA:123,10,0,0
BRDA:123,10,1,0
BRDA:132,11,0,0
BRDA:132,11,1,0
BRDA:135,12,0,0
BRDA:135,12,1,0
BRDA:144,13,0,0
BRDA:144,13,1,0
BRDA:144,14,0,0
BRDA:144,14,1,0
BRDA:147,15,0,0
BRDA:147,15,1,0
BRDA:155,16,0,0
BRDA:155,16,1,0
BRDA:156,17,0,0
BRDA:156,17,1,0
BRDA:167,18,0,0
BRDA:167,18,1,0
BRDA:167,19,0,0
BRDA:167,19,1,0
BRDA:170,20,0,0
BRDA:170,20,1,0
BRDA:191,21,0,0
BRDA:191,21,1,0
BRDA:191,22,0,0
BRDA:191,22,1,0
BRDA:227,23,0,0
BRDA:227,23,1,0
BRDA:239,24,0,0
BRDA:239,24,1,0
BRDA:239,25,0,0
BRDA:239,25,1,0
BRDA:239,25,2,0
BRDA:243,26,0,0
BRDA:243,26,1,0
BRDA:243,27,0,0
BRDA:243,27,1,0
BRDA:243,27,2,0
BRDA:243,27,3,0
BRDA:247,28,0,0
BRDA:247,28,1,0
BRDA:247,29,0,0
BRDA:247,29,1,0
BRDA:247,29,2,0
BRF:69
BRH:0
end_of_record
TN:
SF:src\services\githubActionsService.js
FN:5,verificarUltimaExecucaoAutomatica
FN:43,obterEstatisticasGitHubActions
FN:83,(anonymous_2)
FN:84,(anonymous_3)
FN:104,calcularProximaExecucao
FN:120,testarConexaoGitHubActions
FNF:6
FNH:0
FNDA:0,verificarUltimaExecucaoAutomatica
FNDA:0,obterEstatisticasGitHubActions
FNDA:0,(anonymous_2)
FNDA:0,(anonymous_3)
FNDA:0,calcularProximaExecucao
FNDA:0,testarConexaoGitHubActions
DA:6,0
DA:7,0
DA:9,0
DA:16,0
DA:17,0
DA:18,0
DA:21,0
DA:22,0
DA:23,0
DA:29,0
DA:37,0
DA:38,0
DA:44,0
DA:45,0
DA:48,0
DA:56,0
DA:63,0
DA:69,0
DA:70,0
DA:71,0
DA:74,0
DA:83,0
DA:84,0
DA:95,0
DA:98,0
DA:99,0
DA:105,0
DA:107,0
DA:108,0
DA:109,0
DA:111,0
DA:112,0
DA:115,0
DA:116,0
DA:121,0
DA:122,0
DA:125,0
DA:135,0
DA:136,0
DA:139,0
DA:146,0
DA:147,0
LF:42
LH:0
BRDA:16,0,0,0
BRDA:16,0,1,0
BRDA:21,1,0,0
BRDA:21,1,1,0
BRDA:21,2,0,0
BRDA:21,2,1,0
BRDA:69,3,0,0
BRDA:69,3,1,0
BRDA:69,4,0,0
BRDA:69,4,1,0
BRDA:69,4,2,0
BRDA:76,5,0,0
BRDA:76,5,1,0
BRDA:77,6,0,0
BRDA:77,6,1,0
BRDA:78,7,0,0
BRDA:78,7,1,0
BRDA:83,8,0,0
BRDA:83,8,1,0
BRDA:84,9,0,0
BRDA:84,9,1,0
BRDA:85,10,0,0
BRDA:85,10,1,0
BRDA:105,11,0,0
BRDA:105,11,1,0
BRDA:111,12,0,0
BRDA:111,12,1,0
BRDA:135,13,0,0
BRDA:135,13,1,0
BRF:29
BRH:0
end_of_record
TN:
SF:src\services\limpezaUsuariosService.js
FN:12,(anonymous_0)
FN:64,(anonymous_1)
FN:83,(anonymous_2)
FN:102,(anonymous_3)
FN:124,(anonymous_4)
FN:153,(anonymous_5)
FN:173,(anonymous_6)
FNF:7
FNH:0
FNDA:0,(anonymous_0)
FNDA:0,(anonymous_1)
FNDA:0,(anonymous_2)
FNDA:0,(anonymous_3)
FNDA:0,(anonymous_4)
FNDA:0,(anonymous_5)
FNDA:0,(anonymous_6)
DA:13,0
DA:15,0
DA:17,0
DA:18,0
DA:19,0
DA:22,0
DA:29,0
DA:30,0
DA:34,0
DA:40,0
DA:41,0
DA:49,0
DA:50,0
DA:58,0
DA:65,0
DA:67,0
DA:73,0
DA:75,0
DA:76,0
DA:84,0
DA:85,0
DA:90,0
DA:92,0
DA:94,0
DA:95,0
DA:103,0
DA:104,0
DA:106,0
DA:111,0
DA:113,0
DA:114,0
DA:116,0
DA:117,0
DA:125,0
DA:126,0
DA:129,0
DA:135,0
DA:140,0
DA:142,0
DA:143,0
DA:145,0
DA:146,0
DA:154,0
DA:155,0
DA:157,0
DA:159,0
DA:160,0
DA:161,0
DA:163,0
DA:168,0
DA:173,0
DA:176,0
DA:177,0
DA:178,0
DA:179,0
DA:180,0
DA:182,0
DA:187,0
DA:188,0
DA:191,0
DA:192,0
LF:61
LH:0
BRDA:29,0,0,0
BRDA:29,0,1,0
BRDA:90,1,0,0
BRDA:90,1,1,0
BRDA:92,2,0,0
BRDA:92,2,1,0
BRDA:111,3,0,0
BRDA:111,3,1,0
BRDA:140,4,0,0
BRDA:140,4,1,0
BRDA:172,5,0,0
BRDA:172,5,1,0
BRDA:176,6,0,0
BRDA:176,6,1,0
BRDA:176,7,0,0
BRDA:176,7,1,0
BRF:16
BRH:0
end_of_record
TN:
SF:src\services\numeracaoDocumentosService.js
FN:14,(anonymous_0)
FN:54,(anonymous_1)
FN:103,(anonymous_2)
FN:127,(anonymous_3)
FN:153,(anonymous_4)
FN:177,(anonymous_5)
FN:208,(anonymous_6)
FN:214,(anonymous_7)
FN:215,(anonymous_8)
FN:222,(anonymous_9)
FN:229,(anonymous_10)
FN:249,(anonymous_11)
FN:258,(anonymous_12)
FN:268,(anonymous_13)
FN:274,(anonymous_14)
FNF:15
FNH:0
FNDA:0,(anonymous_0)
FNDA:0,(anonymous_1)
FNDA:0,(anonymous_2)
FNDA:0,(anonymous_3)
FNDA:0,(anonymous_4)
FNDA:0,(anonymous_5)
FNDA:0,(anonymous_6)
FNDA:0,(anonymous_7)
FNDA:0,(anonymous_8)
FNDA:0,(anonymous_9)
FNDA:0,(anonymous_10)
FNDA:0,(anonymous_11)
FNDA:0,(anonymous_12)
FNDA:0,(anonymous_13)
FNDA:0,(anonymous_14)
DA:15,0
DA:17,0
DA:24,0
DA:27,0
DA:29,0
DA:30,0
DA:33,0
DA:38,0
DA:39,0
DA:55,0
DA:57,0
DA:60,0
DA:68,0
DA:71,0
DA:77,0
DA:79,0
DA:80,0
DA:86,0
DA:89,0
DA:91,0
DA:93,0
DA:94,0
DA:104,0
DA:105,0
DA:112,0
DA:114,0
DA:116,0
DA:117,0
DA:128,0
DA:129,0
DA:139,0
DA:141,0
DA:143,0
DA:144,0
DA:154,0
DA:155,0
DA:163,0
DA:165,0
DA:167,0
DA:168,0
DA:178,0
DA:180,0
DA:183,0
DA:184,0
DA:185,0
DA:187,0
DA:196,0
DA:198,0
DA:199,0
DA:209,0
DA:210,0
DA:212,0
DA:214,0
DA:215,0
DA:222,0
DA:223,0
DA:228,0
DA:229,0
DA:230,0
DA:231,0
DA:232,0
DA:233,0
DA:237,0
DA:239,0
DA:240,0
DA:250,0
DA:259,0
DA:260,0
DA:269,0
DA:270,0
DA:271,0
DA:274,0
DA:275,0
DA:277,0
DA:278,0
DA:282,0
DA:283,0
DA:284,0
DA:285,0
DA:290,0
DA:291,0
DA:292,0
DA:294,0
DA:295,0
DA:299,0
DA:304,0
DA:305,0
LF:87
LH:0
BRDA:24,0,0,0
BRDA:24,0,1,0
BRDA:29,1,0,0
BRDA:29,1,1,0
BRDA:29,2,0,0
BRDA:29,2,1,0
BRDA:79,3,0,0
BRDA:79,3,1,0
BRDA:112,4,0,0
BRDA:112,4,1,0
BRDA:114,5,0,0
BRDA:114,5,1,0
BRDA:139,6,0,0
BRDA:139,6,1,0
BRDA:163,7,0,0
BRDA:163,7,1,0
BRDA:214,8,0,0
BRDA:214,8,1,0
BRDA:215,9,0,0
BRDA:215,9,1,0
BRDA:224,10,0,0
BRDA:224,10,1,0
BRDA:230,11,0,0
BRDA:230,11,1,0
BRDA:232,12,0,0
BRDA:232,12,1,0
BRDA:260,13,0,0
BRDA:260,13,1,0
BRDA:277,14,0,0
BRDA:277,14,1,0
BRDA:284,15,0,0
BRDA:284,15,1,0
BRDA:294,16,0,0
BRDA:294,16,1,0
BRF:34
BRH:0
end_of_record
TN:
SF:src\services\perfilUsuarioService.js
FN:54,(anonymous_0)
FN:86,(anonymous_1)
FN:116,(anonymous_2)
FN:144,(anonymous_3)
FN:171,(anonymous_4)
FN:214,(anonymous_5)
FN:222,(anonymous_6)
FN:230,(anonymous_7)
FN:238,(anonymous_8)
FN:246,(anonymous_9)
FN:253,(anonymous_10)
FN:260,(anonymous_11)
FN:268,(anonymous_12)
FN:275,(anonymous_13)
FN:282,(anonymous_14)
FN:293,(anonymous_15)
FN:305,(anonymous_16)
FN:306,(anonymous_17)
FN:315,(anonymous_18)
FN:323,(anonymous_19)
FN:330,(anonymous_20)
FN:341,(anonymous_21)
FN:358,(anonymous_22)
FNF:23
FNH:0
FNDA:0,(anonymous_0)
FNDA:0,(anonymous_1)
FNDA:0,(anonymous_2)
FNDA:0,(anonymous_3)
FNDA:0,(anonymous_4)
FNDA:0,(anonymous_5)
FNDA:0,(anonymous_6)
FNDA:0,(anonymous_7)
FNDA:0,(anonymous_8)
FNDA:0,(anonymous_9)
FNDA:0,(anonymous_10)
FNDA:0,(anonymous_11)
FNDA:0,(anonymous_12)
FNDA:0,(anonymous_13)
FNDA:0,(anonymous_14)
FNDA:0,(anonymous_15)
FNDA:0,(anonymous_16)
FNDA:0,(anonymous_17)
FNDA:0,(anonymous_18)
FNDA:0,(anonymous_19)
FNDA:0,(anonymous_20)
FNDA:0,(anonymous_21)
FNDA:0,(anonymous_22)
DA:13,0
DA:20,0
DA:55,0
DA:56,0
DA:57,0
DA:59,0
DA:60,0
DA:63,0
DA:69,0
DA:70,0
DA:71,0
DA:74,0
DA:76,0
DA:78,0
DA:79,0
DA:87,0
DA:88,0
DA:89,0
DA:91,0
DA:92,0
DA:95,0
DA:101,0
DA:102,0
DA:103,0
DA:106,0
DA:108,0
DA:109,0
DA:117,0
DA:118,0
DA:119,0
DA:121,0
DA:122,0
DA:125,0
DA:129,0
DA:130,0
DA:131,0
DA:134,0
DA:136,0
DA:137,0
DA:145,0
DA:146,0
DA:147,0
DA:148,0
DA:151,0
DA:156,0
DA:157,0
DA:158,0
DA:161,0
DA:163,0
DA:164,0
DA:172,0
DA:173,0
DA:174,0
DA:175,0
DA:178,0
DA:185,0
DA:186,0
DA:189,0
DA:190,0
DA:193,0
DA:195,0
DA:196,0
DA:197,0
DA:200,0
DA:202,0
DA:203,0
DA:215,0
DA:216,0
DA:223,0
DA:224,0
DA:231,0
DA:232,0
DA:239,0
DA:240,0
DA:247,0
DA:254,0
DA:261,0
DA:269,0
DA:276,0
DA:283,0
DA:294,0
DA:306,0
DA:316,0
DA:317,0
DA:324,0
DA:331,0
DA:342,0
DA:344,0
DA:357,0
DA:358,0
DA:359,0
DA:360,0
DA:364,0
LF:93
LH:0
BRDA:59,0,0,0
BRDA:59,0,1,0
BRDA:69,1,0,0
BRDA:69,1,1,0
BRDA:86,2,0,0
BRDA:91,3,0,0
BRDA:91,3,1,0
BRDA:101,4,0,0
BRDA:101,4,1,0
BRDA:121,5,0,0
BRDA:121,5,1,0
BRDA:129,6,0,0
BRDA:129,6,1,0
BRDA:134,7,0,0
BRDA:134,7,1,0
BRDA:147,8,0,0
BRDA:147,8,1,0
BRDA:156,9,0,0
BRDA:156,9,1,0
BRDA:171,10,0,0
BRDA:174,11,0,0
BRDA:174,11,1,0
BRDA:185,12,0,0
BRDA:185,12,1,0
BRDA:189,13,0,0
BRDA:189,13,1,0
BRDA:195,14,0,0
BRDA:195,14,1,0
BRDA:200,15,0,0
BRDA:200,15,1,0
BRDA:261,16,0,0
BRDA:261,16,1,0
BRDA:294,17,0,0
BRDA:294,17,1,0
BRDA:359,18,0,0
BRDA:359,18,1,0
BRF:36
BRH:0
end_of_record
TN:
SF:src\services\pesquisaService.js
FN:7,(anonymous_0)
FN:13,(anonymous_1)
FN:67,(anonymous_2)
FN:210,(anonymous_3)
FN:247,(anonymous_4)
FN:248,(anonymous_5)
FN:258,(anonymous_6)
FN:259,(anonymous_7)
FN:273,(anonymous_8)
FN:274,(anonymous_9)
FN:296,(anonymous_10)
FNF:11
FNH:0
FNDA:0,(anonymous_0)
FNDA:0,(anonymous_1)
FNDA:0,(anonymous_2)
FNDA:0,(anonymous_3)
FNDA:0,(anonymous_4)
FNDA:0,(anonymous_5)
FNDA:0,(anonymous_6)
FNDA:0,(anonymous_7)
FNDA:0,(anonymous_8)
FNDA:0,(anonymous_9)
FNDA:0,(anonymous_10)
DA:4,0
DA:8,0
DA:9,0
DA:14,0
DA:68,0
DA:206,0
DA:211,0
DA:212,0
DA:214,0
DA:216,0
DA:218,0
DA:220,0
DA:221,0
DA:222,0
DA:224,0
DA:226,0
DA:235,0
DA:236,0
DA:248,0
DA:249,0
DA:252,0
DA:253,0
DA:254,0
DA:258,0
DA:259,0
DA:262,0
DA:263,0
DA:274,0
DA:276,0
DA:283,0
DA:285,0
DA:296,0
DA:301,0
DA:302,0
DA:303,0
DA:304,0
DA:306,0
DA:315,0
DA:326,0
LF:39
LH:0
BRDA:206,0,0,0
BRDA:206,0,1,0
BRDA:210,1,0,0
BRDA:247,2,0,0
BRDA:273,3,0,0
BRDA:283,4,0,0
BRDA:283,4,1,0
BRF:7
BRH:0
end_of_record
TN:
SF:src\services\processosAdministrativosService.js
FN:11,(anonymous_0)
FN:51,(anonymous_1)
FN:85,(anonymous_2)
FN:86,(anonymous_3)
FN:97,(anonymous_4)
FN:152,(anonymous_5)
FN:222,(anonymous_6)
FN:305,(anonymous_7)
FN:349,(anonymous_8)
FN:382,(anonymous_9)
FN:457,(anonymous_10)
FN:500,(anonymous_11)
FN:534,(anonymous_12)
FN:557,(anonymous_13)
FN:598,(anonymous_14)
FN:621,(anonymous_15)
FN:625,(anonymous_16)
FN:646,(anonymous_17)
FN:701,(anonymous_18)
FN:779,(anonymous_19)
FN:995,(anonymous_20)
FN:1064,(anonymous_21)
FN:1139,(anonymous_22)
FN:1176,(anonymous_23)
FN:1205,(anonymous_24)
FN:1269,(anonymous_25)
FN:1302,(anonymous_26)
FN:1333,(anonymous_27)
FN:1363,(anonymous_28)
FN:1385,(anonymous_29)
FN:1427,(anonymous_30)
FN:1503,(anonymous_31)
FN:1507,(anonymous_32)
FN:1511,(anonymous_33)
FN:1515,(anonymous_34)
FN:1519,(anonymous_35)
FN:1523,(anonymous_36)
FN:1527,(anonymous_37)
FN:1531,(anonymous_38)
FN:1544,(anonymous_39)
FN:1552,(anonymous_40)
FN:1562,(anonymous_41)
FN:1566,(anonymous_42)
FN:1570,(anonymous_43)
FN:1613,(anonymous_44)
FN:1667,(anonymous_45)
FN:1701,(anonymous_46)
FN:1721,(anonymous_47)
FN:1759,(anonymous_48)
FN:1798,(anonymous_49)
FN:1843,(anonymous_50)
FN:1885,(anonymous_51)
FN:1889,(anonymous_52)
FN:1932,(anonymous_53)
FN:1936,(anonymous_54)
FN:1950,(anonymous_55)
FN:1954,(anonymous_56)
FN:2015,(anonymous_57)
FN:2028,(anonymous_58)
FN:2061,(anonymous_59)
FN:2112,(anonymous_60)
FN:2121,(anonymous_61)
FN:2130,(anonymous_62)
FNF:63
FNH:0
FNDA:0,(anonymous_0)
FNDA:0,(anonymous_1)
FNDA:0,(anonymous_2)
FNDA:0,(anonymous_3)
FNDA:0,(anonymous_4)
FNDA:0,(anonymous_5)
FNDA:0,(anonymous_6)
FNDA:0,(anonymous_7)
FNDA:0,(anonymous_8)
FNDA:0,(anonymous_9)
FNDA:0,(anonymous_10)
FNDA:0,(anonymous_11)
FNDA:0,(anonymous_12)
FNDA:0,(anonymous_13)
FNDA:0,(anonymous_14)
FNDA:0,(anonymous_15)
FNDA:0,(anonymous_16)
FNDA:0,(anonymous_17)
FNDA:0,(anonymous_18)
FNDA:0,(anonymous_19)
FNDA:0,(anonymous_20)
FNDA:0,(anonymous_21)
FNDA:0,(anonymous_22)
FNDA:0,(anonymous_23)
FNDA:0,(anonymous_24)
FNDA:0,(anonymous_25)
FNDA:0,(anonymous_26)
FNDA:0,(anonymous_27)
FNDA:0,(anonymous_28)
FNDA:0,(anonymous_29)
FNDA:0,(anonymous_30)
FNDA:0,(anonymous_31)
FNDA:0,(anonymous_32)
FNDA:0,(anonymous_33)
FNDA:0,(anonymous_34)
FNDA:0,(anonymous_35)
FNDA:0,(anonymous_36)
FNDA:0,(anonymous_37)
FNDA:0,(anonymous_38)
FNDA:0,(anonymous_39)
FNDA:0,(anonymous_40)
FNDA:0,(anonymous_41)
FNDA:0,(anonymous_42)
FNDA:0,(anonymous_43)
FNDA:0,(anonymous_44)
FNDA:0,(anonymous_45)
FNDA:0,(anonymous_46)
FNDA:0,(anonymous_47)
FNDA:0,(anonymous_48)
FNDA:0,(anonymous_49)
FNDA:0,(anonymous_50)
FNDA:0,(anonymous_51)
FNDA:0,(anonymous_52)
FNDA:0,(anonymous_53)
FNDA:0,(anonymous_54)
FNDA:0,(anonymous_55)
FNDA:0,(anonymous_56)
FNDA:0,(anonymous_57)
FNDA:0,(anonymous_58)
FNDA:0,(anonymous_59)
FNDA:0,(anonymous_60)
FNDA:0,(anonymous_61)
FNDA:0,(anonymous_62)
DA:12,0
DA:13,0
DA:14,0
DA:15,0
DA:18,0
DA:25,0
DA:26,0
DA:29,0
DA:30,0
DA:33,0
DA:34,0
DA:37,0
DA:39,0
DA:40,0
DA:41,0
DA:44,0
DA:46,0
DA:47,0
DA:52,0
DA:53,0
DA:54,0
DA:55,0
DA:58,0
DA:72,0
DA:73,0
DA:74,0
DA:78,0
DA:79,0
DA:80,0
DA:82,0
DA:85,0
DA:86,0
DA:90,0
DA:92,0
DA:93,0
DA:98,0
DA:99,0
DA:100,0
DA:101,0
DA:103,0
DA:104,0
DA:109,0
DA:110,0
DA:112,0
DA:115,0
DA:124,0
DA:130,0
DA:131,0
DA:132,0
DA:136,0
DA:145,0
DA:147,0
DA:148,0
DA:153,0
DA:154,0
DA:155,0
DA:156,0
DA:158,0
DA:159,0
DA:163,0
DA:168,0
DA:175,0
DA:176,0
DA:179,0
DA:180,0
DA:183,0
DA:184,0
DA:187,0
DA:189,0
DA:190,0
DA:194,0
DA:206,0
DA:207,0
DA:208,0
DA:211,0
DA:213,0
DA:214,0
DA:223,0
DA:224,0
DA:225,0
DA:226,0
DA:228,0
DA:229,0
DA:233,0
DA:235,0
DA:236,0
DA:237,0
DA:239,0
DA:246,0
DA:247,0
DA:251,0
DA:255,0
DA:259,0
DA:276,0
DA:277,0
DA:278,0
DA:282,0
DA:284,0
DA:296,0
DA:298,0
DA:300,0
DA:301,0
DA:306,0
DA:307,0
DA:308,0
DA:309,0
DA:313,0
DA:343,0
DA:344,0
DA:345,0
DA:349,0
DA:375,0
DA:377,0
DA:378,0
DA:383,0
DA:386,0
DA:394,0
DA:395,0
DA:403,0
DA:404,0
DA:412,0
DA:413,0
DA:421,0
DA:422,0
DA:430,0
DA:431,0
DA:440,0
DA:447,0
DA:454,0
DA:458,0
DA:460,0
DA:501,0
DA:502,0
DA:503,0
DA:504,0
DA:508,0
DA:515,0
DA:516,0
DA:517,0
DA:520,0
DA:523,0
DA:524,0
DA:530,0
DA:531,0
DA:534,0
DA:542,0
DA:546,0
DA:549,0
DA:550,0
DA:552,0
DA:553,0
DA:558,0
DA:559,0
DA:560,0
DA:561,0
DA:563,0
DA:564,0
DA:568,0
DA:569,0
DA:570,0
DA:573,0
DA:580,0
DA:586,0
DA:587,0
DA:588,0
DA:591,0
DA:593,0
DA:594,0
DA:599,0
DA:600,0
DA:608,0
DA:609,0
DA:610,0
DA:613,0
DA:614,0
DA:616,0
DA:617,0
DA:622,0
DA:626,0
DA:628,0
DA:630,0
DA:639,0
DA:641,0
DA:642,0
DA:647,0
DA:654,0
DA:656,0
DA:658,0
DA:702,0
DA:703,0
DA:704,0
DA:706,0
DA:707,0
DA:708,0
DA:710,0
DA:711,0
DA:715,0
DA:722,0
DA:723,0
DA:725,0
DA:726,0
DA:730,0
DA:733,0
DA:744,0
DA:753,0
DA:759,0
DA:760,0
DA:762,0
DA:763,0
DA:766,0
DA:768,0
DA:774,0
DA:775,0
DA:780,0
DA:996,0
DA:997,0
DA:998,0
DA:999,0
DA:1003,0
DA:1004,0
DA:1012,0
DA:1013,0
DA:1014,0
DA:1018,0
DA:1019,0
DA:1020,0
DA:1021,0
DA:1022,0
DA:1026,0
DA:1032,0
DA:1038,0
DA:1039,0
DA:1042,0
DA:1043,0
DA:1044,0
DA:1045,0
DA:1046,0
DA:1049,0
DA:1052,0
DA:1055,0
DA:1057,0
DA:1059,0
DA:1060,0
DA:1065,0
DA:1066,0
DA:1067,0
DA:1068,0
DA:1070,0
DA:1071,0
DA:1074,0
DA:1077,0
DA:1078,0
DA:1083,0
DA:1086,0
DA:1087,0
DA:1093,0
DA:1096,0
DA:1099,0
DA:1100,0
DA:1101,0
DA:1102,0
DA:1105,0
DA:1108,0
DA:1111,0
DA:1112,0
DA:1113,0
DA:1116,0
DA:1117,0
DA:1118,0
DA:1121,0
DA:1122,0
DA:1123,0
DA:1126,0
DA:1127,0
DA:1128,0
DA:1131,0
DA:1132,0
DA:1133,0
DA:1136,0
DA:1139,0
DA:1154,0
DA:1156,0
DA:1163,0
DA:1164,0
DA:1165,0
DA:1168,0
DA:1171,0
DA:1177,0
DA:1178,0
DA:1179,0
DA:1180,0
DA:1183,0
DA:1189,0
DA:1190,0
DA:1191,0
DA:1194,0
DA:1196,0
DA:1197,0
DA:1206,0
DA:1207,0
DA:1208,0
DA:1209,0
DA:1211,0
DA:1212,0
DA:1216,0
DA:1228,0
DA:1234,0
DA:1235,0
DA:1236,0
DA:1240,0
DA:1253,0
DA:1254,0
DA:1255,0
DA:1258,0
DA:1260,0
DA:1261,0
DA:1270,0
DA:1271,0
DA:1272,0
DA:1273,0
DA:1276,0
DA:1286,0
DA:1287,0
DA:1288,0
DA:1291,0
DA:1293,0
DA:1294,0
DA:1303,0
DA:1304,0
DA:1305,0
DA:1306,0
DA:1309,0
DA:1315,0
DA:1321,0
DA:1322,0
DA:1323,0
DA:1326,0
DA:1328,0
DA:1329,0
DA:1334,0
DA:1335,0
DA:1336,0
DA:1337,0
DA:1340,0
DA:1347,0
DA:1348,0
DA:1349,0
DA:1352,0
DA:1354,0
DA:1355,0
DA:1364,0
DA:1365,0
DA:1366,0
DA:1368,0
DA:1369,0
DA:1372,0
DA:1378,0
DA:1380,0
DA:1381,0
DA:1386,0
DA:1387,0
DA:1388,0
DA:1390,0
DA:1391,0
DA:1394,0
DA:1397,0
DA:1419,0
DA:1420,0
DA:1422,0
DA:1423,0
DA:1428,0
DA:1429,0
DA:1431,0
DA:1432,0
DA:1435,0
DA:1436,0
DA:1437,0
DA:1438,0
DA:1441,0
DA:1442,0
DA:1445,0
DA:1457,0
DA:1458,0
DA:1462,0
DA:1473,0
DA:1479,0
DA:1480,0
DA:1484,0
DA:1485,0
DA:1492,0
DA:1496,0
DA:1498,0
DA:1499,0
DA:1504,0
DA:1508,0
DA:1512,0
DA:1516,0
DA:1520,0
DA:1524,0
DA:1528,0
DA:1532,0
DA:1535,0
DA:1536,0
DA:1537,0
DA:1538,0
DA:1541,0
DA:1545,0
DA:1554,0
DA:1555,0
DA:1556,0
DA:1559,0
DA:1563,0
DA:1567,0
DA:1571,0
DA:1572,0
DA:1573,0
DA:1575,0
DA:1577,0
DA:1585,0
DA:1587,0
DA:1599,0
DA:1605,0
DA:1614,0
DA:1615,0
DA:1616,0
DA:1617,0
DA:1621,0
DA:1622,0
DA:1624,0
DA:1625,0
DA:1626,0
DA:1630,0
DA:1633,0
DA:1636,0
DA:1646,0
DA:1649,0
DA:1658,0
DA:1659,0
DA:1662,0
DA:1663,0
DA:1668,0
DA:1669,0
DA:1672,0
DA:1681,0
DA:1682,0
DA:1684,0
DA:1685,0
DA:1686,0
DA:1691,0
DA:1692,0
DA:1695,0
DA:1697,0
DA:1702,0
DA:1703,0
DA:1709,0
DA:1710,0
DA:1711,0
DA:1714,0
DA:1716,0
DA:1717,0
DA:1722,0
DA:1723,0
DA:1725,0
DA:1759,0
DA:1799,0
DA:1836,0
DA:1844,0
DA:1845,0
DA:1846,0
DA:1847,0
DA:1849,0
DA:1850,0
DA:1854,0
DA:1860,0
DA:1866,0
DA:1874,0
DA:1876,0
DA:1877,0
DA:1886,0
DA:1890,0
DA:1891,0
DA:1892,0
DA:1893,0
DA:1897,0
DA:1902,0
DA:1903,0
DA:1907,0
DA:1912,0
DA:1913,0
DA:1917,0
DA:1918,0
DA:1920,0
DA:1926,0
DA:1927,0
DA:1930,0
DA:1933,0
DA:1934,0
DA:1937,0
DA:1938,0
DA:1943,0
DA:1945,0
DA:1946,0
DA:1951,0
DA:1955,0
DA:2012,0
DA:2016,0
DA:2021,0
DA:2029,0
DA:2030,0
DA:2031,0
DA:2032,0
DA:2034,0
DA:2035,0
DA:2039,0
DA:2042,0
DA:2052,0
DA:2053,0
DA:2056,0
DA:2057,0
DA:2062,0
DA:2069,0
DA:2071,0
DA:2073,0
DA:2113,0
DA:2114,0
DA:2116,0
DA:2117,0
DA:2122,0
DA:2123,0
DA:2125,0
DA:2126,0
DA:2131,0
DA:2132,0
DA:2133,0
DA:2134,0
DA:2137,0
DA:2149,0
DA:2150,0
DA:2151,0
DA:2156,0
DA:2167,0
DA:2168,0
DA:2178,0
DA:2180,0
DA:2181,0
LF:545
LH:0
BRDA:11,0,0,0
BRDA:14,1,0,0
BRDA:14,1,1,0
BRDA:25,2,0,0
BRDA:25,2,1,0
BRDA:29,3,0,0
BRDA:29,3,1,0
BRDA:33,4,0,0
BRDA:33,4,1,0
BRDA:39,5,0,0
BRDA:39,5,1,0
BRDA:44,6,0,0
BRDA:44,6,1,0
BRDA:54,7,0,0
BRDA:54,7,1,0
BRDA:72,8,0,0
BRDA:72,8,1,0
BRDA:78,9,0,0
BRDA:78,9,1,0
BRDA:79,10,0,0
BRDA:79,10,1,0
BRDA:80,11,0,0
BRDA:80,11,1,0
BRDA:85,12,0,0
BRDA:85,12,1,0
BRDA:103,13,0,0
BRDA:103,13,1,0
BRDA:103,14,0,0
BRDA:103,14,1,0
BRDA:109,15,0,0
BRDA:109,15,1,0
BRDA:130,16,0,0
BRDA:130,16,1,0
BRDA:140,17,0,0
BRDA:140,17,1,0
BRDA:158,18,0,0
BRDA:158,18,1,0
BRDA:158,19,0,0
BRDA:158,19,1,0
BRDA:175,20,0,0
BRDA:175,20,1,0
BRDA:179,21,0,0
BRDA:179,21,1,0
BRDA:179,22,0,0
BRDA:179,22,1,0
BRDA:183,23,0,0
BRDA:183,23,1,0
BRDA:189,24,0,0
BRDA:189,24,1,0
BRDA:206,25,0,0
BRDA:206,25,1,0
BRDA:228,26,0,0
BRDA:228,26,1,0
BRDA:228,27,0,0
BRDA:228,27,1,0
BRDA:233,28,0,0
BRDA:233,28,1,0
BRDA:235,29,0,0
BRDA:235,29,1,0
BRDA:235,30,0,0
BRDA:235,30,1,0
BRDA:246,31,0,0
BRDA:246,31,1,0
BRDA:276,32,0,0
BRDA:276,32,1,0
BRDA:289,33,0,0
BRDA:289,33,1,0
BRDA:308,34,0,0
BRDA:308,34,1,0
BRDA:343,35,0,0
BRDA:343,35,1,0
BRDA:369,36,0,0
BRDA:369,36,1,0
BRDA:394,37,0,0
BRDA:394,37,1,0
BRDA:403,38,0,0
BRDA:403,38,1,0
BRDA:412,39,0,0
BRDA:412,39,1,0
BRDA:421,40,0,0
BRDA:421,40,1,0
BRDA:430,41,0,0
BRDA:430,41,1,0
BRDA:469,42,0,0
BRDA:469,42,1,0
BRDA:472,43,0,0
BRDA:472,43,1,0
BRDA:482,44,0,0
BRDA:482,44,1,0
BRDA:483,45,0,0
BRDA:483,45,1,0
BRDA:503,46,0,0
BRDA:503,46,1,0
BRDA:515,47,0,0
BRDA:515,47,1,0
BRDA:520,48,0,0
BRDA:520,48,1,0
BRDA:530,49,0,0
BRDA:530,49,1,0
BRDA:530,50,0,0
BRDA:530,50,1,0
BRDA:537,51,0,0
BRDA:537,51,1,0
BRDA:537,51,2,0
BRDA:538,52,0,0
BRDA:538,52,1,0
BRDA:538,52,2,0
BRDA:538,52,3,0
BRDA:539,53,0,0
BRDA:539,53,1,0
BRDA:549,54,0,0
BRDA:549,54,1,0
BRDA:550,55,0,0
BRDA:550,55,1,0
BRDA:563,56,0,0
BRDA:563,56,1,0
BRDA:563,57,0,0
BRDA:563,57,1,0
BRDA:569,58,0,0
BRDA:569,58,1,0
BRDA:586,59,0,0
BRDA:586,59,1,0
BRDA:608,60,0,0
BRDA:608,60,1,0
BRDA:608,61,0,0
BRDA:608,61,1,0
BRDA:613,62,0,0
BRDA:613,62,1,0
BRDA:666,63,0,0
BRDA:666,63,1,0
BRDA:682,64,0,0
BRDA:682,64,1,0
BRDA:710,65,0,0
BRDA:710,65,1,0
BRDA:710,66,0,0
BRDA:710,66,1,0
BRDA:725,67,0,0
BRDA:725,67,1,0
BRDA:725,68,0,0
BRDA:725,68,1,0
BRDA:759,69,0,0
BRDA:759,69,1,0
BRDA:782,70,0,0
BRDA:782,70,1,0
BRDA:784,71,0,0
BRDA:784,71,1,0
BRDA:788,72,0,0
BRDA:788,72,1,0
BRDA:789,73,0,0
BRDA:789,73,1,0
BRDA:790,74,0,0
BRDA:790,74,1,0
BRDA:804,75,0,0
BRDA:804,75,1,0
BRDA:811,76,0,0
BRDA:811,76,1,0
BRDA:811,77,0,0
BRDA:811,77,1,0
BRDA:814,78,0,0
BRDA:814,78,1,0
BRDA:815,79,0,0
BRDA:815,79,1,0
BRDA:819,80,0,0
BRDA:819,80,1,0
BRDA:826,81,0,0
BRDA:826,81,1,0
BRDA:826,82,0,0
BRDA:826,82,1,0
BRDA:829,83,0,0
BRDA:829,83,1,0
BRDA:830,84,0,0
BRDA:830,84,1,0
BRDA:834,85,0,0
BRDA:834,85,1,0
BRDA:841,86,0,0
BRDA:841,86,1,0
BRDA:848,87,0,0
BRDA:848,87,1,0
BRDA:848,88,0,0
BRDA:848,88,1,0
BRDA:851,89,0,0
BRDA:851,89,1,0
BRDA:852,90,0,0
BRDA:852,90,1,0
BRDA:856,91,0,0
BRDA:856,91,1,0
BRDA:863,92,0,0
BRDA:863,92,1,0
BRDA:863,93,0,0
BRDA:863,93,1,0
BRDA:863,93,2,0
BRDA:863,93,3,0
BRDA:863,93,4,0
BRDA:868,94,0,0
BRDA:868,94,1,0
BRDA:869,95,0,0
BRDA:869,95,1,0
BRDA:870,96,0,0
BRDA:870,96,1,0
BRDA:871,97,0,0
BRDA:871,97,1,0
BRDA:872,98,0,0
BRDA:872,98,1,0
BRDA:874,99,0,0
BRDA:874,99,1,0
BRDA:878,100,0,0
BRDA:878,100,1,0
BRDA:882,101,0,0
BRDA:882,101,1,0
BRDA:883,102,0,0
BRDA:883,102,1,0
BRDA:887,103,0,0
BRDA:887,103,1,0
BRDA:887,104,0,0
BRDA:887,104,1,0
BRDA:887,104,2,0
BRDA:890,105,0,0
BRDA:890,105,1,0
BRDA:891,106,0,0
BRDA:891,106,1,0
BRDA:892,107,0,0
BRDA:892,107,1,0
BRDA:896,108,0,0
BRDA:896,108,1,0
BRDA:896,109,0,0
BRDA:896,109,1,0
BRDA:899,110,0,0
BRDA:899,110,1,0
BRDA:900,111,0,0
BRDA:900,111,1,0
BRDA:904,112,0,0
BRDA:904,112,1,0
BRDA:911,113,0,0
BRDA:911,113,1,0
BRDA:918,114,0,0
BRDA:918,114,1,0
BRDA:925,115,0,0
BRDA:925,115,1,0
BRDA:932,116,0,0
BRDA:932,116,1,0
BRDA:939,117,0,0
BRDA:939,117,1,0
BRDA:946,118,0,0
BRDA:946,118,1,0
BRDA:953,119,0,0
BRDA:953,119,1,0
BRDA:960,120,0,0
BRDA:960,120,1,0
BRDA:967,121,0,0
BRDA:967,121,1,0
BRDA:974,122,0,0
BRDA:974,122,1,0
BRDA:995,123,0,0
BRDA:998,124,0,0
BRDA:998,124,1,0
BRDA:1003,125,0,0
BRDA:1003,125,1,0
BRDA:1012,126,0,0
BRDA:1012,126,1,0
BRDA:1012,127,0,0
BRDA:1012,127,1,0
BRDA:1012,127,2,0
BRDA:1018,128,0,0
BRDA:1018,128,1,0
BRDA:1018,129,0,0
BRDA:1018,129,1,0
BRDA:1018,129,2,0
BRDA:1018,129,3,0
BRDA:1038,130,0,0
BRDA:1038,130,1,0
BRDA:1042,131,0,0
BRDA:1042,131,1,0
BRDA:1070,132,0,0
BRDA:1070,132,1,0
BRDA:1070,133,0,0
BRDA:1070,133,1,0
BRDA:1100,134,0,0
BRDA:1100,134,1,0
BRDA:1100,135,0,0
BRDA:1100,135,1,0
BRDA:1111,136,0,0
BRDA:1111,136,1,0
BRDA:1116,137,0,0
BRDA:1116,137,1,0
BRDA:1116,138,0,0
BRDA:1116,138,1,0
BRDA:1121,139,0,0
BRDA:1121,139,1,0
BRDA:1121,140,0,0
BRDA:1121,140,1,0
BRDA:1126,141,0,0
BRDA:1126,141,1,0
BRDA:1131,142,0,0
BRDA:1131,142,1,0
BRDA:1131,143,0,0
BRDA:1131,143,1,0
BRDA:1144,144,0,0
BRDA:1144,144,1,0
BRDA:1145,145,0,0
BRDA:1145,145,1,0
BRDA:1146,146,0,0
BRDA:1146,146,1,0
BRDA:1147,147,0,0
BRDA:1147,147,1,0
BRDA:1163,148,0,0
BRDA:1163,148,1,0
BRDA:1168,149,0,0
BRDA:1168,149,1,0
BRDA:1179,150,0,0
BRDA:1179,150,1,0
BRDA:1189,151,0,0
BRDA:1189,151,1,0
BRDA:1194,152,0,0
BRDA:1194,152,1,0
BRDA:1211,153,0,0
BRDA:1211,153,1,0
BRDA:1211,154,0,0
BRDA:1211,154,1,0
BRDA:1221,155,0,0
BRDA:1221,155,1,0
BRDA:1234,156,0,0
BRDA:1234,156,1,0
BRDA:1253,157,0,0
BRDA:1253,157,1,0
BRDA:1272,158,0,0
BRDA:1272,158,1,0
BRDA:1286,159,0,0
BRDA:1286,159,1,0
BRDA:1291,160,0,0
BRDA:1291,160,1,0
BRDA:1305,161,0,0
BRDA:1305,161,1,0
BRDA:1321,162,0,0
BRDA:1321,162,1,0
BRDA:1336,163,0,0
BRDA:1336,163,1,0
BRDA:1347,164,0,0
BRDA:1347,164,1,0
BRDA:1352,165,0,0
BRDA:1352,165,1,0
BRDA:1368,166,0,0
BRDA:1368,166,1,0
BRDA:1378,167,0,0
BRDA:1378,167,1,0
BRDA:1390,168,0,0
BRDA:1390,168,1,0
BRDA:1390,169,0,0
BRDA:1390,169,1,0
BRDA:1419,170,0,0
BRDA:1419,170,1,0
BRDA:1427,171,0,0
BRDA:1431,172,0,0
BRDA:1431,172,1,0
BRDA:1457,173,0,0
BRDA:1457,173,1,0
BRDA:1479,174,0,0
BRDA:1479,174,1,0
BRDA:1503,175,0,0
BRDA:1507,176,0,0
BRDA:1511,177,0,0
BRDA:1515,178,0,0
BRDA:1519,179,0,0
BRDA:1523,180,0,0
BRDA:1527,181,0,0
BRDA:1531,182,0,0
BRDA:1536,183,0,0
BRDA:1536,183,1,0
BRDA:1544,184,0,0
BRDA:1552,185,0,0
BRDA:1555,186,0,0
BRDA:1555,186,1,0
BRDA:1562,187,0,0
BRDA:1566,188,0,0
BRDA:1585,189,0,0
BRDA:1585,189,1,0
BRDA:1616,190,0,0
BRDA:1616,190,1,0
BRDA:1624,191,0,0
BRDA:1624,191,1,0
BRDA:1682,192,0,0
BRDA:1682,192,1,0
BRDA:1682,193,0,0
BRDA:1682,193,1,0
BRDA:1685,194,0,0
BRDA:1685,194,1,0
BRDA:1709,195,0,0
BRDA:1709,195,1,0
BRDA:1763,196,0,0
BRDA:1763,196,1,0
BRDA:1763,197,0,0
BRDA:1763,197,1,0
BRDA:1764,198,0,0
BRDA:1764,198,1,0
BRDA:1836,199,0,0
BRDA:1836,199,1,0
BRDA:1843,200,0,0
BRDA:1849,201,0,0
BRDA:1849,201,1,0
BRDA:1849,202,0,0
BRDA:1849,202,1,0
BRDA:1868,203,0,0
BRDA:1868,203,1,0
BRDA:1892,204,0,0
BRDA:1892,204,1,0
BRDA:1902,205,0,0
BRDA:1902,205,1,0
BRDA:1912,206,0,0
BRDA:1912,206,1,0
BRDA:1926,207,0,0
BRDA:1926,207,1,0
BRDA:1933,208,0,0
BRDA:1933,208,1,0
BRDA:1937,209,0,0
BRDA:1937,209,1,0
BRDA:1951,210,0,0
BRDA:1951,210,1,0
BRDA:2012,211,0,0
BRDA:2012,211,1,0
BRDA:2021,212,0,0
BRDA:2021,212,1,0
BRDA:2034,213,0,0
BRDA:2034,213,1,0
BRDA:2034,214,0,0
BRDA:2034,214,1,0
BRDA:2089,215,0,0
BRDA:2089,215,1,0
BRDA:2097,216,0,0
BRDA:2097,216,1,0
BRDA:2133,217,0,0
BRDA:2133,217,1,0
BRDA:2149,218,0,0
BRDA:2149,218,1,0
BRDA:2167,219,0,0
BRDA:2167,219,1,0
BRDA:2167,220,0,0
BRDA:2167,220,1,0
BRF:436
BRH:0
end_of_record
TN:
SF:src\services\produtoService.js
FN:11,adicionarProdutoUsuarioRDM
FN:123,adicionarProdutoMultiplosUsuarios
FN:145,(anonymous_2)
FN:148,(anonymous_3)
FN:149,(anonymous_4)
FN:176,buscarProdutosUsuarioRDM
FN:217,marcarProdutoAvaliado
FN:251,buscarUsuariosRDMAtivos
FN:285,removerProdutoUsuarioRDM
FN:320,obterRelatorioProdutos
FN:334,(anonymous_10)
FN:335,(anonymous_11)
FN:336,(anonymous_12)
FN:337,(anonymous_13)
FN:361,gerarCodigoProduto
FN:374,sincronizarProdutoExistente
FN:398,(anonymous_16)
FN:401,(anonymous_17)
FN:402,(anonymous_18)
FNF:19
FNH:0
FNDA:0,adicionarProdutoUsuarioRDM
FNDA:0,adicionarProdutoMultiplosUsuarios
FNDA:0,(anonymous_2)
FNDA:0,(anonymous_3)
FNDA:0,(anonymous_4)
FNDA:0,buscarProdutosUsuarioRDM
FNDA:0,marcarProdutoAvaliado
FNDA:0,buscarUsuariosRDMAtivos
FNDA:0,removerProdutoUsuarioRDM
FNDA:0,obterRelatorioProdutos
FNDA:0,(anonymous_10)
FNDA:0,(anonymous_11)
FNDA:0,(anonymous_12)
FNDA:0,(anonymous_13)
FNDA:0,gerarCodigoProduto
FNDA:0,sincronizarProdutoExistente
FNDA:0,(anonymous_16)
FNDA:0,(anonymous_17)
FNDA:0,(anonymous_18)
DA:12,0
DA:13,0
DA:24,0
DA:27,0
DA:28,0
DA:32,0
DA:39,0
DA:40,0
DA:44,0
DA:52,0
DA:53,0
DA:56,0
DA:59,0
DA:73,0
DA:74,0
DA:75,0
DA:77,0
DA:78,0
DA:81,0
DA:90,0
DA:93,0
DA:97,0
DA:110,0
DA:111,0
DA:124,0
DA:125,0
DA:127,0
DA:129,0
DA:130,0
DA:136,0
DA:137,0
DA:145,0
DA:148,0
DA:149,0
DA:151,0
DA:163,0
DA:164,0
DA:177,0
DA:178,0
DA:192,0
DA:193,0
DA:196,0
DA:203,0
DA:204,0
DA:218,0
DA:219,0
DA:221,0
DA:227,0
DA:228,0
DA:231,0
DA:233,0
DA:239,0
DA:240,0
DA:252,0
DA:253,0
DA:260,0
DA:261,0
DA:264,0
DA:271,0
DA:272,0
DA:286,0
DA:287,0
DA:289,0
DA:296,0
DA:297,0
DA:300,0
DA:302,0
DA:308,0
DA:309,0
DA:321,0
DA:322,0
DA:328,0
DA:329,0
DA:332,0
DA:334,0
DA:335,0
DA:336,0
DA:337,0
DA:340,0
DA:347,0
DA:348,0
DA:362,0
DA:363,0
DA:367,0
DA:375,0
DA:376,0
DA:378,0
DA:380,0
DA:381,0
DA:391,0
DA:392,0
DA:398,0
DA:401,0
DA:402,0
DA:404,0
DA:416,0
DA:417,0
LF:97
LH:0
BRDA:23,0,0,0
BRDA:27,1,0,0
BRDA:27,1,1,0
BRDA:27,2,0,0
BRDA:27,2,1,0
BRDA:27,2,2,0
BRDA:39,3,0,0
BRDA:39,3,1,0
BRDA:39,4,0,0
BRDA:39,4,1,0
BRDA:52,5,0,0
BRDA:52,5,1,0
BRDA:64,6,0,0
BRDA:64,6,1,0
BRDA:65,7,0,0
BRDA:65,7,1,0
BRDA:66,8,0,0
BRDA:66,8,1,0
BRDA:67,9,0,0
BRDA:67,9,1,0
BRDA:68,10,0,0
BRDA:68,10,1,0
BRDA:77,11,0,0
BRDA:77,11,1,0
BRDA:192,12,0,0
BRDA:192,12,1,0
BRDA:198,13,0,0
BRDA:198,13,1,0
BRDA:199,14,0,0
BRDA:199,14,1,0
BRDA:227,15,0,0
BRDA:227,15,1,0
BRDA:260,16,0,0
BRDA:260,16,1,0
BRDA:266,17,0,0
BRDA:266,17,1,0
BRDA:267,18,0,0
BRDA:267,18,1,0
BRDA:296,19,0,0
BRDA:296,19,1,0
BRDA:328,20,0,0
BRDA:328,20,1,0
BRDA:333,21,0,0
BRDA:333,21,1,0
BRDA:334,22,0,0
BRDA:334,22,1,0
BRDA:335,23,0,0
BRDA:335,23,1,0
BRDA:336,24,0,0
BRDA:336,24,1,0
BRDA:337,25,0,0
BRDA:337,25,1,0
BRDA:342,26,0,0
BRDA:342,26,1,0
BRDA:361,27,0,0
BRF:55
BRH:0
end_of_record
TN:
SF:src\services\registroOrgaoService.js
FN:17,(anonymous_0)
FN:60,(anonymous_1)
FN:113,(anonymous_2)
FN:189,(anonymous_3)
FN:201,(anonymous_4)
FN:236,(anonymous_5)
FN:291,(anonymous_6)
FN:341,(anonymous_7)
FN:460,(anonymous_8)
FN:475,(anonymous_9)
FN:500,(anonymous_10)
FN:531,(anonymous_11)
FN:547,(anonymous_12)
FN:569,(anonymous_13)
FN:604,(anonymous_14)
FN:616,(anonymous_15)
FN:628,(anonymous_16)
FN:635,(anonymous_17)
FN:636,(anonymous_18)
FN:637,(anonymous_19)
FN:638,(anonymous_20)
FNF:21
FNH:0
FNDA:0,(anonymous_0)
FNDA:0,(anonymous_1)
FNDA:0,(anonymous_2)
FNDA:0,(anonymous_3)
FNDA:0,(anonymous_4)
FNDA:0,(anonymous_5)
FNDA:0,(anonymous_6)
FNDA:0,(anonymous_7)
FNDA:0,(anonymous_8)
FNDA:0,(anonymous_9)
FNDA:0,(anonymous_10)
FNDA:0,(anonymous_11)
FNDA:0,(anonymous_12)
FNDA:0,(anonymous_13)
FNDA:0,(anonymous_14)
FNDA:0,(anonymous_15)
FNDA:0,(anonymous_16)
FNDA:0,(anonymous_17)
FNDA:0,(anonymous_18)
FNDA:0,(anonymous_19)
FNDA:0,(anonymous_20)
DA:18,0
DA:19,0
DA:22,0
DA:25,0
DA:28,0
DA:29,0
DA:32,0
DA:33,0
DA:37,0
DA:40,0
DA:48,0
DA:49,0
DA:61,0
DA:62,0
DA:64,0
DA:71,0
DA:73,0
DA:74,0
DA:76,0
DA:82,0
DA:83,0
DA:86,0
DA:91,0
DA:94,0
DA:98,0
DA:101,0
DA:114,0
DA:116,0
DA:128,0
DA:129,0
DA:130,0
DA:131,0
DA:136,0
DA:143,0
DA:144,0
DA:145,0
DA:146,0
DA:151,0
DA:152,0
DA:153,0
DA:155,0
DA:158,0
DA:159,0
DA:160,0
DA:161,0
DA:162,0
DA:163,0
DA:166,0
DA:169,0
DA:170,0
DA:177,0
DA:178,0
DA:179,0
DA:183,0
DA:190,0
DA:191,0
DA:202,0
DA:204,0
DA:210,0
DA:216,0
DA:217,0
DA:218,0
DA:221,0
DA:224,0
DA:225,0
DA:237,0
DA:272,0
DA:274,0
DA:275,0
DA:276,0
DA:277,0
DA:278,0
DA:280,0
DA:281,0
DA:285,0
DA:292,0
DA:293,0
DA:296,0
DA:297,0
DA:298,0
DA:299,0
DA:303,0
DA:310,0
DA:311,0
DA:314,0
DA:315,0
DA:329,0
DA:330,0
DA:331,0
DA:334,0
DA:335,0
DA:338,0
DA:341,0
DA:344,0
DA:345,0
DA:351,0
DA:353,0
DA:354,0
DA:357,0
DA:358,0
DA:371,0
DA:372,0
DA:373,0
DA:376,0
DA:377,0
DA:381,0
DA:391,0
DA:394,0
DA:405,0
DA:406,0
DA:408,0
DA:414,0
DA:415,0
DA:418,0
DA:419,0
DA:422,0
DA:423,0
DA:424,0
DA:425,0
DA:426,0
DA:429,0
DA:432,0
DA:433,0
DA:436,0
DA:438,0
DA:448,0
DA:449,0
DA:461,0
DA:462,0
DA:463,0
DA:464,0
DA:467,0
DA:468,0
DA:476,0
DA:477,0
DA:482,0
DA:483,0
DA:486,0
DA:488,0
DA:489,0
DA:501,0
DA:502,0
DA:505,0
DA:511,0
DA:513,0
DA:514,0
DA:515,0
DA:519,0
DA:520,0
DA:521,0
DA:525,0
DA:530,0
DA:531,0
DA:532,0
DA:535,0
DA:536,0
DA:539,0
DA:540,0
DA:548,0
DA:549,0
DA:555,0
DA:556,0
DA:559,0
DA:561,0
DA:562,0
DA:570,0
DA:605,0
DA:606,0
DA:607,0
DA:608,0
DA:610,0
DA:617,0
DA:618,0
DA:621,0
DA:623,0
DA:628,0
DA:635,0
DA:636,0
DA:637,0
DA:638,0
LF:180
LH:0
BRDA:82,0,0,0
BRDA:82,0,1,0
BRDA:130,1,0,0
BRDA:130,1,1,0
BRDA:130,2,0,0
BRDA:130,2,1,0
BRDA:145,3,0,0
BRDA:145,3,1,0
BRDA:152,4,0,0
BRDA:152,4,1,0
BRDA:162,5,0,0
BRDA:162,5,1,0
BRDA:178,6,0,0
BRDA:178,6,1,0
BRDA:206,7,0,0
BRDA:206,7,1,0
BRDA:216,8,0,0
BRDA:216,8,1,0
BRDA:241,9,0,0
BRDA:241,9,1,0
BRDA:249,10,0,0
BRDA:249,10,1,0
BRDA:257,11,0,0
BRDA:257,11,1,0
BRDA:265,12,0,0
BRDA:265,12,1,0
BRDA:298,13,0,0
BRDA:298,13,1,0
BRDA:310,14,0,0
BRDA:310,14,1,0
BRDA:329,15,0,0
BRDA:329,15,1,0
BRDA:334,16,0,0
BRDA:334,16,1,0
BRDA:353,17,0,0
BRDA:353,17,1,0
BRDA:371,18,0,0
BRDA:371,18,1,0
BRDA:405,19,0,0
BRDA:405,19,1,0
BRDA:405,20,0,0
BRDA:405,20,1,0
BRDA:418,21,0,0
BRDA:418,21,1,0
BRDA:422,22,0,0
BRDA:422,22,1,0
BRDA:482,23,0,0
BRDA:482,23,1,0
BRDA:513,24,0,0
BRDA:513,24,1,0
BRDA:513,25,0,0
BRDA:513,25,1,0
BRDA:519,26,0,0
BRDA:519,26,1,0
BRDA:530,27,0,0
BRDA:530,27,1,0
BRDA:530,28,0,0
BRDA:530,28,1,0
BRDA:555,29,0,0
BRDA:555,29,1,0
BRDA:555,30,0,0
BRDA:555,30,1,0
BRDA:604,31,0,0
BRDA:617,32,0,0
BRDA:617,32,1,0
BRF:65
BRH:0
end_of_record
TN:
SF:src\services\relatorioService.js
FN:6,gerarRelatorioAnalisePrecos
FN:24,(anonymous_1)
FN:34,calcularEstatisticasConsolidadas
FN:35,(anonymous_3)
FN:52,(anonymous_4)
FN:53,(anonymous_5)
FN:56,(anonymous_6)
FN:57,(anonymous_7)
FN:60,(anonymous_8)
FN:61,(anonymous_9)
FN:65,(anonymous_10)
FN:73,(anonymous_11)
FN:74,(anonymous_12)
FN:80,(anonymous_13)
FN:83,(anonymous_14)
FN:85,(anonymous_15)
FN:91,gerarHTMLRelatorioAnalise
FN:357,(anonymous_17)
FN:388,(anonymous_18)
FN:406,(anonymous_19)
FN:426,baixarHTML
FN:439,(anonymous_21)
FN:445,formatCurrency
FN:453,formatDate
FN:458,getStatusLabel
FN:469,getStatusBadgeClass
FNF:26
FNH:0
FNDA:0,gerarRelatorioAnalisePrecos
FNDA:0,(anonymous_1)
FNDA:0,calcularEstatisticasConsolidadas
FNDA:0,(anonymous_3)
FNDA:0,(anonymous_4)
FNDA:0,(anonymous_5)
FNDA:0,(anonymous_6)
FNDA:0,(anonymous_7)
FNDA:0,(anonymous_8)
FNDA:0,(anonymous_9)
FNDA:0,(anonymous_10)
FNDA:0,(anonymous_11)
FNDA:0,(anonymous_12)
FNDA:0,(anonymous_13)
FNDA:0,(anonymous_14)
FNDA:0,(anonymous_15)
FNDA:0,gerarHTMLRelatorioAnalise
FNDA:0,(anonymous_17)
FNDA:0,(anonymous_18)
FNDA:0,(anonymous_19)
FNDA:0,baixarHTML
FNDA:0,(anonymous_21)
FNDA:0,formatCurrency
FNDA:0,formatDate
FNDA:0,getStatusLabel
FNDA:0,getStatusBadgeClass
DA:7,0
DA:8,0
DA:12,0
DA:15,0
DA:18,0
DA:19,0
DA:20,0
DA:21,0
DA:24,0
DA:25,0
DA:29,0
DA:35,0
DA:37,0
DA:38,0
DA:51,0
DA:52,0
DA:53,0
DA:55,0
DA:56,0
DA:57,0
DA:59,0
DA:60,0
DA:61,0
DA:64,0
DA:65,0
DA:66,0
DA:67,0
DA:72,0
DA:73,0
DA:74,0
DA:77,0
DA:80,0
DA:83,0
DA:85,0
DA:92,0
DA:93,0
DA:94,0
DA:96,0
DA:357,0
DA:388,0
DA:406,0
DA:427,0
DA:428,0
DA:430,0
DA:431,0
DA:432,0
DA:433,0
DA:435,0
DA:436,0
DA:437,0
DA:439,0
DA:440,0
DA:446,0
DA:447,0
DA:454,0
DA:455,0
DA:459,0
DA:466,0
DA:470,0
DA:477,0
LF:60
LH:0
BRDA:6,0,0,0
BRDA:7,1,0,0
BRDA:7,1,1,0
BRDA:7,2,0,0
BRDA:7,2,1,0
BRDA:19,3,0,0
BRDA:19,3,1,0
BRDA:37,4,0,0
BRDA:37,4,1,0
BRDA:56,5,0,0
BRDA:56,5,1,0
BRDA:66,6,0,0
BRDA:66,6,1,0
BRDA:67,7,0,0
BRDA:67,7,1,0
BRDA:80,8,0,0
BRDA:80,8,1,0
BRDA:81,9,0,0
BRDA:81,9,1,0
BRDA:82,10,0,0
BRDA:82,10,1,0
BRDA:83,11,0,0
BRDA:83,11,1,0
BRDA:359,12,0,0
BRDA:359,12,1,0
BRDA:360,13,0,0
BRDA:360,13,1,0
BRDA:367,14,0,0
BRDA:367,14,1,0
BRDA:376,15,0,0
BRDA:376,15,1,0
BRDA:401,16,0,0
BRDA:401,16,1,0
BRDA:446,17,0,0
BRDA:446,17,1,0
BRDA:454,18,0,0
BRDA:454,18,1,0
BRDA:466,19,0,0
BRDA:466,19,1,0
BRDA:477,20,0,0
BRDA:477,20,1,0
BRF:41
BRH:0
end_of_record
TN:
SF:src\services\supabase.js
FN:9,(anonymous_0)
FNF:1
FNH:0
FNDA:0,(anonymous_0)
DA:3,0
DA:4,0
DA:6,0
DA:9,0
DA:10,0
DA:11,0
DA:12,0
LF:7
LH:0
BRDA:12,0,0,0
BRDA:12,0,1,0
BRF:2
BRH:0
end_of_record
TN:
SF:src\services\tramitacaoProcessosService.js
FN:103,(anonymous_0)
FN:181,(anonymous_1)
FN:264,(anonymous_2)
FN:342,(anonymous_3)
FN:425,(anonymous_4)
FN:497,(anonymous_5)
FN:519,(anonymous_6)
FN:532,(anonymous_7)
FN:610,(anonymous_8)
FN:660,(anonymous_9)
FN:682,(anonymous_10)
FN:761,(anonymous_11)
FN:803,(anonymous_12)
FN:814,(anonymous_13)
FN:846,(anonymous_14)
FN:867,(anonymous_15)
FN:1025,(anonymous_16)
FNF:17
FNH:0
FNDA:0,(anonymous_0)
FNDA:0,(anonymous_1)
FNDA:0,(anonymous_2)
FNDA:0,(anonymous_3)
FNDA:0,(anonymous_4)
FNDA:0,(anonymous_5)
FNDA:0,(anonymous_6)
FNDA:0,(anonymous_7)
FNDA:0,(anonymous_8)
FNDA:0,(anonymous_9)
FNDA:0,(anonymous_10)
FNDA:0,(anonymous_11)
FNDA:0,(anonymous_12)
FNDA:0,(anonymous_13)
FNDA:0,(anonymous_14)
FNDA:0,(anonymous_15)
FNDA:0,(anonymous_16)
DA:14,0
DA:40,0
DA:55,0
DA:104,0
DA:105,0
DA:108,0
DA:114,0
DA:117,0
DA:119,0
DA:120,0
DA:124,0
DA:131,0
DA:134,0
DA:135,0
DA:136,0
DA:139,0
DA:140,0
DA:148,0
DA:149,0
DA:152,0
DA:153,0
DA:158,0
DA:161,0
DA:163,0
DA:165,0
DA:173,0
DA:174,0
DA:182,0
DA:183,0
DA:186,0
DA:192,0
DA:195,0
DA:202,0
DA:205,0
DA:206,0
DA:207,0
DA:210,0
DA:211,0
DA:219,0
DA:220,0
DA:223,0
DA:224,0
DA:229,0
DA:238,0
DA:245,0
DA:247,0
DA:256,0
DA:257,0
DA:265,0
DA:266,0
DA:269,0
DA:275,0
DA:278,0
DA:282,0
DA:284,0
DA:286,0
DA:287,0
DA:288,0
DA:290,0
DA:291,0
DA:292,0
DA:294,0
DA:295,0
DA:296,0
DA:299,0
DA:300,0
DA:304,0
DA:315,0
DA:318,0
DA:321,0
DA:323,0
DA:325,0
DA:334,0
DA:335,0
DA:343,0
DA:344,0
DA:347,0
DA:353,0
DA:359,0
DA:361,0
DA:362,0
DA:363,0
DA:365,0
DA:366,0
DA:367,0
DA:369,0
DA:370,0
DA:371,0
DA:373,0
DA:377,0
DA:388,0
DA:391,0
DA:400,0
DA:407,0
DA:409,0
DA:417,0
DA:418,0
DA:426,0
DA:427,0
DA:430,0
DA:436,0
DA:439,0
DA:442,0
DA:444,0
DA:445,0
DA:447,0
DA:448,0
DA:450,0
DA:451,0
DA:453,0
DA:454,0
DA:456,0
DA:460,0
DA:467,0
DA:470,0
DA:473,0
DA:475,0
DA:477,0
DA:485,0
DA:486,0
DA:499,0
DA:502,0
DA:503,0
DA:506,0
DA:507,0
DA:509,0
DA:510,0
DA:513,0
DA:520,0
DA:525,0
DA:533,0
DA:536,0
DA:537,0
DA:538,0
DA:546,0
DA:549,0
DA:554,0
DA:559,0
DA:563,0
DA:568,0
DA:573,0
DA:577,0
DA:582,0
DA:587,0
DA:591,0
DA:596,0
DA:601,0
DA:604,0
DA:611,0
DA:613,0
DA:614,0
DA:615,0
DA:618,0
DA:619,0
DA:622,0
DA:623,0
DA:624,0
DA:628,0
DA:629,0
DA:643,0
DA:650,0
DA:652,0
DA:653,0
DA:661,0
DA:663,0
DA:665,0
DA:666,0
DA:667,0
DA:670,0
DA:672,0
DA:673,0
DA:676,0
DA:677,0
DA:680,0
DA:681,0
DA:682,0
DA:683,0
DA:684,0
DA:686,0
DA:688,0
DA:689,0
DA:690,0
DA:692,0
DA:693,0
DA:694,0
DA:696,0
DA:697,0
DA:698,0
DA:700,0
DA:701,0
DA:702,0
DA:705,0
DA:716,0
DA:717,0
DA:719,0
DA:720,0
DA:721,0
DA:728,0
DA:733,0
DA:734,0
DA:735,0
DA:742,0
DA:746,0
DA:747,0
DA:754,0
DA:755,0
DA:762,0
DA:797,0
DA:804,0
DA:805,0
DA:807,0
DA:808,0
DA:815,0
DA:816,0
DA:817,0
DA:818,0
DA:820,0
DA:833,0
DA:834,0
DA:838,0
DA:847,0
DA:848,0
DA:850,0
DA:853,0
DA:859,0
DA:861,0
DA:862,0
DA:863,0
DA:867,0
DA:869,0
DA:871,0
DA:874,0
DA:876,0
DA:878,0
DA:880,0
DA:882,0
DA:883,0
DA:884,0
DA:885,0
DA:888,0
DA:890,0
DA:891,0
DA:898,0
DA:899,0
DA:902,0
DA:910,0
DA:911,0
DA:913,0
DA:914,0
DA:919,0
DA:920,0
DA:921,0
DA:922,0
DA:924,0
DA:934,0
DA:935,0
DA:936,0
DA:937,0
DA:939,0
DA:940,0
DA:945,0
DA:946,0
DA:947,0
DA:950,0
DA:954,0
DA:967,0
DA:978,0
DA:979,0
DA:980,0
DA:981,0
DA:984,0
DA:988,0
DA:989,0
DA:991,0
DA:992,0
DA:993,0
DA:999,0
DA:1003,0
DA:1004,0
DA:1007,0
DA:1016,0
DA:1017,0
DA:1026,0
DA:1027,0
DA:1030,0
DA:1036,0
DA:1038,0
DA:1039,0
DA:1042,0
DA:1045,0
DA:1047,0
DA:1050,0
DA:1051,0
LF:293
LH:0
BRDA:103,0,0,0
BRDA:114,1,0,0
BRDA:114,1,1,0
BRDA:119,2,0,0
BRDA:119,2,1,0
BRDA:131,3,0,0
BRDA:131,3,1,0
BRDA:134,4,0,0
BRDA:134,4,1,0
BRDA:148,5,0,0
BRDA:148,5,1,0
BRDA:181,6,0,0
BRDA:192,7,0,0
BRDA:192,7,1,0
BRDA:202,8,0,0
BRDA:202,8,1,0
BRDA:205,9,0,0
BRDA:205,9,1,0
BRDA:219,10,0,0
BRDA:219,10,1,0
BRDA:264,11,0,0
BRDA:275,12,0,0
BRDA:275,12,1,0
BRDA:284,13,0,0
BRDA:284,13,1,0
BRDA:284,13,2,0
BRDA:284,13,3,0
BRDA:299,14,0,0
BRDA:299,14,1,0
BRDA:315,15,0,0
BRDA:315,15,1,0
BRDA:342,16,0,0
BRDA:353,17,0,0
BRDA:353,17,1,0
BRDA:359,18,0,0
BRDA:359,18,1,0
BRDA:359,18,2,0
BRDA:359,18,3,0
BRDA:388,19,0,0
BRDA:388,19,1,0
BRDA:425,20,0,0
BRDA:436,21,0,0
BRDA:436,21,1,0
BRDA:442,22,0,0
BRDA:442,22,1,0
BRDA:442,22,2,0
BRDA:442,22,3,0
BRDA:442,22,4,0
BRDA:467,23,0,0
BRDA:467,23,1,0
BRDA:502,24,0,0
BRDA:502,24,1,0
BRDA:506,25,0,0
BRDA:506,25,1,0
BRDA:509,26,0,0
BRDA:509,26,1,0
BRDA:509,27,0,0
BRDA:509,27,1,0
BRDA:525,28,0,0
BRDA:525,28,1,0
BRDA:537,29,0,0
BRDA:537,29,1,0
BRDA:546,30,0,0
BRDA:546,30,1,0
BRDA:546,30,2,0
BRDA:546,30,3,0
BRDA:613,31,0,0
BRDA:613,31,1,0
BRDA:622,32,0,0
BRDA:622,32,1,0
BRDA:628,33,0,0
BRDA:628,33,1,0
BRDA:665,34,0,0
BRDA:665,34,1,0
BRDA:680,35,0,0
BRDA:680,35,1,0
BRDA:686,36,0,0
BRDA:686,36,1,0
BRDA:686,36,2,0
BRDA:686,36,3,0
BRDA:719,37,0,0
BRDA:719,37,1,0
BRDA:733,38,0,0
BRDA:733,38,1,0
BRDA:797,39,0,0
BRDA:797,39,1,0
BRDA:805,40,0,0
BRDA:805,40,1,0
BRDA:814,41,0,0
BRDA:833,42,0,0
BRDA:833,42,1,0
BRDA:859,43,0,0
BRDA:859,43,1,0
BRDA:861,44,0,0
BRDA:861,44,1,0
BRDA:861,45,0,0
BRDA:861,45,1,0
BRDA:869,46,0,0
BRDA:869,46,1,0
BRDA:880,47,0,0
BRDA:880,47,1,0
BRDA:882,48,0,0
BRDA:882,48,1,0
BRDA:890,49,0,0
BRDA:890,49,1,0
BRDA:898,50,0,0
BRDA:898,50,1,0
BRDA:898,51,0,0
BRDA:898,51,1,0
BRDA:910,52,0,0
BRDA:910,52,1,0
BRDA:919,53,0,0
BRDA:919,53,1,0
BRDA:920,54,0,0
BRDA:920,54,1,0
BRDA:921,55,0,0
BRDA:921,55,1,0
BRDA:922,56,0,0
BRDA:922,56,1,0
BRDA:934,57,0,0
BRDA:934,57,1,0
BRDA:934,58,0,0
BRDA:934,58,1,0
BRDA:936,59,0,0
BRDA:936,59,1,0
BRDA:939,60,0,0
BRDA:939,60,1,0
BRDA:945,61,0,0
BRDA:945,61,1,0
BRDA:972,62,0,0
BRDA:972,62,1,0
BRDA:972,62,2,0
BRDA:978,63,0,0
BRDA:978,63,1,0
BRDA:988,64,0,0
BRDA:988,64,1,0
BRDA:992,65,0,0
BRDA:992,65,1,0
BRDA:1036,66,0,0
BRDA:1036,66,1,0
BRDA:1038,67,0,0
BRDA:1038,67,1,0
BRF:142
BRH:0
end_of_record
TN:
SF:src\services\wordToPdfService.js
FN:19,(anonymous_0)
FN:30,(anonymous_1)
FN:36,(anonymous_2)
FN:37,(anonymous_3)
FN:38,(anonymous_4)
FN:39,(anonymous_5)
FN:40,(anonymous_6)
FN:41,(anonymous_7)
FN:66,(anonymous_8)
FN:95,(anonymous_9)
FN:136,(anonymous_10)
FN:223,(anonymous_11)
FN:227,(anonymous_12)
FN:240,(anonymous_13)
FN:256,(anonymous_14)
FN:275,(anonymous_15)
FN:304,(anonymous_16)
FN:335,(anonymous_17)
FN:336,(anonymous_18)
FN:369,(anonymous_19)
FN:396,(anonymous_20)
FN:415,(anonymous_21)
FN:424,(anonymous_22)
FN:434,(anonymous_23)
FN:443,(anonymous_24)
FN:456,(anonymous_25)
FN:698,(anonymous_26)
FN:724,(anonymous_27)
FN:750,(anonymous_28)
FN:779,(anonymous_29)
FN:840,(anonymous_30)
FN:870,(anonymous_31)
FN:871,(anonymous_32)
FN:900,(anonymous_33)
FN:1196,(anonymous_34)
FN:1216,(anonymous_35)
FN:1234,(anonymous_36)
FN:1304,(anonymous_37)
FN:1356,(anonymous_38)
FN:1428,(anonymous_39)
FN:1454,(anonymous_40)
FN:1487,(anonymous_41)
FN:1529,(anonymous_42)
FN:1586,(anonymous_43)
FN:1650,(anonymous_44)
FN:1687,(anonymous_45)
FN:1740,(anonymous_46)
FN:1780,convertWordToPdf
FN:1798,convertWordToPdfWithLibreOffice
FN:1812,convertWordToPdfPerfect
FN:1817,(anonymous_50)
FN:1818,(anonymous_51)
FN:1819,(anonymous_52)
FN:1820,(anonymous_53)
FNF:54
FNH:0
FNDA:0,(anonymous_0)
FNDA:0,(anonymous_1)
FNDA:0,(anonymous_2)
FNDA:0,(anonymous_3)
FNDA:0,(anonymous_4)
FNDA:0,(anonymous_5)
FNDA:0,(anonymous_6)
FNDA:0,(anonymous_7)
FNDA:0,(anonymous_8)
FNDA:0,(anonymous_9)
FNDA:0,(anonymous_10)
FNDA:0,(anonymous_11)
FNDA:0,(anonymous_12)
FNDA:0,(anonymous_13)
FNDA:0,(anonymous_14)
FNDA:0,(anonymous_15)
FNDA:0,(anonymous_16)
FNDA:0,(anonymous_17)
FNDA:0,(anonymous_18)
FNDA:0,(anonymous_19)
FNDA:0,(anonymous_20)
FNDA:0,(anonymous_21)
FNDA:0,(anonymous_22)
FNDA:0,(anonymous_23)
FNDA:0,(anonymous_24)
FNDA:0,(anonymous_25)
FNDA:0,(anonymous_26)
FNDA:0,(anonymous_27)
FNDA:0,(anonymous_28)
FNDA:0,(anonymous_29)
FNDA:0,(anonymous_30)
FNDA:0,(anonymous_31)
FNDA:0,(anonymous_32)
FNDA:0,(anonymous_33)
FNDA:0,(anonymous_34)
FNDA:0,(anonymous_35)
FNDA:0,(anonymous_36)
FNDA:0,(anonymous_37)
FNDA:0,(anonymous_38)
FNDA:0,(anonymous_39)
FNDA:0,(anonymous_40)
FNDA:0,(anonymous_41)
FNDA:0,(anonymous_42)
FNDA:0,(anonymous_43)
FNDA:0,(anonymous_44)
FNDA:0,(anonymous_45)
FNDA:0,(anonymous_46)
FNDA:0,convertWordToPdf
FNDA:0,convertWordToPdfWithLibreOffice
FNDA:0,convertWordToPdfPerfect
FNDA:0,(anonymous_50)
FNDA:0,(anonymous_51)
FNDA:0,(anonymous_52)
FNDA:0,(anonymous_53)
DA:20,0
DA:21,0
DA:22,0
DA:23,0
DA:24,0
DA:31,0
DA:32,0
DA:35,0
DA:36,0
DA:37,0
DA:38,0
DA:39,0
DA:40,0
DA:41,0
DA:44,0
DA:45,0
DA:46,0
DA:47,0
DA:48,0
DA:49,0
DA:50,0
DA:53,0
DA:54,0
DA:59,0
DA:60,0
DA:67,0
DA:68,0
DA:71,0
DA:72,0
DA:75,0
DA:76,0
DA:79,0
DA:81,0
DA:82,0
DA:85,0
DA:88,0
DA:96,0
DA:97,0
DA:100,0
DA:102,0
DA:103,0
DA:107,0
DA:108,0
DA:109,0
DA:110,0
DA:112,0
DA:117,0
DA:118,0
DA:121,0
DA:123,0
DA:129,0
DA:137,0
DA:138,0
DA:141,0
DA:143,0
DA:144,0
DA:147,0
DA:148,0
DA:151,0
DA:152,0
DA:158,0
DA:159,0
DA:160,0
DA:161,0
DA:164,0
DA:165,0
DA:166,0
DA:167,0
DA:168,0
DA:169,0
DA:172,0
DA:173,0
DA:174,0
DA:177,0
DA:210,0
DA:211,0
DA:212,0
DA:217,0
DA:220,0
DA:223,0
DA:224,0
DA:226,0
DA:227,0
DA:228,0
DA:230,0
DA:232,0
DA:238,0
DA:239,0
DA:240,0
DA:242,0
DA:248,0
DA:251,0
DA:252,0
DA:256,0
DA:257,0
DA:259,0
DA:260,0
DA:262,0
DA:268,0
DA:276,0
DA:277,0
DA:280,0
DA:282,0
DA:283,0
DA:287,0
DA:290,0
DA:291,0
DA:294,0
DA:297,0
DA:305,0
DA:306,0
DA:308,0
DA:310,0
DA:311,0
DA:314,0
DA:336,0
DA:337,0
DA:345,0
DA:347,0
DA:348,0
DA:352,0
DA:353,0
DA:354,0
DA:356,0
DA:362,0
DA:370,0
DA:371,0
DA:372,0
DA:375,0
DA:377,0
DA:383,0
DA:384,0
DA:385,0
DA:387,0
DA:389,0
DA:397,0
DA:400,0
DA:401,0
DA:405,0
DA:406,0
DA:409,0
DA:418,0
DA:426,0
DA:435,0
DA:445,0
DA:447,0
DA:457,0
DA:459,0
DA:692,0
DA:699,0
DA:700,0
DA:703,0
DA:704,0
DA:716,0
DA:718,0
DA:719,0
DA:720,0
DA:721,0
DA:724,0
DA:725,0
DA:726,0
DA:729,0
DA:732,0
DA:752,0
DA:753,0
DA:757,0
DA:759,0
DA:766,0
DA:767,0
DA:772,0
DA:780,0
DA:781,0
DA:783,0
DA:790,0
DA:791,0
DA:792,0
DA:794,0
DA:795,0
DA:798,0
DA:799,0
DA:800,0
DA:802,0
DA:803,0
DA:805,0
DA:806,0
DA:807,0
DA:810,0
DA:811,0
DA:813,0
DA:824,0
DA:827,0
DA:828,0
DA:830,0
DA:833,0
DA:841,0
DA:842,0
DA:844,0
DA:845,0
DA:846,0
DA:849,0
DA:850,0
DA:853,0
DA:871,0
DA:872,0
DA:879,0
DA:881,0
DA:882,0
DA:885,0
DA:886,0
DA:887,0
DA:890,0
DA:893,0
DA:901,0
DA:904,0
DA:1189,0
DA:1190,0
DA:1197,0
DA:1198,0
DA:1201,0
DA:1204,0
DA:1207,0
DA:1208,0
DA:1209,0
DA:1217,0
DA:1220,0
DA:1228,0
DA:1235,0
DA:1236,0
DA:1239,0
DA:1240,0
DA:1252,0
DA:1254,0
DA:1256,0
DA:1299,0
DA:1300,0
DA:1301,0
DA:1304,0
DA:1305,0
DA:1306,0
DA:1309,0
DA:1311,0
DA:1314,0
DA:1334,0
DA:1336,0
DA:1343,0
DA:1344,0
DA:1349,0
DA:1357,0
DA:1429,0
DA:1430,0
DA:1433,0
DA:1434,0
DA:1436,0
DA:1451,0
DA:1453,0
DA:1454,0
DA:1456,0
DA:1464,0
DA:1466,0
DA:1473,0
DA:1474,0
DA:1479,0
DA:1480,0
DA:1488,0
DA:1489,0
DA:1490,0
DA:1497,0
DA:1498,0
DA:1501,0
DA:1508,0
DA:1509,0
DA:1510,0
DA:1513,0
DA:1514,0
DA:1517,0
DA:1518,0
DA:1519,0
DA:1521,0
DA:1524,0
DA:1525,0
DA:1528,0
DA:1529,0
DA:1530,0
DA:1531,0
DA:1532,0
DA:1536,0
DA:1537,0
DA:1540,0
DA:1541,0
DA:1542,0
DA:1546,0
DA:1547,0
DA:1548,0
DA:1550,0
DA:1552,0
DA:1555,0
DA:1566,0
DA:1571,0
DA:1572,0
DA:1574,0
DA:1577,0
DA:1578,0
DA:1579,0
DA:1587,0
DA:1589,0
DA:1590,0
DA:1593,0
DA:1594,0
DA:1595,0
DA:1598,0
DA:1599,0
DA:1601,0
DA:1604,0
DA:1606,0
DA:1607,0
DA:1611,0
DA:1612,0
DA:1614,0
DA:1615,0
DA:1616,0
DA:1620,0
DA:1621,0
DA:1622,0
DA:1623,0
DA:1627,0
DA:1632,0
DA:1634,0
DA:1637,0
DA:1638,0
DA:1639,0
DA:1643,0
DA:1644,0
DA:1652,0
DA:1660,0
DA:1661,0
DA:1662,0
DA:1665,0
DA:1667,0
DA:1669,0
DA:1670,0
DA:1672,0
DA:1681,0
DA:1688,0
DA:1690,0
DA:1692,0
DA:1695,0
DA:1696,0
DA:1697,0
DA:1699,0
DA:1700,0
DA:1701,0
DA:1704,0
DA:1705,0
DA:1706,0
DA:1707,0
DA:1716,0
DA:1717,0
DA:1718,0
DA:1719,0
DA:1721,0
DA:1722,0
DA:1724,0
DA:1725,0
DA:1726,0
DA:1727,0
DA:1730,0
DA:1731,0
DA:1732,0
DA:1734,0
DA:1741,0
DA:1742,0
DA:1746,0
DA:1747,0
DA:1750,0
DA:1753,0
DA:1754,0
DA:1757,0
DA:1765,0
DA:1771,0
DA:1777,0
DA:1781,0
DA:1782,0
DA:1784,0
DA:1785,0
DA:1786,0
DA:1799,0
DA:1800,0
DA:1801,0
DA:1803,0
DA:1804,0
DA:1813,0
DA:1816,0
DA:1817,0
DA:1818,0
DA:1819,0
DA:1820,0
DA:1823,0
DA:1824,0
DA:1825,0
DA:1826,0
DA:1827,0
DA:1830,0
DA:1831,0
DA:1836,0
LF:404
LH:0
BRDA:30,0,0,0
BRDA:48,1,0,0
BRDA:48,1,1,0
BRDA:48,2,0,0
BRDA:48,2,1,0
BRDA:81,3,0,0
BRDA:81,3,1,0
BRDA:102,4,0,0
BRDA:102,4,1,0
BRDA:117,5,0,0
BRDA:117,5,1,0
BRDA:143,6,0,0
BRDA:143,6,1,0
BRDA:158,7,0,0
BRDA:158,7,1,0
BRDA:166,8,0,0
BRDA:166,8,1,0
BRDA:167,9,0,0
BRDA:167,9,1,0
BRDA:168,10,0,0
BRDA:168,10,1,0
BRDA:169,11,0,0
BRDA:169,11,1,0
BRDA:210,12,0,0
BRDA:210,12,1,0
BRDA:239,13,0,0
BRDA:239,13,1,0
BRDA:251,14,0,0
BRDA:251,14,1,0
BRDA:282,15,0,0
BRDA:282,15,1,0
BRDA:347,16,0,0
BRDA:347,16,1,0
BRDA:347,17,0,0
BRDA:347,17,1,0
BRDA:371,18,0,0
BRDA:371,18,1,0
BRDA:371,19,0,0
BRDA:371,19,1,0
BRDA:371,19,2,0
BRDA:384,20,0,0
BRDA:384,20,1,0
BRDA:400,21,0,0
BRDA:400,21,1,0
BRDA:400,22,0,0
BRDA:400,22,1,0
BRDA:405,23,0,0
BRDA:405,23,1,0
BRDA:405,24,0,0
BRDA:405,24,1,0
BRDA:426,25,0,0
BRDA:426,25,1,0
BRDA:426,25,2,0
BRDA:435,26,0,0
BRDA:435,26,1,0
BRDA:435,26,2,0
BRDA:447,27,0,0
BRDA:447,27,1,0
BRDA:447,27,2,0
BRDA:447,27,3,0
BRDA:766,28,0,0
BRDA:766,28,1,0
BRDA:766,29,0,0
BRDA:766,29,1,0
BRDA:806,30,0,0
BRDA:806,30,1,0
BRDA:845,31,0,0
BRDA:845,31,1,0
BRDA:881,32,0,0
BRDA:881,32,1,0
BRDA:881,33,0,0
BRDA:881,33,1,0
BRDA:886,34,0,0
BRDA:886,34,1,0
BRDA:1343,35,0,0
BRDA:1343,35,1,0
BRDA:1343,36,0,0
BRDA:1343,36,1,0
BRDA:1473,37,0,0
BRDA:1473,37,1,0
BRDA:1473,38,0,0
BRDA:1473,38,1,0
BRDA:1497,39,0,0
BRDA:1497,39,1,0
BRDA:1497,40,0,0
BRDA:1497,40,1,0
BRDA:1541,41,0,0
BRDA:1541,41,1,0
BRDA:1550,42,0,0
BRDA:1550,42,1,0
BRDA:1604,43,0,0
BRDA:1604,43,1,0
BRDA:1614,44,0,0
BRDA:1614,44,1,0
BRDA:1621,45,0,0
BRDA:1621,45,1,0
BRDA:1621,46,0,0
BRDA:1621,46,1,0
BRDA:1637,47,0,0
BRDA:1637,47,1,0
BRDA:1665,48,0,0
BRDA:1665,48,1,0
BRDA:1669,49,0,0
BRDA:1669,49,1,0
BRDA:1826,50,0,0
BRDA:1826,50,1,0
BRDA:1826,51,0,0
BRDA:1826,51,1,0
BRDA:1826,51,2,0
BRF:109
BRH:0
end_of_record
TN:
SF:src\store\index.js
FN:14,(anonymous_0)
FN:17,(anonymous_1)
FN:20,(anonymous_2)
FN:25,(anonymous_3)
FN:43,(anonymous_4)
FN:48,(anonymous_5)
FN:49,(anonymous_6)
FN:50,(anonymous_7)
FN:51,(anonymous_8)
FNF:9
FNH:0
FNDA:0,(anonymous_0)
FNDA:0,(anonymous_1)
FNDA:0,(anonymous_2)
FNDA:0,(anonymous_3)
FNDA:0,(anonymous_4)
FNDA:0,(anonymous_5)
FNDA:0,(anonymous_6)
FNDA:0,(anonymous_7)
FNDA:0,(anonymous_8)
DA:5,0
DA:15,0
DA:18,0
DA:21,0
DA:26,0
DA:27,0
DA:28,0
DA:30,0
DA:32,0
DA:38,0
DA:39,0
DA:44,0
DA:48,0
DA:49,0
DA:50,0
DA:51,0
LF:16
LH:0
BRDA:30,0,0,0
BRDA:30,0,1,0
BRDA:38,1,0,0
BRDA:38,1,1,0
BRDA:38,2,0,0
BRDA:38,2,1,0
BRF:6
BRH:0
end_of_record
